OK: Com_CbkCounterErr_L2_477      ../OutputFiles/ASW_list/ASW_Callback_list/list_callback_asil_asw.txt   15:Com_CbkCounterErr_L2_477
OK: Com_CbkCounterErr_L2_47D      ../OutputFiles/ASW_list/ASW_Callback_list/list_callback_asil_asw.txt   32:Com_CbkCounterErr_L2_47D
OK: Com_CbkCounterErr_L2_453      ../OutputFiles/ASW_list/ASW_Callback_list/list_callback_asil_asw.txt   21:Com_CbkCounterErr_L2_453
OK: Com_CbkCounterErr_L2_28A      ../OutputFiles/ASW_list/ASW_Callback_list/list_callback_asil_asw.txt   37:Com_CbkCounterErr_L2_28A
OK: Com_CbkCounterErr_L2_0A6      ../OutputFiles/ASW_list/ASW_Callback_list/list_callback_asil_asw.txt   52:Com_CbkCounterErr_L2_0A6
OK: Com_CbkCounterErr_L2_0A5      ../OutputFiles/ASW_list/ASW_Callback_list/list_callback_asil_asw.txt   55:Com_CbkCounterErr_L2_0A5
OK: Com_CbkCounterErr_L2_1C6      ../OutputFiles/ASW_list/ASW_Callback_list/list_callback_asil_asw.txt   44:Com_CbkCounterErr_L2_1C6
OK: Com_CbkCounterErr_L2_203      ../OutputFiles/ASW_list/ASW_Callback_list/list_callback_asil_asw.txt   18:Com_CbkCounterErr_L2_203
OK: Com_CbkInv_L2_477_01      ../OutputFiles/ASW_list/ASW_Callback_list/list_callback_asil_asw.txt   13:Com_CbkInv_L2_477_01
OK: Com_CbkInv_L2_47D_03      ../OutputFiles/ASW_list/ASW_Callback_list/list_callback_asil_asw.txt   28:Com_CbkInv_L2_47D_03
OK: Com_CbkInv_L2_47D_02      ../OutputFiles/ASW_list/ASW_Callback_list/list_callback_asil_asw.txt   27:Com_CbkInv_L2_47D_02
OK: Com_CbkInv_L2_47D_01      ../OutputFiles/ASW_list/ASW_Callback_list/list_callback_asil_asw.txt   26:Com_CbkInv_L2_47D_01
OK: Com_CbkInv_L2_25F_01      ../OutputFiles/ASW_list/ASW_Callback_list/list_callback_asil_asw.txt   4:Com_CbkInv_L2_25F_01
OK: Com_CbkInv_L2_47C_02      ../OutputFiles/ASW_list/ASW_Callback_list/list_callback_asil_asw.txt   23:Com_CbkInv_L2_47C_02
OK: Com_CbkInv_L2_47C_01      ../OutputFiles/ASW_list/ASW_Callback_list/list_callback_asil_asw.txt   22:Com_CbkInv_L2_47C_01
OK: Com_CbkInv_L2_28A_01      ../OutputFiles/ASW_list/ASW_Callback_list/list_callback_asil_asw.txt   33:Com_CbkInv_L2_28A_01
OK: Com_CbkInv_L2_28A_02      ../OutputFiles/ASW_list/ASW_Callback_list/list_callback_asil_asw.txt   34:Com_CbkInv_L2_28A_02
OK: Com_CbkInv_L2_25B_03      ../OutputFiles/ASW_list/ASW_Callback_list/list_callback_asil_asw.txt   7:Com_CbkInv_L2_25B_03
OK: Com_CbkInv_L2_0A6_01      ../OutputFiles/ASW_list/ASW_Callback_list/list_callback_asil_asw.txt   50:Com_CbkInv_L2_0A6_01
OK: Com_CbkInv_L2_0A3_01      ../OutputFiles/ASW_list/ASW_Callback_list/list_callback_asil_asw.txt   1:Com_CbkInv_L2_0A3_01
OK: Com_CbkInv_L2_0A5_01      ../OutputFiles/ASW_list/ASW_Callback_list/list_callback_asil_asw.txt   53:Com_CbkInv_L2_0A5_01
OK: Com_CbkInv_L2_1C6_01      ../OutputFiles/ASW_list/ASW_Callback_list/list_callback_asil_asw.txt   38:Com_CbkInv_L2_1C6_01
OK: Com_CbkInv_L2_1C6_03      ../OutputFiles/ASW_list/ASW_Callback_list/list_callback_asil_asw.txt   40:Com_CbkInv_L2_1C6_03
OK: Com_CbkInv_L2_1C6_02      ../OutputFiles/ASW_list/ASW_Callback_list/list_callback_asil_asw.txt   39:Com_CbkInv_L2_1C6_02
OK: Com_CbkRxAck_L2_47D_03      ../OutputFiles/ASW_list/ASW_Callback_list/list_callback_asil_asw.txt   31:Com_CbkRxAck_L2_47D_03
OK: Com_CbkRxAck_L2_47D_02      ../OutputFiles/ASW_list/ASW_Callback_list/list_callback_asil_asw.txt   30:Com_CbkRxAck_L2_47D_02
OK: Com_CbkRxAck_L2_47D_01      ../OutputFiles/ASW_list/ASW_Callback_list/list_callback_asil_asw.txt   29:Com_CbkRxAck_L2_47D_01
OK: Com_CbkRxAck_L2_25F_01      ../OutputFiles/ASW_list/ASW_Callback_list/list_callback_asil_asw.txt   5:Com_CbkRxAck_L2_25F_01
OK: Com_CbkRxAck_L2_47C_02      ../OutputFiles/ASW_list/ASW_Callback_list/list_callback_asil_asw.txt   25:Com_CbkRxAck_L2_47C_02
OK: Com_CbkRxAck_L2_47C_01      ../OutputFiles/ASW_list/ASW_Callback_list/list_callback_asil_asw.txt   24:Com_CbkRxAck_L2_47C_01
OK: Com_CbkRxAck_L2_28A_01      ../OutputFiles/ASW_list/ASW_Callback_list/list_callback_asil_asw.txt   35:Com_CbkRxAck_L2_28A_01
OK: Com_CbkRxAck_L2_28A_02      ../OutputFiles/ASW_list/ASW_Callback_list/list_callback_asil_asw.txt   36:Com_CbkRxAck_L2_28A_02
OK: Com_CbkRxAck_L2_25B_03      ../OutputFiles/ASW_list/ASW_Callback_list/list_callback_asil_asw.txt   8:Com_CbkRxAck_L2_25B_03
OK: Com_CbkRxAck_L2_0A6_01      ../OutputFiles/ASW_list/ASW_Callback_list/list_callback_asil_asw.txt   51:Com_CbkRxAck_L2_0A6_01
OK: Com_CbkRxAck_L2_0A3_01      ../OutputFiles/ASW_list/ASW_Callback_list/list_callback_asil_asw.txt   2:Com_CbkRxAck_L2_0A3_01
OK: Com_CbkRxAck_L2_107_01      ../OutputFiles/ASW_list/ASW_Callback_list/list_callback_asil_asw.txt   11:Com_CbkRxAck_L2_107_01
OK: Com_CbkRxAck_L2_0A5_01      ../OutputFiles/ASW_list/ASW_Callback_list/list_callback_asil_asw.txt   54:Com_CbkRxAck_L2_0A5_01
OK: Com_CbkRxAck_L2_1C6_01      ../OutputFiles/ASW_list/ASW_Callback_list/list_callback_asil_asw.txt   41:Com_CbkRxAck_L2_1C6_01
OK: Com_CbkRxAck_L2_1C6_03      ../OutputFiles/ASW_list/ASW_Callback_list/list_callback_asil_asw.txt   43:Com_CbkRxAck_L2_1C6_03
OK: Com_CbkRxAck_L2_1C6_02      ../OutputFiles/ASW_list/ASW_Callback_list/list_callback_asil_asw.txt   42:Com_CbkRxAck_L2_1C6_02
OK: Com_CbkRxAck_L2_203_01      ../OutputFiles/ASW_list/ASW_Callback_list/list_callback_asil_asw.txt   17:Com_CbkRxAck_L2_203_01
OK: Com_CbkCounterErr_020      ../OutputFiles/ASW_list/ASW_Callback_list/list_callback_qm_asw.txt   940:Com_CbkCounterErr_020
OK: Com_CbkCounterErr_12A      ../OutputFiles/ASW_list/ASW_Callback_list/list_callback_qm_asw.txt   108:Com_CbkCounterErr_12A
OK: Com_CbkCounterErr_0B8      ../OutputFiles/ASW_list/ASW_Callback_list/list_callback_qm_asw.txt   113:Com_CbkCounterErr_0B8
OK: Com_CbkCounterErr_0B9      ../OutputFiles/ASW_list/ASW_Callback_list/list_callback_qm_asw.txt   128:Com_CbkCounterErr_0B9
OK: Com_CbkCounterErr_2D2      ../OutputFiles/ASW_list/ASW_Callback_list/list_callback_qm_asw.txt   141:Com_CbkCounterErr_2D2
OK: Com_CbkCounterErr_3B0      ../OutputFiles/ASW_list/ASW_Callback_list/list_callback_qm_asw.txt   288:Com_CbkCounterErr_3B0
OK: Com_CbkCounterErr_477      ../OutputFiles/ASW_list/ASW_Callback_list/list_callback_qm_asw.txt   305:Com_CbkCounterErr_477
OK: Com_CbkCounterErr_47A      ../OutputFiles/ASW_list/ASW_Callback_list/list_callback_qm_asw.txt   330:Com_CbkCounterErr_47A
OK: Com_CbkCounterErr_456      ../OutputFiles/ASW_list/ASW_Callback_list/list_callback_qm_asw.txt   335:Com_CbkCounterErr_456
OK: Com_CbkCounterErr_062      ../OutputFiles/ASW_list/ASW_Callback_list/list_callback_qm_asw.txt   428:Com_CbkCounterErr_062
OK: Com_CbkCounterErr_453      ../OutputFiles/ASW_list/ASW_Callback_list/list_callback_qm_asw.txt   449:Com_CbkCounterErr_453
OK: Com_CbkCounterErr_202      ../OutputFiles/ASW_list/ASW_Callback_list/list_callback_qm_asw.txt   46:Com_CbkCounterErr_202
OK: Com_CbkCounterErr_28A      ../OutputFiles/ASW_list/ASW_Callback_list/list_callback_qm_asw.txt   923:Com_CbkCounterErr_28A
OK: Com_CbkCounterErr_0FF      ../OutputFiles/ASW_list/ASW_Callback_list/list_callback_qm_asw.txt   51:Com_CbkCounterErr_0FF
OK: Com_CbkCounterErr_0AB      ../OutputFiles/ASW_list/ASW_Callback_list/list_callback_qm_asw.txt   82:Com_CbkCounterErr_0AB
OK: Com_CbkCounterErr_09F      ../OutputFiles/ASW_list/ASW_Callback_list/list_callback_qm_asw.txt   63:Com_CbkCounterErr_09F
OK: Com_CbkCounterErr_107      ../OutputFiles/ASW_list/ASW_Callback_list/list_callback_qm_asw.txt   220:Com_CbkCounterErr_107
OK: Com_CbkCounterErr_12F      ../OutputFiles/ASW_list/ASW_Callback_list/list_callback_qm_asw.txt   239:Com_CbkCounterErr_12F
OK: Com_CbkCounterErr_158      ../OutputFiles/ASW_list/ASW_Callback_list/list_callback_qm_asw.txt   262:Com_CbkCounterErr_158
OK: Com_CbkCounterErr_104      ../OutputFiles/ASW_list/ASW_Callback_list/list_callback_qm_asw.txt   267:Com_CbkCounterErr_104
OK: Com_CbkCounterErr_203      ../OutputFiles/ASW_list/ASW_Callback_list/list_callback_qm_asw.txt   354:Com_CbkCounterErr_203
OK: Com_CbkCounterErr_1FF      ../OutputFiles/ASW_list/ASW_Callback_list/list_callback_qm_asw.txt   369:Com_CbkCounterErr_1FF
OK: Com_CbkCounterErr_455      ../OutputFiles/ASW_list/ASW_Callback_list/list_callback_qm_asw.txt   514:Com_CbkCounterErr_455
OK: Com_CbkCounterErr_11F      ../OutputFiles/ASW_list/ASW_Callback_list/list_callback_qm_asw.txt   1057:Com_CbkCounterErr_11F
OK: Com_CbkCounterErr_15F      ../OutputFiles/ASW_list/ASW_Callback_list/list_callback_qm_asw.txt   1196:Com_CbkCounterErr_15F
OK: Com_CbkCounterErr_137      ../OutputFiles/ASW_list/ASW_Callback_list/list_callback_qm_asw.txt   1305:Com_CbkCounterErr_137
OK: Com_CbkInv_12A_03      ../OutputFiles/ASW_list/ASW_Callback_list/list_callback_qm_asw.txt   102:Com_CbkInv_12A_03
OK: Com_CbkInv_12A_04      ../OutputFiles/ASW_list/ASW_Callback_list/list_callback_qm_asw.txt   103:Com_CbkInv_12A_04
OK: Com_CbkInv_110_01      ../OutputFiles/ASW_list/ASW_Callback_list/list_callback_qm_asw.txt   114:Com_CbkInv_110_01
OK: Com_CbkInv_110_02      ../OutputFiles/ASW_list/ASW_Callback_list/list_callback_qm_asw.txt   115:Com_CbkInv_110_02
OK: Com_CbkInv_0B9_01      ../OutputFiles/ASW_list/ASW_Callback_list/list_callback_qm_asw.txt   118:Com_CbkInv_0B9_01
OK: Com_CbkInv_0B9_03      ../OutputFiles/ASW_list/ASW_Callback_list/list_callback_qm_asw.txt   120:Com_CbkInv_0B9_03
OK: Com_CbkInv_050_01      ../OutputFiles/ASW_list/ASW_Callback_list/list_callback_qm_asw.txt   129:Com_CbkInv_050_01
OK: Com_CbkInv_050_02      ../OutputFiles/ASW_list/ASW_Callback_list/list_callback_qm_asw.txt   130:Com_CbkInv_050_02
OK: Com_CbkInv_050_03      ../OutputFiles/ASW_list/ASW_Callback_list/list_callback_qm_asw.txt   131:Com_CbkInv_050_03
OK: Com_CbkInv_050_05      ../OutputFiles/ASW_list/ASW_Callback_list/list_callback_qm_asw.txt   133:Com_CbkInv_050_05
OK: Com_CbkInv_13A_01      ../OutputFiles/ASW_list/ASW_Callback_list/list_callback_qm_asw.txt   146:Com_CbkInv_13A_01
OK: Com_CbkInv_13A_06      ../OutputFiles/ASW_list/ASW_Callback_list/list_callback_qm_asw.txt   151:Com_CbkInv_13A_06
OK: Com_CbkInv_13A_09      ../OutputFiles/ASW_list/ASW_Callback_list/list_callback_qm_asw.txt   154:Com_CbkInv_13A_09
OK: Com_CbkInv_13A_10      ../OutputFiles/ASW_list/ASW_Callback_list/list_callback_qm_asw.txt   155:Com_CbkInv_13A_10
OK: Com_CbkInv_13A_11      ../OutputFiles/ASW_list/ASW_Callback_list/list_callback_qm_asw.txt   156:Com_CbkInv_13A_11
OK: Com_CbkInv_13A_13      ../OutputFiles/ASW_list/ASW_Callback_list/list_callback_qm_asw.txt   158:Com_CbkInv_13A_13
OK: Com_CbkInv_13A_14      ../OutputFiles/ASW_list/ASW_Callback_list/list_callback_qm_asw.txt   159:Com_CbkInv_13A_14
OK: Com_CbkInv_13A_15      ../OutputFiles/ASW_list/ASW_Callback_list/list_callback_qm_asw.txt   160:Com_CbkInv_13A_15
OK: Com_CbkInv_13A_20      ../OutputFiles/ASW_list/ASW_Callback_list/list_callback_qm_asw.txt   165:Com_CbkInv_13A_20
OK: Com_CbkInv_13A_21      ../OutputFiles/ASW_list/ASW_Callback_list/list_callback_qm_asw.txt   166:Com_CbkInv_13A_21
OK: Com_CbkInv_13A_22      ../OutputFiles/ASW_list/ASW_Callback_list/list_callback_qm_asw.txt   167:Com_CbkInv_13A_22
OK: Com_CbkInv_523_01      ../OutputFiles/ASW_list/ASW_Callback_list/list_callback_qm_asw.txt   90:Com_CbkInv_523_01
OK: Com_CbkInv_478_01      ../OutputFiles/ASW_list/ASW_Callback_list/list_callback_qm_asw.txt   268:Com_CbkInv_478_01
OK: Com_CbkInv_478_06      ../OutputFiles/ASW_list/ASW_Callback_list/list_callback_qm_asw.txt   273:Com_CbkInv_478_06
OK: Com_CbkInv_477_01      ../OutputFiles/ASW_list/ASW_Callback_list/list_callback_qm_asw.txt   289:Com_CbkInv_477_01
OK: Com_CbkInv_477_02      ../OutputFiles/ASW_list/ASW_Callback_list/list_callback_qm_asw.txt   290:Com_CbkInv_477_02
OK: Com_CbkInv_477_03      ../OutputFiles/ASW_list/ASW_Callback_list/list_callback_qm_asw.txt   291:Com_CbkInv_477_03
OK: Com_CbkInv_477_05      ../OutputFiles/ASW_list/ASW_Callback_list/list_callback_qm_asw.txt   293:Com_CbkInv_477_05
OK: Com_CbkInv_477_08      ../OutputFiles/ASW_list/ASW_Callback_list/list_callback_qm_asw.txt   296:Com_CbkInv_477_08
OK: Com_CbkInv_47A_01      ../OutputFiles/ASW_list/ASW_Callback_list/list_callback_qm_asw.txt   306:Com_CbkInv_47A_01
OK: Com_CbkInv_47A_02      ../OutputFiles/ASW_list/ASW_Callback_list/list_callback_qm_asw.txt   307:Com_CbkInv_47A_02
OK: Com_CbkInv_47A_03      ../OutputFiles/ASW_list/ASW_Callback_list/list_callback_qm_asw.txt   308:Com_CbkInv_47A_03
OK: Com_CbkInv_47A_04      ../OutputFiles/ASW_list/ASW_Callback_list/list_callback_qm_asw.txt   309:Com_CbkInv_47A_04
OK: Com_CbkInv_47A_06      ../OutputFiles/ASW_list/ASW_Callback_list/list_callback_qm_asw.txt   311:Com_CbkInv_47A_06
OK: Com_CbkInv_47A_07      ../OutputFiles/ASW_list/ASW_Callback_list/list_callback_qm_asw.txt   312:Com_CbkInv_47A_07
OK: Com_CbkInv_47A_08      ../OutputFiles/ASW_list/ASW_Callback_list/list_callback_qm_asw.txt   313:Com_CbkInv_47A_08
OK: Com_CbkInv_47A_11      ../OutputFiles/ASW_list/ASW_Callback_list/list_callback_qm_asw.txt   316:Com_CbkInv_47A_11
OK: Com_CbkInv_456_01      ../OutputFiles/ASW_list/ASW_Callback_list/list_callback_qm_asw.txt   331:Com_CbkInv_456_01
OK: Com_CbkInv_221_01      ../OutputFiles/ASW_list/ASW_Callback_list/list_callback_qm_asw.txt   382:Com_CbkInv_221_01
OK: Com_CbkInv_4B4_02      ../OutputFiles/ASW_list/ASW_Callback_list/list_callback_qm_asw.txt   391:Com_CbkInv_4B4_02
OK: Com_CbkInv_4B5_01      ../OutputFiles/ASW_list/ASW_Callback_list/list_callback_qm_asw.txt   394:Com_CbkInv_4B5_01
OK: Com_CbkInv_317_01      ../OutputFiles/ASW_list/ASW_Callback_list/list_callback_qm_asw.txt   926:Com_CbkInv_317_01
OK: Com_CbkInv_317_04      ../OutputFiles/ASW_list/ASW_Callback_list/list_callback_qm_asw.txt   929:Com_CbkInv_317_04
OK: Com_CbkInv_317_06      ../OutputFiles/ASW_list/ASW_Callback_list/list_callback_qm_asw.txt   931:Com_CbkInv_317_06
OK: Com_CbkInv_43E_01      ../OutputFiles/ASW_list/ASW_Callback_list/list_callback_qm_asw.txt   1399:Com_CbkInv_43E_01
OK: Com_CbkInv_43E_03      ../OutputFiles/ASW_list/ASW_Callback_list/list_callback_qm_asw.txt   1401:Com_CbkInv_43E_03
OK: Com_CbkInv_43E_04      ../OutputFiles/ASW_list/ASW_Callback_list/list_callback_qm_asw.txt   1402:Com_CbkInv_43E_04
OK: Com_CbkInv_450_01      ../OutputFiles/ASW_list/ASW_Callback_list/list_callback_qm_asw.txt   404:Com_CbkInv_450_01
OK: Com_CbkInv_450_02      ../OutputFiles/ASW_list/ASW_Callback_list/list_callback_qm_asw.txt   405:Com_CbkInv_450_02
OK: Com_CbkInv_450_06      ../OutputFiles/ASW_list/ASW_Callback_list/list_callback_qm_asw.txt   409:Com_CbkInv_450_06
OK: Com_CbkInv_451_03      ../OutputFiles/ASW_list/ASW_Callback_list/list_callback_qm_asw.txt   418:Com_CbkInv_451_03
OK: Com_CbkInv_451_04      ../OutputFiles/ASW_list/ASW_Callback_list/list_callback_qm_asw.txt   419:Com_CbkInv_451_04
OK: Com_CbkInv_453_01      ../OutputFiles/ASW_list/ASW_Callback_list/list_callback_qm_asw.txt   429:Com_CbkInv_453_01
OK: Com_CbkInv_453_02      ../OutputFiles/ASW_list/ASW_Callback_list/list_callback_qm_asw.txt   430:Com_CbkInv_453_02
OK: Com_CbkInv_453_05      ../OutputFiles/ASW_list/ASW_Callback_list/list_callback_qm_asw.txt   433:Com_CbkInv_453_05
OK: Com_CbkInv_453_06      ../OutputFiles/ASW_list/ASW_Callback_list/list_callback_qm_asw.txt   434:Com_CbkInv_453_06
OK: Com_CbkInv_453_07      ../OutputFiles/ASW_list/ASW_Callback_list/list_callback_qm_asw.txt   435:Com_CbkInv_453_07
OK: Com_CbkInv_222_01      ../OutputFiles/ASW_list/ASW_Callback_list/list_callback_qm_asw.txt   450:Com_CbkInv_222_01
OK: Com_CbkInv_222_02      ../OutputFiles/ASW_list/ASW_Callback_list/list_callback_qm_asw.txt   451:Com_CbkInv_222_02
OK: Com_CbkInv_222_03      ../OutputFiles/ASW_list/ASW_Callback_list/list_callback_qm_asw.txt   452:Com_CbkInv_222_03
OK: Com_CbkInv_454_01      ../OutputFiles/ASW_list/ASW_Callback_list/list_callback_qm_asw.txt   460:Com_CbkInv_454_01
OK: Com_CbkInv_454_02      ../OutputFiles/ASW_list/ASW_Callback_list/list_callback_qm_asw.txt   461:Com_CbkInv_454_02
OK: Com_CbkInv_454_03      ../OutputFiles/ASW_list/ASW_Callback_list/list_callback_qm_asw.txt   462:Com_CbkInv_454_03
OK: Com_CbkInv_454_04      ../OutputFiles/ASW_list/ASW_Callback_list/list_callback_qm_asw.txt   463:Com_CbkInv_454_04
OK: Com_CbkInv_454_06      ../OutputFiles/ASW_list/ASW_Callback_list/list_callback_qm_asw.txt   465:Com_CbkInv_454_06
OK: Com_CbkInv_3D7_01      ../OutputFiles/ASW_list/ASW_Callback_list/list_callback_qm_asw.txt   1525:Com_CbkInv_3D7_01
OK: Com_CbkInv_289_01      ../OutputFiles/ASW_list/ASW_Callback_list/list_callback_qm_asw.txt   9:Com_CbkInv_289_01
OK: Com_CbkInv_289_02      ../OutputFiles/ASW_list/ASW_Callback_list/list_callback_qm_asw.txt   10:Com_CbkInv_289_02
OK: Com_CbkInv_289_03      ../OutputFiles/ASW_list/ASW_Callback_list/list_callback_qm_asw.txt   11:Com_CbkInv_289_03
OK: Com_CbkInv_202_01      ../OutputFiles/ASW_list/ASW_Callback_list/list_callback_qm_asw.txt   26:Com_CbkInv_202_01
OK: Com_CbkInv_202_02      ../OutputFiles/ASW_list/ASW_Callback_list/list_callback_qm_asw.txt   27:Com_CbkInv_202_02
OK: Com_CbkInv_202_03      ../OutputFiles/ASW_list/ASW_Callback_list/list_callback_qm_asw.txt   28:Com_CbkInv_202_03
OK: Com_CbkInv_202_04      ../OutputFiles/ASW_list/ASW_Callback_list/list_callback_qm_asw.txt   29:Com_CbkInv_202_04
OK: Com_CbkInv_28A_01      ../OutputFiles/ASW_list/ASW_Callback_list/list_callback_qm_asw.txt   917:Com_CbkInv_28A_01
OK: Com_CbkInv_28A_03      ../OutputFiles/ASW_list/ASW_Callback_list/list_callback_qm_asw.txt   919:Com_CbkInv_28A_03
OK: Com_CbkInv_28A_02      ../OutputFiles/ASW_list/ASW_Callback_list/list_callback_qm_asw.txt   918:Com_CbkInv_28A_02
OK: Com_CbkInv_0FF_01      ../OutputFiles/ASW_list/ASW_Callback_list/list_callback_qm_asw.txt   47:Com_CbkInv_0FF_01
OK: Com_CbkInv_0B4_01      ../OutputFiles/ASW_list/ASW_Callback_list/list_callback_qm_asw.txt   3:Com_CbkInv_0B4_01
OK: Com_CbkInv_0B4_02      ../OutputFiles/ASW_list/ASW_Callback_list/list_callback_qm_asw.txt   4:Com_CbkInv_0B4_02
OK: Com_CbkInv_0B4_03      ../OutputFiles/ASW_list/ASW_Callback_list/list_callback_qm_asw.txt   5:Com_CbkInv_0B4_03
OK: Com_CbkInv_0AB_01      ../OutputFiles/ASW_list/ASW_Callback_list/list_callback_qm_asw.txt   78:Com_CbkInv_0AB_01
OK: Com_CbkInv_09F_01      ../OutputFiles/ASW_list/ASW_Callback_list/list_callback_qm_asw.txt   61:Com_CbkInv_09F_01
OK: Com_CbkInv_107_03      ../OutputFiles/ASW_list/ASW_Callback_list/list_callback_qm_asw.txt   204:Com_CbkInv_107_03
OK: Com_CbkInv_107_04      ../OutputFiles/ASW_list/ASW_Callback_list/list_callback_qm_asw.txt   205:Com_CbkInv_107_04
OK: Com_CbkInv_107_05      ../OutputFiles/ASW_list/ASW_Callback_list/list_callback_qm_asw.txt   206:Com_CbkInv_107_05
OK: Com_CbkInv_107_06      ../OutputFiles/ASW_list/ASW_Callback_list/list_callback_qm_asw.txt   207:Com_CbkInv_107_06
OK: Com_CbkInv_4B7_02      ../OutputFiles/ASW_list/ASW_Callback_list/list_callback_qm_asw.txt   222:Com_CbkInv_4B7_02
OK: Com_CbkInv_4B7_03      ../OutputFiles/ASW_list/ASW_Callback_list/list_callback_qm_asw.txt   223:Com_CbkInv_4B7_03
OK: Com_CbkInv_11E_02      ../OutputFiles/ASW_list/ASW_Callback_list/list_callback_qm_asw.txt   230:Com_CbkInv_11E_02
OK: Com_CbkInv_12F_01      ../OutputFiles/ASW_list/ASW_Callback_list/list_callback_qm_asw.txt   233:Com_CbkInv_12F_01
OK: Com_CbkInv_12F_02      ../OutputFiles/ASW_list/ASW_Callback_list/list_callback_qm_asw.txt   234:Com_CbkInv_12F_02
OK: Com_CbkInv_12F_03      ../OutputFiles/ASW_list/ASW_Callback_list/list_callback_qm_asw.txt   235:Com_CbkInv_12F_03
OK: Com_CbkInv_2FB_01      ../OutputFiles/ASW_list/ASW_Callback_list/list_callback_qm_asw.txt   1340:Com_CbkInv_2FB_01
OK: Com_CbkInv_2FB_02      ../OutputFiles/ASW_list/ASW_Callback_list/list_callback_qm_asw.txt   1341:Com_CbkInv_2FB_02
OK: Com_CbkInv_158_01      ../OutputFiles/ASW_list/ASW_Callback_list/list_callback_qm_asw.txt   252:Com_CbkInv_158_01
OK: Com_CbkInv_158_02      ../OutputFiles/ASW_list/ASW_Callback_list/list_callback_qm_asw.txt   253:Com_CbkInv_158_02
OK: Com_CbkInv_158_03      ../OutputFiles/ASW_list/ASW_Callback_list/list_callback_qm_asw.txt   254:Com_CbkInv_158_03
OK: Com_CbkInv_158_04      ../OutputFiles/ASW_list/ASW_Callback_list/list_callback_qm_asw.txt   255:Com_CbkInv_158_04
OK: Com_CbkInv_104_01      ../OutputFiles/ASW_list/ASW_Callback_list/list_callback_qm_asw.txt   263:Com_CbkInv_104_01
OK: Com_CbkInv_104_02      ../OutputFiles/ASW_list/ASW_Callback_list/list_callback_qm_asw.txt   264:Com_CbkInv_104_02
OK: Com_CbkInv_203_06      ../OutputFiles/ASW_list/ASW_Callback_list/list_callback_qm_asw.txt   341:Com_CbkInv_203_06
OK: Com_CbkInv_203_09      ../OutputFiles/ASW_list/ASW_Callback_list/list_callback_qm_asw.txt   344:Com_CbkInv_203_09
OK: Com_CbkInv_5DE_01      ../OutputFiles/ASW_list/ASW_Callback_list/list_callback_qm_asw.txt   355:Com_CbkInv_5DE_01
OK: Com_CbkInv_1FF_01      ../OutputFiles/ASW_list/ASW_Callback_list/list_callback_qm_asw.txt   357:Com_CbkInv_1FF_01
OK: Com_CbkInv_1FF_02      ../OutputFiles/ASW_list/ASW_Callback_list/list_callback_qm_asw.txt   358:Com_CbkInv_1FF_02
OK: Com_CbkInv_1FF_03      ../OutputFiles/ASW_list/ASW_Callback_list/list_callback_qm_asw.txt   359:Com_CbkInv_1FF_03
OK: Com_CbkInv_216_02      ../OutputFiles/ASW_list/ASW_Callback_list/list_callback_qm_asw.txt   377:Com_CbkInv_216_02
OK: Com_CbkInv_4B3_01      ../OutputFiles/ASW_list/ASW_Callback_list/list_callback_qm_asw.txt   380:Com_CbkInv_4B3_01
OK: Com_CbkInv_455_01      ../OutputFiles/ASW_list/ASW_Callback_list/list_callback_qm_asw.txt   502:Com_CbkInv_455_01
OK: Com_CbkInv_455_02      ../OutputFiles/ASW_list/ASW_Callback_list/list_callback_qm_asw.txt   503:Com_CbkInv_455_02
OK: Com_CbkInv_439_01      ../OutputFiles/ASW_list/ASW_Callback_list/list_callback_qm_asw.txt   515:Com_CbkInv_439_01
OK: Com_CbkInv_0A3_01      ../OutputFiles/ASW_list/ASW_Callback_list/list_callback_qm_asw.txt   15:Com_CbkInv_0A3_01
OK: Com_CbkInv_0A3_02      ../OutputFiles/ASW_list/ASW_Callback_list/list_callback_qm_asw.txt   16:Com_CbkInv_0A3_02
OK: Com_CbkInv_0A3_03      ../OutputFiles/ASW_list/ASW_Callback_list/list_callback_qm_asw.txt   17:Com_CbkInv_0A3_03
OK: Com_CbkInv_495_01      ../OutputFiles/ASW_list/ASW_Callback_list/list_callback_qm_asw.txt   94:Com_CbkInv_495_01
OK: Com_CbkInv_11D_01      ../OutputFiles/ASW_list/ASW_Callback_list/list_callback_qm_asw.txt   1058:Com_CbkInv_11D_01
OK: Com_CbkInv_11F_01      ../OutputFiles/ASW_list/ASW_Callback_list/list_callback_qm_asw.txt   983:Com_CbkInv_11F_01
OK: Com_CbkRxAck_534_01      ../OutputFiles/ASW_list/ASW_Callback_list/list_callback_qm_asw.txt   98:Com_CbkRxAck_534_01
OK: Com_CbkRxAck_534_02      ../OutputFiles/ASW_list/ASW_Callback_list/list_callback_qm_asw.txt   99:Com_CbkRxAck_534_02
OK: Com_CbkRxAck_020_01      ../OutputFiles/ASW_list/ASW_Callback_list/list_callback_qm_asw.txt   939:Com_CbkRxAck_020_01
OK: Com_CbkRxAck_12A_01      ../OutputFiles/ASW_list/ASW_Callback_list/list_callback_qm_asw.txt   104:Com_CbkRxAck_12A_01
OK: Com_CbkRxAck_12A_02      ../OutputFiles/ASW_list/ASW_Callback_list/list_callback_qm_asw.txt   105:Com_CbkRxAck_12A_02
OK: Com_CbkRxAck_12A_03      ../OutputFiles/ASW_list/ASW_Callback_list/list_callback_qm_asw.txt   106:Com_CbkRxAck_12A_03
OK: Com_CbkRxAck_12A_04      ../OutputFiles/ASW_list/ASW_Callback_list/list_callback_qm_asw.txt   107:Com_CbkRxAck_12A_04
OK: Com_CbkRxAck_0B8_01      ../OutputFiles/ASW_list/ASW_Callback_list/list_callback_qm_asw.txt   111:Com_CbkRxAck_0B8_01
OK: Com_CbkRxAck_0B8_02      ../OutputFiles/ASW_list/ASW_Callback_list/list_callback_qm_asw.txt   112:Com_CbkRxAck_0B8_02
OK: Com_CbkRxAck_110_01      ../OutputFiles/ASW_list/ASW_Callback_list/list_callback_qm_asw.txt   116:Com_CbkRxAck_110_01
OK: Com_CbkRxAck_110_02      ../OutputFiles/ASW_list/ASW_Callback_list/list_callback_qm_asw.txt   117:Com_CbkRxAck_110_02
OK: Com_CbkRxAck_0B9_01      ../OutputFiles/ASW_list/ASW_Callback_list/list_callback_qm_asw.txt   123:Com_CbkRxAck_0B9_01
OK: Com_CbkRxAck_0B9_02      ../OutputFiles/ASW_list/ASW_Callback_list/list_callback_qm_asw.txt   124:Com_CbkRxAck_0B9_02
OK: Com_CbkRxAck_0B9_03      ../OutputFiles/ASW_list/ASW_Callback_list/list_callback_qm_asw.txt   125:Com_CbkRxAck_0B9_03
OK: Com_CbkRxAck_0B9_04      ../OutputFiles/ASW_list/ASW_Callback_list/list_callback_qm_asw.txt   126:Com_CbkRxAck_0B9_04
OK: Com_CbkRxAck_0B9_05      ../OutputFiles/ASW_list/ASW_Callback_list/list_callback_qm_asw.txt   127:Com_CbkRxAck_0B9_05
OK: Com_CbkRxAck_050_01      ../OutputFiles/ASW_list/ASW_Callback_list/list_callback_qm_asw.txt   134:Com_CbkRxAck_050_01
OK: Com_CbkRxAck_050_02      ../OutputFiles/ASW_list/ASW_Callback_list/list_callback_qm_asw.txt   135:Com_CbkRxAck_050_02
OK: Com_CbkRxAck_050_03      ../OutputFiles/ASW_list/ASW_Callback_list/list_callback_qm_asw.txt   136:Com_CbkRxAck_050_03
OK: Com_CbkRxAck_050_04      ../OutputFiles/ASW_list/ASW_Callback_list/list_callback_qm_asw.txt   137:Com_CbkRxAck_050_04
OK: Com_CbkRxAck_050_05      ../OutputFiles/ASW_list/ASW_Callback_list/list_callback_qm_asw.txt   138:Com_CbkRxAck_050_05
OK: Com_CbkRxAck_2D2_01      ../OutputFiles/ASW_list/ASW_Callback_list/list_callback_qm_asw.txt   140:Com_CbkRxAck_2D2_01
OK: Com_CbkRxAck_3A2_01      ../OutputFiles/ASW_list/ASW_Callback_list/list_callback_qm_asw.txt   144:Com_CbkRxAck_3A2_01
OK: Com_CbkRxAck_3A2_02      ../OutputFiles/ASW_list/ASW_Callback_list/list_callback_qm_asw.txt   145:Com_CbkRxAck_3A2_02
OK: Com_CbkRxAck_13A_01      ../OutputFiles/ASW_list/ASW_Callback_list/list_callback_qm_asw.txt   174:Com_CbkRxAck_13A_01
OK: Com_CbkRxAck_13A_02      ../OutputFiles/ASW_list/ASW_Callback_list/list_callback_qm_asw.txt   175:Com_CbkRxAck_13A_02
OK: Com_CbkRxAck_13A_03      ../OutputFiles/ASW_list/ASW_Callback_list/list_callback_qm_asw.txt   176:Com_CbkRxAck_13A_03
OK: Com_CbkRxAck_13A_04      ../OutputFiles/ASW_list/ASW_Callback_list/list_callback_qm_asw.txt   177:Com_CbkRxAck_13A_04
OK: Com_CbkRxAck_13A_05      ../OutputFiles/ASW_list/ASW_Callback_list/list_callback_qm_asw.txt   178:Com_CbkRxAck_13A_05
OK: Com_CbkRxAck_13A_06      ../OutputFiles/ASW_list/ASW_Callback_list/list_callback_qm_asw.txt   179:Com_CbkRxAck_13A_06
OK: Com_CbkRxAck_13A_07      ../OutputFiles/ASW_list/ASW_Callback_list/list_callback_qm_asw.txt   180:Com_CbkRxAck_13A_07
OK: Com_CbkRxAck_13A_08      ../OutputFiles/ASW_list/ASW_Callback_list/list_callback_qm_asw.txt   181:Com_CbkRxAck_13A_08
OK: Com_CbkRxAck_13A_09      ../OutputFiles/ASW_list/ASW_Callback_list/list_callback_qm_asw.txt   182:Com_CbkRxAck_13A_09
OK: Com_CbkRxAck_13A_10      ../OutputFiles/ASW_list/ASW_Callback_list/list_callback_qm_asw.txt   183:Com_CbkRxAck_13A_10
OK: Com_CbkRxAck_13A_11      ../OutputFiles/ASW_list/ASW_Callback_list/list_callback_qm_asw.txt   184:Com_CbkRxAck_13A_11
OK: Com_CbkRxAck_13A_12      ../OutputFiles/ASW_list/ASW_Callback_list/list_callback_qm_asw.txt   185:Com_CbkRxAck_13A_12
OK: Com_CbkRxAck_13A_13      ../OutputFiles/ASW_list/ASW_Callback_list/list_callback_qm_asw.txt   186:Com_CbkRxAck_13A_13
OK: Com_CbkRxAck_13A_14      ../OutputFiles/ASW_list/ASW_Callback_list/list_callback_qm_asw.txt   187:Com_CbkRxAck_13A_14
OK: Com_CbkRxAck_13A_15      ../OutputFiles/ASW_list/ASW_Callback_list/list_callback_qm_asw.txt   188:Com_CbkRxAck_13A_15
OK: Com_CbkRxAck_13A_16      ../OutputFiles/ASW_list/ASW_Callback_list/list_callback_qm_asw.txt   189:Com_CbkRxAck_13A_16
OK: Com_CbkRxAck_13A_17      ../OutputFiles/ASW_list/ASW_Callback_list/list_callback_qm_asw.txt   190:Com_CbkRxAck_13A_17
OK: Com_CbkRxAck_13A_18      ../OutputFiles/ASW_list/ASW_Callback_list/list_callback_qm_asw.txt   191:Com_CbkRxAck_13A_18
OK: Com_CbkRxAck_13A_19      ../OutputFiles/ASW_list/ASW_Callback_list/list_callback_qm_asw.txt   192:Com_CbkRxAck_13A_19
OK: Com_CbkRxAck_13A_20      ../OutputFiles/ASW_list/ASW_Callback_list/list_callback_qm_asw.txt   193:Com_CbkRxAck_13A_20
OK: Com_CbkRxAck_13A_21      ../OutputFiles/ASW_list/ASW_Callback_list/list_callback_qm_asw.txt   194:Com_CbkRxAck_13A_21
OK: Com_CbkRxAck_13A_22      ../OutputFiles/ASW_list/ASW_Callback_list/list_callback_qm_asw.txt   195:Com_CbkRxAck_13A_22
OK: Com_CbkRxAck_13A_23      ../OutputFiles/ASW_list/ASW_Callback_list/list_callback_qm_asw.txt   196:Com_CbkRxAck_13A_23
OK: Com_CbkRxAck_13A_24      ../OutputFiles/ASW_list/ASW_Callback_list/list_callback_qm_asw.txt   197:Com_CbkRxAck_13A_24
OK: Com_CbkRxAck_13A_25      ../OutputFiles/ASW_list/ASW_Callback_list/list_callback_qm_asw.txt   198:Com_CbkRxAck_13A_25
OK: Com_CbkRxAck_13A_26      ../OutputFiles/ASW_list/ASW_Callback_list/list_callback_qm_asw.txt   199:Com_CbkRxAck_13A_26
OK: Com_CbkRxAck_13A_27      ../OutputFiles/ASW_list/ASW_Callback_list/list_callback_qm_asw.txt   200:Com_CbkRxAck_13A_27
OK: Com_CbkRxAck_13A_28      ../OutputFiles/ASW_list/ASW_Callback_list/list_callback_qm_asw.txt   201:Com_CbkRxAck_13A_28
OK: Com_CbkRxAck_603_01      ../OutputFiles/ASW_list/ASW_Callback_list/list_callback_qm_asw.txt   228:Com_CbkRxAck_603_01
OK: Com_CbkRxAck_523_01      ../OutputFiles/ASW_list/ASW_Callback_list/list_callback_qm_asw.txt   91:Com_CbkRxAck_523_01
OK: Com_CbkRxAck_478_01      ../OutputFiles/ASW_list/ASW_Callback_list/list_callback_qm_asw.txt   276:Com_CbkRxAck_478_01
OK: Com_CbkRxAck_478_02      ../OutputFiles/ASW_list/ASW_Callback_list/list_callback_qm_asw.txt   277:Com_CbkRxAck_478_02
OK: Com_CbkRxAck_478_03      ../OutputFiles/ASW_list/ASW_Callback_list/list_callback_qm_asw.txt   278:Com_CbkRxAck_478_03
OK: Com_CbkRxAck_478_04      ../OutputFiles/ASW_list/ASW_Callback_list/list_callback_qm_asw.txt   279:Com_CbkRxAck_478_04
OK: Com_CbkRxAck_478_05      ../OutputFiles/ASW_list/ASW_Callback_list/list_callback_qm_asw.txt   280:Com_CbkRxAck_478_05
OK: Com_CbkRxAck_478_06      ../OutputFiles/ASW_list/ASW_Callback_list/list_callback_qm_asw.txt   281:Com_CbkRxAck_478_06
OK: Com_CbkRxAck_478_07      ../OutputFiles/ASW_list/ASW_Callback_list/list_callback_qm_asw.txt   282:Com_CbkRxAck_478_07
OK: Com_CbkRxAck_478_08      ../OutputFiles/ASW_list/ASW_Callback_list/list_callback_qm_asw.txt   283:Com_CbkRxAck_478_08
OK: Com_CbkRxAck_3B0_01      ../OutputFiles/ASW_list/ASW_Callback_list/list_callback_qm_asw.txt   286:Com_CbkRxAck_3B0_01
OK: Com_CbkRxAck_3B0_02      ../OutputFiles/ASW_list/ASW_Callback_list/list_callback_qm_asw.txt   287:Com_CbkRxAck_3B0_02
OK: Com_CbkRxAck_477_01      ../OutputFiles/ASW_list/ASW_Callback_list/list_callback_qm_asw.txt   297:Com_CbkRxAck_477_01
OK: Com_CbkRxAck_477_02      ../OutputFiles/ASW_list/ASW_Callback_list/list_callback_qm_asw.txt   298:Com_CbkRxAck_477_02
OK: Com_CbkRxAck_477_03      ../OutputFiles/ASW_list/ASW_Callback_list/list_callback_qm_asw.txt   299:Com_CbkRxAck_477_03
OK: Com_CbkRxAck_477_04      ../OutputFiles/ASW_list/ASW_Callback_list/list_callback_qm_asw.txt   300:Com_CbkRxAck_477_04
OK: Com_CbkRxAck_477_05      ../OutputFiles/ASW_list/ASW_Callback_list/list_callback_qm_asw.txt   301:Com_CbkRxAck_477_05
OK: Com_CbkRxAck_477_06      ../OutputFiles/ASW_list/ASW_Callback_list/list_callback_qm_asw.txt   302:Com_CbkRxAck_477_06
OK: Com_CbkRxAck_477_07      ../OutputFiles/ASW_list/ASW_Callback_list/list_callback_qm_asw.txt   303:Com_CbkRxAck_477_07
OK: Com_CbkRxAck_477_08      ../OutputFiles/ASW_list/ASW_Callback_list/list_callback_qm_asw.txt   304:Com_CbkRxAck_477_08
OK: Com_CbkRxAck_47A_01      ../OutputFiles/ASW_list/ASW_Callback_list/list_callback_qm_asw.txt   318:Com_CbkRxAck_47A_01
OK: Com_CbkRxAck_47A_02      ../OutputFiles/ASW_list/ASW_Callback_list/list_callback_qm_asw.txt   319:Com_CbkRxAck_47A_02
OK: Com_CbkRxAck_47A_03      ../OutputFiles/ASW_list/ASW_Callback_list/list_callback_qm_asw.txt   320:Com_CbkRxAck_47A_03
OK: Com_CbkRxAck_47A_04      ../OutputFiles/ASW_list/ASW_Callback_list/list_callback_qm_asw.txt   321:Com_CbkRxAck_47A_04
OK: Com_CbkRxAck_47A_05      ../OutputFiles/ASW_list/ASW_Callback_list/list_callback_qm_asw.txt   322:Com_CbkRxAck_47A_05
OK: Com_CbkRxAck_47A_06      ../OutputFiles/ASW_list/ASW_Callback_list/list_callback_qm_asw.txt   323:Com_CbkRxAck_47A_06
OK: Com_CbkRxAck_47A_07      ../OutputFiles/ASW_list/ASW_Callback_list/list_callback_qm_asw.txt   324:Com_CbkRxAck_47A_07
OK: Com_CbkRxAck_47A_08      ../OutputFiles/ASW_list/ASW_Callback_list/list_callback_qm_asw.txt   325:Com_CbkRxAck_47A_08
OK: Com_CbkRxAck_47A_09      ../OutputFiles/ASW_list/ASW_Callback_list/list_callback_qm_asw.txt   326:Com_CbkRxAck_47A_09
OK: Com_CbkRxAck_47A_10      ../OutputFiles/ASW_list/ASW_Callback_list/list_callback_qm_asw.txt   327:Com_CbkRxAck_47A_10
OK: Com_CbkRxAck_47A_11      ../OutputFiles/ASW_list/ASW_Callback_list/list_callback_qm_asw.txt   328:Com_CbkRxAck_47A_11
OK: Com_CbkRxAck_47A_12      ../OutputFiles/ASW_list/ASW_Callback_list/list_callback_qm_asw.txt   329:Com_CbkRxAck_47A_12
OK: Com_CbkRxAck_456_01      ../OutputFiles/ASW_list/ASW_Callback_list/list_callback_qm_asw.txt   333:Com_CbkRxAck_456_01
OK: Com_CbkRxAck_456_02      ../OutputFiles/ASW_list/ASW_Callback_list/list_callback_qm_asw.txt   334:Com_CbkRxAck_456_02
OK: Com_CbkRxAck_6C0_01      ../OutputFiles/ASW_list/ASW_Callback_list/list_callback_qm_asw.txt   1367:Com_CbkRxAck_6C0_01
OK: Com_CbkRxAck_25C_01      ../OutputFiles/ASW_list/ASW_Callback_list/list_callback_qm_asw.txt   1381:Com_CbkRxAck_25C_01
OK: Com_CbkRxAck_221_01      ../OutputFiles/ASW_list/ASW_Callback_list/list_callback_qm_asw.txt   385:Com_CbkRxAck_221_01
OK: Com_CbkRxAck_221_02      ../OutputFiles/ASW_list/ASW_Callback_list/list_callback_qm_asw.txt   386:Com_CbkRxAck_221_02
OK: Com_CbkRxAck_221_03      ../OutputFiles/ASW_list/ASW_Callback_list/list_callback_qm_asw.txt   387:Com_CbkRxAck_221_03
OK: Com_CbkRxAck_434_01      ../OutputFiles/ASW_list/ASW_Callback_list/list_callback_qm_asw.txt   389:Com_CbkRxAck_434_01
OK: Com_CbkRxAck_4B4_01      ../OutputFiles/ASW_list/ASW_Callback_list/list_callback_qm_asw.txt   392:Com_CbkRxAck_4B4_01
OK: Com_CbkRxAck_4B4_02      ../OutputFiles/ASW_list/ASW_Callback_list/list_callback_qm_asw.txt   393:Com_CbkRxAck_4B4_02
OK: Com_CbkRxAck_4B5_01      ../OutputFiles/ASW_list/ASW_Callback_list/list_callback_qm_asw.txt   395:Com_CbkRxAck_4B5_01
OK: Com_CbkRxAck_584_01      ../OutputFiles/ASW_list/ASW_Callback_list/list_callback_qm_asw.txt   400:Com_CbkRxAck_584_01
OK: Com_CbkRxAck_584_02      ../OutputFiles/ASW_list/ASW_Callback_list/list_callback_qm_asw.txt   401:Com_CbkRxAck_584_02
OK: Com_CbkRxAck_584_03      ../OutputFiles/ASW_list/ASW_Callback_list/list_callback_qm_asw.txt   402:Com_CbkRxAck_584_03
OK: Com_CbkRxAck_584_04      ../OutputFiles/ASW_list/ASW_Callback_list/list_callback_qm_asw.txt   403:Com_CbkRxAck_584_04
OK: Com_CbkRxAck_317_02      ../OutputFiles/ASW_list/ASW_Callback_list/list_callback_qm_asw.txt   933:Com_CbkRxAck_317_02
OK: Com_CbkRxAck_317_01      ../OutputFiles/ASW_list/ASW_Callback_list/list_callback_qm_asw.txt   932:Com_CbkRxAck_317_01
OK: Com_CbkRxAck_317_03      ../OutputFiles/ASW_list/ASW_Callback_list/list_callback_qm_asw.txt   934:Com_CbkRxAck_317_03
OK: Com_CbkRxAck_317_04      ../OutputFiles/ASW_list/ASW_Callback_list/list_callback_qm_asw.txt   935:Com_CbkRxAck_317_04
OK: Com_CbkRxAck_317_05      ../OutputFiles/ASW_list/ASW_Callback_list/list_callback_qm_asw.txt   936:Com_CbkRxAck_317_05
OK: Com_CbkRxAck_317_06      ../OutputFiles/ASW_list/ASW_Callback_list/list_callback_qm_asw.txt   937:Com_CbkRxAck_317_06
OK: Com_CbkRxAck_450_01      ../OutputFiles/ASW_list/ASW_Callback_list/list_callback_qm_asw.txt   410:Com_CbkRxAck_450_01
OK: Com_CbkRxAck_450_02      ../OutputFiles/ASW_list/ASW_Callback_list/list_callback_qm_asw.txt   411:Com_CbkRxAck_450_02
OK: Com_CbkRxAck_450_03      ../OutputFiles/ASW_list/ASW_Callback_list/list_callback_qm_asw.txt   412:Com_CbkRxAck_450_03
OK: Com_CbkRxAck_450_04      ../OutputFiles/ASW_list/ASW_Callback_list/list_callback_qm_asw.txt   413:Com_CbkRxAck_450_04
OK: Com_CbkRxAck_450_05      ../OutputFiles/ASW_list/ASW_Callback_list/list_callback_qm_asw.txt   414:Com_CbkRxAck_450_05
OK: Com_CbkRxAck_450_06      ../OutputFiles/ASW_list/ASW_Callback_list/list_callback_qm_asw.txt   415:Com_CbkRxAck_450_06
OK: Com_CbkRxAck_451_01      ../OutputFiles/ASW_list/ASW_Callback_list/list_callback_qm_asw.txt   420:Com_CbkRxAck_451_01
OK: Com_CbkRxAck_451_02      ../OutputFiles/ASW_list/ASW_Callback_list/list_callback_qm_asw.txt   421:Com_CbkRxAck_451_02
OK: Com_CbkRxAck_451_03      ../OutputFiles/ASW_list/ASW_Callback_list/list_callback_qm_asw.txt   422:Com_CbkRxAck_451_03
OK: Com_CbkRxAck_451_04      ../OutputFiles/ASW_list/ASW_Callback_list/list_callback_qm_asw.txt   423:Com_CbkRxAck_451_04
OK: Com_CbkRxAck_062_02      ../OutputFiles/ASW_list/ASW_Callback_list/list_callback_qm_asw.txt   427:Com_CbkRxAck_062_02
OK: Com_CbkRxAck_453_01      ../OutputFiles/ASW_list/ASW_Callback_list/list_callback_qm_asw.txt   439:Com_CbkRxAck_453_01
OK: Com_CbkRxAck_453_02      ../OutputFiles/ASW_list/ASW_Callback_list/list_callback_qm_asw.txt   440:Com_CbkRxAck_453_02
OK: Com_CbkRxAck_453_03      ../OutputFiles/ASW_list/ASW_Callback_list/list_callback_qm_asw.txt   441:Com_CbkRxAck_453_03
OK: Com_CbkRxAck_453_04      ../OutputFiles/ASW_list/ASW_Callback_list/list_callback_qm_asw.txt   442:Com_CbkRxAck_453_04
OK: Com_CbkRxAck_453_05      ../OutputFiles/ASW_list/ASW_Callback_list/list_callback_qm_asw.txt   443:Com_CbkRxAck_453_05
OK: Com_CbkRxAck_453_06      ../OutputFiles/ASW_list/ASW_Callback_list/list_callback_qm_asw.txt   444:Com_CbkRxAck_453_06
OK: Com_CbkRxAck_453_07      ../OutputFiles/ASW_list/ASW_Callback_list/list_callback_qm_asw.txt   445:Com_CbkRxAck_453_07
OK: Com_CbkRxAck_453_08      ../OutputFiles/ASW_list/ASW_Callback_list/list_callback_qm_asw.txt   446:Com_CbkRxAck_453_08
OK: Com_CbkRxAck_453_09      ../OutputFiles/ASW_list/ASW_Callback_list/list_callback_qm_asw.txt   447:Com_CbkRxAck_453_09
OK: Com_CbkRxAck_453_10      ../OutputFiles/ASW_list/ASW_Callback_list/list_callback_qm_asw.txt   448:Com_CbkRxAck_453_10
OK: Com_CbkRxAck_222_01      ../OutputFiles/ASW_list/ASW_Callback_list/list_callback_qm_asw.txt   455:Com_CbkRxAck_222_01
OK: Com_CbkRxAck_222_02      ../OutputFiles/ASW_list/ASW_Callback_list/list_callback_qm_asw.txt   456:Com_CbkRxAck_222_02
OK: Com_CbkRxAck_222_03      ../OutputFiles/ASW_list/ASW_Callback_list/list_callback_qm_asw.txt   457:Com_CbkRxAck_222_03
OK: Com_CbkRxAck_222_04      ../OutputFiles/ASW_list/ASW_Callback_list/list_callback_qm_asw.txt   458:Com_CbkRxAck_222_04
OK: Com_CbkRxAck_222_05      ../OutputFiles/ASW_list/ASW_Callback_list/list_callback_qm_asw.txt   459:Com_CbkRxAck_222_05
OK: Com_CbkRxAck_454_01      ../OutputFiles/ASW_list/ASW_Callback_list/list_callback_qm_asw.txt   470:Com_CbkRxAck_454_01
OK: Com_CbkRxAck_454_02      ../OutputFiles/ASW_list/ASW_Callback_list/list_callback_qm_asw.txt   471:Com_CbkRxAck_454_02
OK: Com_CbkRxAck_454_03      ../OutputFiles/ASW_list/ASW_Callback_list/list_callback_qm_asw.txt   472:Com_CbkRxAck_454_03
OK: Com_CbkRxAck_454_04      ../OutputFiles/ASW_list/ASW_Callback_list/list_callback_qm_asw.txt   473:Com_CbkRxAck_454_04
OK: Com_CbkRxAck_454_05      ../OutputFiles/ASW_list/ASW_Callback_list/list_callback_qm_asw.txt   474:Com_CbkRxAck_454_05
OK: Com_CbkRxAck_454_06      ../OutputFiles/ASW_list/ASW_Callback_list/list_callback_qm_asw.txt   475:Com_CbkRxAck_454_06
OK: Com_CbkRxAck_454_07      ../OutputFiles/ASW_list/ASW_Callback_list/list_callback_qm_asw.txt   476:Com_CbkRxAck_454_07
OK: Com_CbkRxAck_454_08      ../OutputFiles/ASW_list/ASW_Callback_list/list_callback_qm_asw.txt   477:Com_CbkRxAck_454_08
OK: Com_CbkRxAck_454_09      ../OutputFiles/ASW_list/ASW_Callback_list/list_callback_qm_asw.txt   478:Com_CbkRxAck_454_09
OK: Com_CbkRxAck_454_10      ../OutputFiles/ASW_list/ASW_Callback_list/list_callback_qm_asw.txt   479:Com_CbkRxAck_454_10
OK: Com_CbkRxAck_3D7_01      ../OutputFiles/ASW_list/ASW_Callback_list/list_callback_qm_asw.txt   1554:Com_CbkRxAck_3D7_01
OK: Com_CbkRxAck_225_01      ../OutputFiles/ASW_list/ASW_Callback_list/list_callback_qm_asw.txt   520:Com_CbkRxAck_225_01
OK: Com_CbkRxAck_289_01      ../OutputFiles/ASW_list/ASW_Callback_list/list_callback_qm_asw.txt   12:Com_CbkRxAck_289_01
OK: Com_CbkRxAck_289_02      ../OutputFiles/ASW_list/ASW_Callback_list/list_callback_qm_asw.txt   13:Com_CbkRxAck_289_02
OK: Com_CbkRxAck_289_03      ../OutputFiles/ASW_list/ASW_Callback_list/list_callback_qm_asw.txt   14:Com_CbkRxAck_289_03
OK: Com_CbkRxAck_202_01      ../OutputFiles/ASW_list/ASW_Callback_list/list_callback_qm_asw.txt   36:Com_CbkRxAck_202_01
OK: Com_CbkRxAck_202_05      ../OutputFiles/ASW_list/ASW_Callback_list/list_callback_qm_asw.txt   40:Com_CbkRxAck_202_05
OK: Com_CbkRxAck_202_02      ../OutputFiles/ASW_list/ASW_Callback_list/list_callback_qm_asw.txt   37:Com_CbkRxAck_202_02
OK: Com_CbkRxAck_202_06      ../OutputFiles/ASW_list/ASW_Callback_list/list_callback_qm_asw.txt   41:Com_CbkRxAck_202_06
OK: Com_CbkRxAck_202_03      ../OutputFiles/ASW_list/ASW_Callback_list/list_callback_qm_asw.txt   38:Com_CbkRxAck_202_03
OK: Com_CbkRxAck_202_07      ../OutputFiles/ASW_list/ASW_Callback_list/list_callback_qm_asw.txt   42:Com_CbkRxAck_202_07
OK: Com_CbkRxAck_202_04      ../OutputFiles/ASW_list/ASW_Callback_list/list_callback_qm_asw.txt   39:Com_CbkRxAck_202_04
OK: Com_CbkRxAck_202_08      ../OutputFiles/ASW_list/ASW_Callback_list/list_callback_qm_asw.txt   43:Com_CbkRxAck_202_08
OK: Com_CbkRxAck_202_09      ../OutputFiles/ASW_list/ASW_Callback_list/list_callback_qm_asw.txt   44:Com_CbkRxAck_202_09
OK: Com_CbkRxAck_202_10      ../OutputFiles/ASW_list/ASW_Callback_list/list_callback_qm_asw.txt   45:Com_CbkRxAck_202_10
OK: Com_CbkRxAck_28A_01      ../OutputFiles/ASW_list/ASW_Callback_list/list_callback_qm_asw.txt   920:Com_CbkRxAck_28A_01
OK: Com_CbkRxAck_28A_03      ../OutputFiles/ASW_list/ASW_Callback_list/list_callback_qm_asw.txt   922:Com_CbkRxAck_28A_03
OK: Com_CbkRxAck_28A_02      ../OutputFiles/ASW_list/ASW_Callback_list/list_callback_qm_asw.txt   921:Com_CbkRxAck_28A_02
OK: Com_CbkRxAck_0FF_01      ../OutputFiles/ASW_list/ASW_Callback_list/list_callback_qm_asw.txt   49:Com_CbkRxAck_0FF_01
OK: Com_CbkRxAck_0B4_01      ../OutputFiles/ASW_list/ASW_Callback_list/list_callback_qm_asw.txt   6:Com_CbkRxAck_0B4_01
OK: Com_CbkRxAck_0B4_02      ../OutputFiles/ASW_list/ASW_Callback_list/list_callback_qm_asw.txt   7:Com_CbkRxAck_0B4_02
OK: Com_CbkRxAck_0B4_03      ../OutputFiles/ASW_list/ASW_Callback_list/list_callback_qm_asw.txt   8:Com_CbkRxAck_0B4_03
OK: Com_CbkRxAck_0AB_01      ../OutputFiles/ASW_list/ASW_Callback_list/list_callback_qm_asw.txt   80:Com_CbkRxAck_0AB_01
OK: Com_CbkRxAck_0AB_02      ../OutputFiles/ASW_list/ASW_Callback_list/list_callback_qm_asw.txt   81:Com_CbkRxAck_0AB_02
OK: Com_CbkRxAck_446_01      ../OutputFiles/ASW_list/ASW_Callback_list/list_callback_qm_asw.txt   2:Com_CbkRxAck_446_01
OK: Com_CbkRxAck_09F_01      ../OutputFiles/ASW_list/ASW_Callback_list/list_callback_qm_asw.txt   62:Com_CbkRxAck_09F_01
OK: Com_CbkRxAck_107_01      ../OutputFiles/ASW_list/ASW_Callback_list/list_callback_qm_asw.txt   211:Com_CbkRxAck_107_01
OK: Com_CbkRxAck_107_02      ../OutputFiles/ASW_list/ASW_Callback_list/list_callback_qm_asw.txt   212:Com_CbkRxAck_107_02
OK: Com_CbkRxAck_107_03      ../OutputFiles/ASW_list/ASW_Callback_list/list_callback_qm_asw.txt   213:Com_CbkRxAck_107_03
OK: Com_CbkRxAck_107_04      ../OutputFiles/ASW_list/ASW_Callback_list/list_callback_qm_asw.txt   214:Com_CbkRxAck_107_04
OK: Com_CbkRxAck_107_05      ../OutputFiles/ASW_list/ASW_Callback_list/list_callback_qm_asw.txt   215:Com_CbkRxAck_107_05
OK: Com_CbkRxAck_107_06      ../OutputFiles/ASW_list/ASW_Callback_list/list_callback_qm_asw.txt   216:Com_CbkRxAck_107_06
OK: Com_CbkRxAck_107_07      ../OutputFiles/ASW_list/ASW_Callback_list/list_callback_qm_asw.txt   217:Com_CbkRxAck_107_07
OK: Com_CbkRxAck_107_08      ../OutputFiles/ASW_list/ASW_Callback_list/list_callback_qm_asw.txt   218:Com_CbkRxAck_107_08
OK: Com_CbkRxAck_107_09      ../OutputFiles/ASW_list/ASW_Callback_list/list_callback_qm_asw.txt   219:Com_CbkRxAck_107_09
OK: Com_CbkRxAck_4B7_01      ../OutputFiles/ASW_list/ASW_Callback_list/list_callback_qm_asw.txt   224:Com_CbkRxAck_4B7_01
OK: Com_CbkRxAck_4B7_02      ../OutputFiles/ASW_list/ASW_Callback_list/list_callback_qm_asw.txt   225:Com_CbkRxAck_4B7_02
OK: Com_CbkRxAck_4B7_03      ../OutputFiles/ASW_list/ASW_Callback_list/list_callback_qm_asw.txt   226:Com_CbkRxAck_4B7_03
OK: Com_CbkRxAck_11E_01      ../OutputFiles/ASW_list/ASW_Callback_list/list_callback_qm_asw.txt   231:Com_CbkRxAck_11E_01
OK: Com_CbkRxAck_11E_02      ../OutputFiles/ASW_list/ASW_Callback_list/list_callback_qm_asw.txt   232:Com_CbkRxAck_11E_02
OK: Com_CbkRxAck_12F_01      ../OutputFiles/ASW_list/ASW_Callback_list/list_callback_qm_asw.txt   236:Com_CbkRxAck_12F_01
OK: Com_CbkRxAck_12F_02      ../OutputFiles/ASW_list/ASW_Callback_list/list_callback_qm_asw.txt   237:Com_CbkRxAck_12F_02
OK: Com_CbkRxAck_12F_03      ../OutputFiles/ASW_list/ASW_Callback_list/list_callback_qm_asw.txt   238:Com_CbkRxAck_12F_03
OK: Com_CbkRxAck_44B_01      ../OutputFiles/ASW_list/ASW_Callback_list/list_callback_qm_asw.txt   245:Com_CbkRxAck_44B_01
OK: Com_CbkRxAck_44B_02      ../OutputFiles/ASW_list/ASW_Callback_list/list_callback_qm_asw.txt   246:Com_CbkRxAck_44B_02
OK: Com_CbkRxAck_44B_03      ../OutputFiles/ASW_list/ASW_Callback_list/list_callback_qm_asw.txt   247:Com_CbkRxAck_44B_03
OK: Com_CbkRxAck_44B_04      ../OutputFiles/ASW_list/ASW_Callback_list/list_callback_qm_asw.txt   248:Com_CbkRxAck_44B_04
OK: Com_CbkRxAck_44B_05      ../OutputFiles/ASW_list/ASW_Callback_list/list_callback_qm_asw.txt   249:Com_CbkRxAck_44B_05
OK: Com_CbkRxAck_2FB_01      ../OutputFiles/ASW_list/ASW_Callback_list/list_callback_qm_asw.txt   1342:Com_CbkRxAck_2FB_01
OK: Com_CbkRxAck_2FB_02      ../OutputFiles/ASW_list/ASW_Callback_list/list_callback_qm_asw.txt   1343:Com_CbkRxAck_2FB_02
OK: Com_CbkRxAck_44C_01      ../OutputFiles/ASW_list/ASW_Callback_list/list_callback_qm_asw.txt   251:Com_CbkRxAck_44C_01
OK: Com_CbkRxAck_158_01      ../OutputFiles/ASW_list/ASW_Callback_list/list_callback_qm_asw.txt   257:Com_CbkRxAck_158_01
OK: Com_CbkRxAck_158_02      ../OutputFiles/ASW_list/ASW_Callback_list/list_callback_qm_asw.txt   258:Com_CbkRxAck_158_02
OK: Com_CbkRxAck_158_03      ../OutputFiles/ASW_list/ASW_Callback_list/list_callback_qm_asw.txt   259:Com_CbkRxAck_158_03
OK: Com_CbkRxAck_158_04      ../OutputFiles/ASW_list/ASW_Callback_list/list_callback_qm_asw.txt   260:Com_CbkRxAck_158_04
OK: Com_CbkRxAck_158_05      ../OutputFiles/ASW_list/ASW_Callback_list/list_callback_qm_asw.txt   261:Com_CbkRxAck_158_05
OK: Com_CbkRxAck_104_01      ../OutputFiles/ASW_list/ASW_Callback_list/list_callback_qm_asw.txt   265:Com_CbkRxAck_104_01
OK: Com_CbkRxAck_104_02      ../OutputFiles/ASW_list/ASW_Callback_list/list_callback_qm_asw.txt   266:Com_CbkRxAck_104_02
OK: Com_CbkRxAck_203_01      ../OutputFiles/ASW_list/ASW_Callback_list/list_callback_qm_asw.txt   345:Com_CbkRxAck_203_01
OK: Com_CbkRxAck_203_02      ../OutputFiles/ASW_list/ASW_Callback_list/list_callback_qm_asw.txt   346:Com_CbkRxAck_203_02
OK: Com_CbkRxAck_203_03      ../OutputFiles/ASW_list/ASW_Callback_list/list_callback_qm_asw.txt   347:Com_CbkRxAck_203_03
OK: Com_CbkRxAck_203_04      ../OutputFiles/ASW_list/ASW_Callback_list/list_callback_qm_asw.txt   348:Com_CbkRxAck_203_04
OK: Com_CbkRxAck_203_05      ../OutputFiles/ASW_list/ASW_Callback_list/list_callback_qm_asw.txt   349:Com_CbkRxAck_203_05
OK: Com_CbkRxAck_203_06      ../OutputFiles/ASW_list/ASW_Callback_list/list_callback_qm_asw.txt   350:Com_CbkRxAck_203_06
OK: Com_CbkRxAck_203_08      ../OutputFiles/ASW_list/ASW_Callback_list/list_callback_qm_asw.txt   352:Com_CbkRxAck_203_08
OK: Com_CbkRxAck_203_09      ../OutputFiles/ASW_list/ASW_Callback_list/list_callback_qm_asw.txt   353:Com_CbkRxAck_203_09
OK: Com_CbkRxAck_5DE_01      ../OutputFiles/ASW_list/ASW_Callback_list/list_callback_qm_asw.txt   356:Com_CbkRxAck_5DE_01
OK: Com_CbkRxAck_1FF_01      ../OutputFiles/ASW_list/ASW_Callback_list/list_callback_qm_asw.txt   363:Com_CbkRxAck_1FF_01
OK: Com_CbkRxAck_1FF_02      ../OutputFiles/ASW_list/ASW_Callback_list/list_callback_qm_asw.txt   364:Com_CbkRxAck_1FF_02
OK: Com_CbkRxAck_1FF_03      ../OutputFiles/ASW_list/ASW_Callback_list/list_callback_qm_asw.txt   365:Com_CbkRxAck_1FF_03
OK: Com_CbkRxAck_1FF_04      ../OutputFiles/ASW_list/ASW_Callback_list/list_callback_qm_asw.txt   366:Com_CbkRxAck_1FF_04
OK: Com_CbkRxAck_1FF_05      ../OutputFiles/ASW_list/ASW_Callback_list/list_callback_qm_asw.txt   367:Com_CbkRxAck_1FF_05
OK: Com_CbkRxAck_1FF_06      ../OutputFiles/ASW_list/ASW_Callback_list/list_callback_qm_asw.txt   368:Com_CbkRxAck_1FF_06
OK: Com_CbkRxAck_220_01      ../OutputFiles/ASW_list/ASW_Callback_list/list_callback_qm_asw.txt   371:Com_CbkRxAck_220_01
OK: Com_CbkRxAck_45C_01      ../OutputFiles/ASW_list/ASW_Callback_list/list_callback_qm_asw.txt   373:Com_CbkRxAck_45C_01
OK: Com_CbkRxAck_240_01      ../OutputFiles/ASW_list/ASW_Callback_list/list_callback_qm_asw.txt   375:Com_CbkRxAck_240_01
OK: Com_CbkRxAck_216_01      ../OutputFiles/ASW_list/ASW_Callback_list/list_callback_qm_asw.txt   378:Com_CbkRxAck_216_01
OK: Com_CbkRxAck_216_02      ../OutputFiles/ASW_list/ASW_Callback_list/list_callback_qm_asw.txt   379:Com_CbkRxAck_216_02
OK: Com_CbkRxAck_4B3_01      ../OutputFiles/ASW_list/ASW_Callback_list/list_callback_qm_asw.txt   381:Com_CbkRxAck_4B3_01
OK: Com_CbkRxAck_455_01      ../OutputFiles/ASW_list/ASW_Callback_list/list_callback_qm_asw.txt   508:Com_CbkRxAck_455_01
OK: Com_CbkRxAck_455_02      ../OutputFiles/ASW_list/ASW_Callback_list/list_callback_qm_asw.txt   509:Com_CbkRxAck_455_02
OK: Com_CbkRxAck_455_03      ../OutputFiles/ASW_list/ASW_Callback_list/list_callback_qm_asw.txt   510:Com_CbkRxAck_455_03
OK: Com_CbkRxAck_455_04      ../OutputFiles/ASW_list/ASW_Callback_list/list_callback_qm_asw.txt   511:Com_CbkRxAck_455_04
OK: Com_CbkRxAck_455_05      ../OutputFiles/ASW_list/ASW_Callback_list/list_callback_qm_asw.txt   512:Com_CbkRxAck_455_05
OK: Com_CbkRxAck_455_06      ../OutputFiles/ASW_list/ASW_Callback_list/list_callback_qm_asw.txt   513:Com_CbkRxAck_455_06
OK: Com_CbkRxAck_439_01      ../OutputFiles/ASW_list/ASW_Callback_list/list_callback_qm_asw.txt   517:Com_CbkRxAck_439_01
OK: Com_CbkRxAck_439_02      ../OutputFiles/ASW_list/ASW_Callback_list/list_callback_qm_asw.txt   518:Com_CbkRxAck_439_02
OK: Com_CbkRxAck_0A3_05      ../OutputFiles/ASW_list/ASW_Callback_list/list_callback_qm_asw.txt   24:Com_CbkRxAck_0A3_05
OK: Com_CbkRxAck_0A3_01      ../OutputFiles/ASW_list/ASW_Callback_list/list_callback_qm_asw.txt   20:Com_CbkRxAck_0A3_01
OK: Com_CbkRxAck_0A3_02      ../OutputFiles/ASW_list/ASW_Callback_list/list_callback_qm_asw.txt   21:Com_CbkRxAck_0A3_02
OK: Com_CbkRxAck_0A3_03      ../OutputFiles/ASW_list/ASW_Callback_list/list_callback_qm_asw.txt   22:Com_CbkRxAck_0A3_03
OK: Com_CbkRxAck_495_01      ../OutputFiles/ASW_list/ASW_Callback_list/list_callback_qm_asw.txt   95:Com_CbkRxAck_495_01
OK: Com_CbkRxAck_11D_01      ../OutputFiles/ASW_list/ASW_Callback_list/list_callback_qm_asw.txt   1073:Com_CbkRxAck_11D_01
OK: Com_CbkRxAck_11F_01      ../OutputFiles/ASW_list/ASW_Callback_list/list_callback_qm_asw.txt   1020:Com_CbkRxAck_11F_01
OK: Com_CbkRxAck_15F_01      ../OutputFiles/ASW_list/ASW_Callback_list/list_callback_qm_asw.txt   1142:Com_CbkRxAck_15F_01
OK: Com_CbkRxAck_137_01      ../OutputFiles/ASW_list/ASW_Callback_list/list_callback_qm_asw.txt   1251:Com_CbkRxAck_137_01
