OK: vMO_CM_RESSTATUS      ../OutputFiles/ASW_list/ASW_Label_list/list_label_asw.txt   42378:vMO_CM_RESSTATUS
OK: vMO_CM_DR_BT_SW_FAIL      ../OutputFiles/ASW_list/ASW_Label_list/list_label_asw.txt   42214:vMO_CM_DR_BT_SW_FAIL
OK: vMO_CM_DR_SF_BT_ST      ../OutputFiles/ASW_list/ASW_Label_list/list_label_asw.txt   42215:vMO_CM_DR_SF_BT_ST
OK: vMO_CM_BRAKEINFOSTATUS      ../OutputFiles/ASW_list/ASW_Label_list/list_label_asw.txt   42163:vMO_CM_BRAKEINFOSTATUS
OK: vMO_CM_GADE      ../OutputFiles/ASW_list/ASW_Label_list/list_label_asw.txt   42235:vMO_CM_GADE
OK: fMO_CM_LDHLL      ../OutputFiles/ASW_list/ASW_Label_list/list_label_asw.txt   43172:fMO_CM_LDHLL
OK: fMO_CM_LDHLH      ../OutputFiles/ASW_list/ASW_Label_list/list_label_asw.txt   43171:fMO_CM_LDHLH
OK: vMO_CM_ETSMODE      ../OutputFiles/ASW_list/ASW_Label_list/list_label_asw.txt   42221:vMO_CM_ETSMODE
OK: vMO_CM_USMNGSTS      ../OutputFiles/ASW_list/ASW_Label_list/list_label_asw.txt   42455:vMO_CM_USMNGSTS
OK: fMO_CM_IGNITIONSUPPLYCONF      ../OutputFiles/ASW_list/ASW_Label_list/list_label_asw.txt   43162:fMO_CM_IGNITIONSUPPLYCONF
OK: vMO_CM_ENGINEHOODSTATE      ../OutputFiles/ASW_list/ASW_Label_list/list_label_asw.txt   43354:vMO_CM_ENGINEHOODSTATE
OK: vMO_EEM_H_SPD_STOP_FORB      ../OutputFiles/ASW_list/ASW_Label_list/list_label_asw.txt   42465:vMO_EEM_H_SPD_STOP_FORB
OK: vMO_CM_VECHICLESPEED_VH      ../OutputFiles/ASW_list/ASW_Label_list/list_label_asw.txt   41977:vMO_CM_VECHICLESPEED_VH
OK: fMO_CM_PRA_INHSW_FAIL      ../OutputFiles/ASW_list/ASW_Label_list/list_label_asw.txt   43198:fMO_CM_PRA_INHSW_FAIL
OK: vMO_CM_PRA_SFT_RNG_CNT      ../OutputFiles/ASW_list/ASW_Label_list/list_label_asw.txt   42356:vMO_CM_PRA_SFT_RNG_CNT
OK: vMO_CM_ECOMODTHRTLGAISIG      ../OutputFiles/ASW_list/ASW_Label_list/list_label_asw.txt   42216:vMO_CM_ECOMODTHRTLGAISIG
OK: fMO_CM_MANUALMODESTATE      ../OutputFiles/ASW_list/ASW_Label_list/list_label_asw.txt   43176:fMO_CM_MANUALMODESTATE
OK: vMO_CM_NEXTGPDX      ../OutputFiles/ASW_list/ASW_Label_list/list_label_asw.txt   42323:vMO_CM_NEXTGPDX
OK: vMO_CM_CURGPDX      ../OutputFiles/ASW_list/ASW_Label_list/list_label_asw.txt   43349:vMO_CM_CURGPDX
OK: vMO_TQ_ADAS_REQPWTWTORDER      ../OutputFiles/ASW_list/ASW_Label_list/list_label_asw.txt   42471:vMO_TQ_ADAS_REQPWTWTORDER
OK: vMO_TQ_ADAS_REQ_PWTWHLTRQ      ../OutputFiles/ASW_list/ASW_Label_list/list_label_asw.txt   42060:vMO_TQ_ADAS_REQ_PWTWHLTRQ
OK: fMO_CM_BLOWERFANMOTORSTATUS_AC      ../OutputFiles/ASW_list/ASW_Label_list/list_label_asw.txt   43055:fMO_CM_BLOWERFANMOTORSTATUS_AC
OK: vMO_CM_BATTERYCURRENTSENSORVALUE      ../OutputFiles/ASW_list/ASW_Label_list/list_label_asw.txt   42124:vMO_CM_BATTERYCURRENTSENSORVALUE
OK: vMO_CM_ELECTRICALPOWERDRIVED_HVAC      ../OutputFiles/ASW_list/ASW_Label_list/list_label_asw.txt   42012:vMO_CM_ELECTRICALPOWERDRIVED_HVAC
OK: fMO_CM_FRFOG      ../OutputFiles/ASW_list/ASW_Label_list/list_label_asw.txt   43150:fMO_CM_FRFOG
OK: fMO_CM_POSLP      ../OutputFiles/ASW_list/ASW_Label_list/list_label_asw.txt   43197:fMO_CM_POSLP
OK: fMO_CM_REDEF      ../OutputFiles/ASW_list/ASW_Label_list/list_label_asw.txt   43205:fMO_CM_REDEF
OK: fMO_CM_HFSSW      ../OutputFiles/ASW_list/ASW_Label_list/list_label_asw.txt   43156:fMO_CM_HFSSW
OK: vMO_CM_TARGETCVTRATIOEXTENDED      ../OutputFiles/ASW_list/ASW_Label_list/list_label_asw.txt   42432:vMO_CM_TARGETCVTRATIOEXTENDED
OK: vMO_CM_TORQUECONVERTERSTATE      ../OutputFiles/ASW_list/ASW_Label_list/list_label_asw.txt   42437:vMO_CM_TORQUECONVERTERSTATE
OK: vMO_CM_INPUTSHAFTREVOLUTION      ../OutputFiles/ASW_list/ASW_Label_list/list_label_asw.txt   41960:vMO_CM_INPUTSHAFTREVOLUTION
OK: vMO_CM_OUTPUTSHAFTREVOLUTION      ../OutputFiles/ASW_list/ASW_Label_list/list_label_asw.txt   41964:vMO_CM_OUTPUTSHAFTREVOLUTION
OK: vMO_CM_TRANSMRANGEDRITGT      ../OutputFiles/ASW_list/ASW_Label_list/list_label_asw.txt   42442:vMO_CM_TRANSMRANGEDRITGT
OK: vMO_CM_TRANSMRANGEDRICRT      ../OutputFiles/ASW_list/ASW_Label_list/list_label_asw.txt   42441:vMO_CM_TRANSMRANGEDRICRT
OK: vMO_CM_DISTANCE      ../OutputFiles/ASW_list/ASW_Label_list/list_label_asw.txt   41980:vMO_CM_DISTANCE
OK: vMO_TQ_ESPTQTYP      ../OutputFiles/ASW_list/ASW_Label_list/list_label_asw.txt   42481:vMO_TQ_ESPTQTYP
OK: vMO_TQ_MSRWHEELTORQUEREQ      ../OutputFiles/ASW_list/ASW_Label_list/list_label_asw.txt   42080:vMO_TQ_MSRWHEELTORQUEREQ
OK: fMO_CM_PRA_OD_OFF      ../OutputFiles/ASW_list/ASW_Label_list/list_label_asw.txt   43199:fMO_CM_PRA_OD_OFF
OK: vMO_CM_AGBTQCONTTYP      ../OutputFiles/ASW_list/ASW_Label_list/list_label_asw.txt   42144:vMO_CM_AGBTQCONTTYP
OK: vMO_TQ_AT_TORQUELOSSES      ../OutputFiles/ASW_list/ASW_Label_list/list_label_asw.txt   42067:vMO_TQ_AT_TORQUELOSSES
OK: vMO_CM_AGBSLWTQREQ      ../OutputFiles/ASW_list/ASW_Label_list/list_label_asw.txt   42032:vMO_CM_AGBSLWTQREQ
OK: vMO_CM_TORQUECONVERTERGAIN      ../OutputFiles/ASW_list/ASW_Label_list/list_label_asw.txt   42436:vMO_CM_TORQUECONVERTERGAIN
OK: vMO_CM_TOTALGEARRATIO      ../OutputFiles/ASW_list/ASW_Label_list/list_label_asw.txt   42438:vMO_CM_TOTALGEARRATIO
OK: vMO_CM_TRNSMISSIONFRICTION      ../OutputFiles/ASW_list/ASW_Label_list/list_label_asw.txt   42049:vMO_CM_TRNSMISSIONFRICTION
OK: vMO_CM_PRA_CUR_SFT_RX      ../OutputFiles/ASW_list/ASW_Label_list/list_label_asw.txt   42355:vMO_CM_PRA_CUR_SFT_RX
OK: vMO_CM_EPSA      ../OutputFiles/ASW_list/ASW_Label_list/list_label_asw.txt   42125:vMO_CM_EPSA
OK: fMO_EEM_VBX_BSG_SFTY_LOSS      ../OutputFiles/ASW_list/ASW_Label_list/list_label_asw.txt   43246:fMO_EEM_VBX_BSG_SFTY_LOSS
OK: vMO_CM_VCRCFT2NOW      ../OutputFiles/ASW_list/ASW_Label_list/list_label_asw.txt   42002:vMO_CM_VCRCFT2NOW
OK: fMO_CM_VCRROM      ../OutputFiles/ASW_list/ASW_Label_list/list_label_asw.txt   43233:fMO_CM_VCRROM
OK: fMO_CM_VCRRAM      ../OutputFiles/ASW_list/ASW_Label_list/list_label_asw.txt   43232:fMO_CM_VCRRAM
OK: fMO_CM_VCRALU      ../OutputFiles/ASW_list/ASW_Label_list/list_label_asw.txt   43227:fMO_CM_VCRALU
OK: fMO_CM_VCRTIME      ../OutputFiles/ASW_list/ASW_Label_list/list_label_asw.txt   43236:fMO_CM_VCRTIME
OK: fMO_CM_VCRADC      ../OutputFiles/ASW_list/ASW_Label_list/list_label_asw.txt   43226:fMO_CM_VCRADC
OK: fMO_CM_VCREPR      ../OutputFiles/ASW_list/ASW_Label_list/list_label_asw.txt   43229:fMO_CM_VCREPR
OK: fMO_CM_VCRSERR      ../OutputFiles/ASW_list/ASW_Label_list/list_label_asw.txt   43234:fMO_CM_VCRSERR
OK: fMO_CM_VCRSWG      ../OutputFiles/ASW_list/ASW_Label_list/list_label_asw.txt   43235:fMO_CM_VCRSWG
OK: vCRASHDETECTED_V2      ../OutputFiles/ASW_list/ASW_Label_list/list_label_asw.txt   8666:vCRASHDETECTED_V2
OK: vCRASHDETECTIONOUTOFORDER_V2      ../OutputFiles/ASW_list/ASW_Label_list/list_label_asw.txt   8667:vCRASHDETECTIONOUTOFORDER_V2
OK: vAIRBAGCRASHORDER_V3      ../OutputFiles/ASW_list/ASW_Label_list/list_label_asw.txt   8013:vAIRBAGCRASHORDER_V3
OK: vPWT_WHLTRQLIM_ODR      ../OutputFiles/ASW_list/ASW_Label_list/list_label_asw.txt   16241:vPWT_WHLTRQLIM_ODR
OK: vGBL_PWTWHLTRQ_ODR      ../OutputFiles/ASW_list/ASW_Label_list/list_label_asw.txt   13587:vGBL_PWTWHLTRQ_ODR
OK: vGBL_PWTWHLTRQ_REQ      ../OutputFiles/ASW_list/ASW_Label_list/list_label_asw.txt   5346:vGBL_PWTWHLTRQ_REQ
OK: vPWT_WHLTRQLIM_REQ      ../OutputFiles/ASW_list/ASW_Label_list/list_label_asw.txt   5423:vPWT_WHLTRQLIM_REQ
OK: vGBL_BRKWHLTRQ_ODR      ../OutputFiles/ASW_list/ASW_Label_list/list_label_asw.txt   13585:vGBL_BRKWHLTRQ_ODR
OK: fACC_SAILINGFORBIDDEN      ../OutputFiles/ASW_list/ASW_Label_list/list_label_asw.txt   33578:fACC_SAILINGFORBIDDEN
OK: vDCA_STATUS      ../OutputFiles/ASW_list/ASW_Label_list/list_label_asw.txt   8763:vDCA_STATUS
OK: vVSX_AEB_ENG_STOP_STA_REQ      ../OutputFiles/ASW_list/ASW_Label_list/list_label_asw.txt   19766:vVSX_AEB_ENG_STOP_STA_REQ
OK: vACC_STATUS      ../OutputFiles/ASW_list/ASW_Label_list/list_label_asw.txt   7769:vACC_STATUS
OK: vACC_ENGINESTOPAUTOORDER      ../OutputFiles/ASW_list/ASW_Label_list/list_label_asw.txt   7764:vACC_ENGINESTOPAUTOORDER
OK: vPOWERTRAINSETPOINTLIMITATION      ../OutputFiles/ASW_list/ASW_Label_list/list_label_asw.txt   16129:vPOWERTRAINSETPOINTLIMITATION
OK: vHFP_STOPAUTOFORBIDDEN2      ../OutputFiles/ASW_list/ASW_Label_list/list_label_asw.txt   13721:vHFP_STOPAUTOFORBIDDEN2
OK: vHIGHGEARINHIBITREQUEST      ../OutputFiles/ASW_list/ASW_Label_list/list_label_asw.txt   13725:vHIGHGEARINHIBITREQUEST
OK: fRQ_BUSY_SFT_LIM_ACC      ../OutputFiles/ASW_list/ASW_Label_list/list_label_asw.txt   40242:fRQ_BUSY_SFT_LIM_ACC
OK: fRQ_AXC_INHIBIT_ADAS_DCA      ../OutputFiles/ASW_list/ASW_Label_list/list_label_asw.txt   40225:fRQ_AXC_INHIBIT_ADAS_DCA
OK: vCONTEXTUALSLOPE      ../OutputFiles/ASW_list/ASW_Label_list/list_label_asw.txt   8646:vCONTEXTUALSLOPE
OK: vCONTEXTUALSPEED      ../OutputFiles/ASW_list/ASW_Label_list/list_label_asw.txt   1501:vCONTEXTUALSPEED
OK: vDISTANCETOEVENT      ../OutputFiles/ASW_list/ASW_Label_list/list_label_asw.txt   1607:vDISTANCETOEVENT
OK: fFPREDICTIONSTATUS      ../OutputFiles/ASW_list/ASW_Label_list/list_label_asw.txt   38164:fFPREDICTIONSTATUS
OK: vTYPEOFEVENT      ../OutputFiles/ASW_list/ASW_Label_list/list_label_asw.txt   18671:vTYPEOFEVENT
OK: fADAS_FAILURE      ../OutputFiles/ASW_list/ASW_Label_list/list_label_asw.txt   33786:fADAS_FAILURE
OK: vSLVSOSPU_ADAS      ../OutputFiles/ASW_list/ASW_Label_list/list_label_asw.txt   18228:vSLVSOSPU_ADAS
OK: fCONTEXTUALSW      ../OutputFiles/ASW_list/ASW_Label_list/list_label_asw.txt   35672:fCONTEXTUALSW
OK: vAT_STARTSTOPMODE_V2      ../OutputFiles/ASW_list/ASW_Label_list/list_label_asw.txt   8151:vAT_STARTSTOPMODE_V2
OK: vCANI_AGB_MDF_REQ      ../OutputFiles/ASW_list/ASW_Label_list/list_label_asw.txt   8311:vCANI_AGB_MDF_REQ
OK: vATCVT_FWDCLUTCHSTATE      ../OutputFiles/ASW_list/ASW_Label_list/list_label_asw.txt   8137:vATCVT_FWDCLUTCHSTATE
OK: fPRA_INHSW_FAIL      ../OutputFiles/ASW_list/ASW_Label_list/list_label_asw.txt   39899:fPRA_INHSW_FAIL
OK: fATCVT_SYNCHROREVOLUTIONREQUEST      ../OutputFiles/ASW_list/ASW_Label_list/list_label_asw.txt   34157:fATCVT_SYNCHROREVOLUTIONREQUEST
OK: vATCVT_SYNCHROREVOLUTIONTARGET      ../OutputFiles/ASW_list/ASW_Label_list/list_label_asw.txt   780:vATCVT_SYNCHROREVOLUTIONTARGET
OK: fATOD_CAN_CVT_SPT_SW      ../OutputFiles/ASW_list/ASW_Label_list/list_label_asw.txt   34179:fATOD_CAN_CVT_SPT_SW
OK: fRQ_AXC_INHIBIT_CVT_DIAG      ../OutputFiles/ASW_list/ASW_Label_list/list_label_asw.txt   40226:fRQ_AXC_INHIBIT_CVT_DIAG
OK: vPRA_CUR_SFT_RX      ../OutputFiles/ASW_list/ASW_Label_list/list_label_asw.txt   16170:vPRA_CUR_SFT_RX
OK: vPRA_PULY_RATIO_DSR      ../OutputFiles/ASW_list/ASW_Label_list/list_label_asw.txt   16209:vPRA_PULY_RATIO_DSR
OK: vDYNAMICENGINERPM_V2      ../OutputFiles/ASW_list/ASW_Label_list/list_label_asw.txt   850:vDYNAMICENGINERPM_V2
OK: vECOMODETHROTTLEGAINSIGNAL      ../OutputFiles/ASW_list/ASW_Label_list/list_label_asw.txt   13029:vECOMODETHROTTLEGAINSIGNAL
OK: vFUELCUTREQUESTEDENGINESPEED      ../OutputFiles/ASW_list/ASW_Label_list/list_label_asw.txt   881:vFUELCUTREQUESTEDENGINESPEED
OK: vIMPULSIONALSHIFTREQUEST      ../OutputFiles/ASW_list/ASW_Label_list/list_label_asw.txt   13872:vIMPULSIONALSHIFTREQUEST
OK: vGSENVALCAN      ../OutputFiles/ASW_list/ASW_Label_list/list_label_asw.txt   6336:vGSENVALCAN
OK: fLOWOILTEMPSTATE      ../OutputFiles/ASW_list/ASW_Label_list/list_label_asw.txt   39151:fLOWOILTEMPSTATE
OK: fMANUALMODESTATE      ../OutputFiles/ASW_list/ASW_Label_list/list_label_asw.txt   39257:fMANUALMODESTATE
OK: fNIDLELRN      ../OutputFiles/ASW_list/ASW_Label_list/list_label_asw.txt   39611:fNIDLELRN
OK: fNIDLESTB      ../OutputFiles/ASW_list/ASW_Label_list/list_label_asw.txt   39613:fNIDLESTB
OK: vECHO_STATUS      ../OutputFiles/ASW_list/ASW_Label_list/list_label_asw.txt   13015:vECHO_STATUS
OK: vPRA_CAR_SPD_TM_KMPH      ../OutputFiles/ASW_list/ASW_Label_list/list_label_asw.txt   1751:vPRA_CAR_SPD_TM_KMPH
OK: vSLIPCONTROLSTATUS      ../OutputFiles/ASW_list/ASW_Label_list/list_label_asw.txt   18191:vSLIPCONTROLSTATUS
OK: vPHASEDX      ../OutputFiles/ASW_list/ASW_Label_list/list_label_asw.txt   16117:vPHASEDX
OK: vTAOK_CVT      ../OutputFiles/ASW_list/ASW_Label_list/list_label_asw.txt   18332:vTAOK_CVT
OK: vNEXTGPDX      ../OutputFiles/ASW_list/ASW_Label_list/list_label_asw.txt   16034:vNEXTGPDX
OK: vCURGPDX      ../OutputFiles/ASW_list/ASW_Label_list/list_label_asw.txt   8716:vCURGPDX
OK: fPRA_WHEL_SLIP      ../OutputFiles/ASW_list/ASW_Label_list/list_label_asw.txt   39917:fPRA_WHEL_SLIP
OK: fATCUMIL      ../OutputFiles/ASW_list/ASW_Label_list/list_label_asw.txt   34148:fATCUMIL
OK: vATTEMP      ../OutputFiles/ASW_list/ASW_Label_list/list_label_asw.txt   4144:vATTEMP
OK: vABSTM      ../OutputFiles/ASW_list/ASW_Label_list/list_label_asw.txt   7747:vABSTM
OK: vELECTRICALPOWERDRIVED_HVAC      ../OutputFiles/ASW_list/ASW_Label_list/list_label_asw.txt   4780:vELECTRICALPOWERDRIVED_HVAC
OK: vSMARTKEYLESSINFORMATIONDISP      ../OutputFiles/ASW_list/ASW_Label_list/list_label_asw.txt   18230:vSMARTKEYLESSINFORMATIONDISP
OK: fFRFOG      ../OutputFiles/ASW_list/ASW_Label_list/list_label_asw.txt   38188:fFRFOG
OK: fPOSLP      ../OutputFiles/ASW_list/ASW_Label_list/list_label_asw.txt   39835:fPOSLP
OK: fREARDEFROSTENGAGED      ../OutputFiles/ASW_list/ASW_Label_list/list_label_asw.txt   40018:fREARDEFROSTENGAGED
OK: vSTOPSTARTSWITCH      ../OutputFiles/ASW_list/ASW_Label_list/list_label_asw.txt   18295:vSTOPSTARTSWITCH
OK: fHFSSW      ../OutputFiles/ASW_list/ASW_Label_list/list_label_asw.txt   38626:fHFSSW
OK: fIDLESPEEDINCREASEREQUEST      ../OutputFiles/ASW_list/ASW_Label_list/list_label_asw.txt   38720:fIDLESPEEDINCREASEREQUEST
OK: vBCMSTEERINGSWITCHSTATUS      ../OutputFiles/ASW_list/ASW_Label_list/list_label_asw.txt   8221:vBCMSTEERINGSWITCHSTATUS
OK: fBCMSTEERINGSWITCHFAILURE      ../OutputFiles/ASW_list/ASW_Label_list/list_label_asw.txt   34276:fBCMSTEERINGSWITCHFAILURE
OK: vRX_RESSTATUS      ../OutputFiles/ASW_list/ASW_Label_list/list_label_asw.txt   18086:vRX_RESSTATUS
OK: vRX_BRKSWITCHFAIL_V2      ../OutputFiles/ASW_list/ASW_Label_list/list_label_asw.txt   18081:vRX_BRKSWITCHFAIL_V2
OK: vCLOSEACTIVEBRAKESWITCH_BCM      ../OutputFiles/ASW_list/ASW_Label_list/list_label_asw.txt   8631:vCLOSEACTIVEBRAKESWITCH_BCM
OK: vDRIVERSEATBELTFAILURESTATE      ../OutputFiles/ASW_list/ASW_Label_list/list_label_asw.txt   12956:vDRIVERSEATBELTFAILURESTATE
OK: vKEYVEHICLE      ../OutputFiles/ASW_list/ASW_Label_list/list_label_asw.txt   15681:vKEYVEHICLE
OK: vEMERGENCYENGINESTOP      ../OutputFiles/ASW_list/ASW_Label_list/list_label_asw.txt   13150:vEMERGENCYENGINESTOP
OK: vSTARTINGMODE_BCM      ../OutputFiles/ASW_list/ASW_Label_list/list_label_asw.txt   18271:vSTARTINGMODE_BCM
OK: vDRIVERDOORSTATE      ../OutputFiles/ASW_list/ASW_Label_list/list_label_asw.txt   12954:vDRIVERDOORSTATE
OK: vDRIVERSAFETYBELTBUCKLESTATE      ../OutputFiles/ASW_list/ASW_Label_list/list_label_asw.txt   12955:vDRIVERSAFETYBELTBUCKLESTATE
OK: vVEHICLESTATES      ../OutputFiles/ASW_list/ASW_Label_list/list_label_asw.txt   18846:vVEHICLESTATES
OK: vCLUTCHSWITCHMINIMUMTRAVEL      ../OutputFiles/ASW_list/ASW_Label_list/list_label_asw.txt   8638:vCLUTCHSWITCHMINIMUMTRAVEL
OK: vDRIVEMODEREQUEST      ../OutputFiles/ASW_list/ASW_Label_list/list_label_asw.txt   12952:vDRIVEMODEREQUEST
OK: vDELIVERYMODEINFORMATION_V2      ../OutputFiles/ASW_list/ASW_Label_list/list_label_asw.txt   8856:vDELIVERYMODEINFORMATION_V2
OK: vRX_BRAKEINFOSTATUS      ../OutputFiles/ASW_list/ASW_Label_list/list_label_asw.txt   18079:vRX_BRAKEINFOSTATUS
OK: vGADE      ../OutputFiles/ASW_list/ASW_Label_list/list_label_asw.txt   13569:vGADE
OK: vSTOPLAMPDIAGNOSIS      ../OutputFiles/ASW_list/ASW_Label_list/list_label_asw.txt   18293:vSTOPLAMPDIAGNOSIS
OK: fLOWBEAMREQUEST      ../OutputFiles/ASW_list/ASW_Label_list/list_label_asw.txt   39150:fLOWBEAMREQUEST
OK: fHIGHBEAMREQUEST      ../OutputFiles/ASW_list/ASW_Label_list/list_label_asw.txt   38627:fHIGHBEAMREQUEST
OK: vCLUTCHSWITCHMAXIMUMTRAVEL      ../OutputFiles/ASW_list/ASW_Label_list/list_label_asw.txt   8637:vCLUTCHSWITCHMAXIMUMTRAVEL
OK: vTHPNUMBERTHERMALREQUEST      ../OutputFiles/ASW_list/ASW_Label_list/list_label_asw.txt   18493:vTHPNUMBERTHERMALREQUEST
OK: vBMS12V_STORAGESOC      ../OutputFiles/ASW_list/ASW_Label_list/list_label_asw.txt   8248:vBMS12V_STORAGESOC
OK: vCGSALIVE      ../OutputFiles/ASW_list/ASW_Label_list/list_label_asw.txt   8507:vCGSALIVE
OK: vBOOST      ../OutputFiles/ASW_list/ASW_Label_list/list_label_asw.txt   2793:vBOOST
OK: vTVTOIL      ../OutputFiles/ASW_list/ASW_Label_list/list_label_asw.txt   3300:vTVTOIL
OK: fECM_WARNINGMESSAGE1      ../OutputFiles/ASW_list/ASW_Label_list/list_label_asw.txt   37319:fECM_WARNINGMESSAGE1
OK: fECM_WARNINGMESSAGE2      ../OutputFiles/ASW_list/ASW_Label_list/list_label_asw.txt   37320:fECM_WARNINGMESSAGE2
OK: fECM_WARNINGMESSAGE3      ../OutputFiles/ASW_list/ASW_Label_list/list_label_asw.txt   37321:fECM_WARNINGMESSAGE3
OK: fCAN_0_BOOLEAN      ../OutputFiles/ASW_list/ASW_Label_list/list_label_asw.txt   34604:fCAN_0_BOOLEAN
OK: fCAN_0_BOOLEAN      ../OutputFiles/ASW_list/ASW_Label_list/list_label_asw.txt   34604:fCAN_0_BOOLEAN
OK: fOVHJUG_RSA      ../OutputFiles/ASW_list/ASW_Label_list/list_label_asw.txt   39757:fOVHJUG_RSA
OK: fOILPRESSUREWARNING_ECM      ../OutputFiles/ASW_list/ASW_Label_list/list_label_asw.txt   39684:fOILPRESSUREWARNING_ECM
OK: fCAN_0_BOOLEAN      ../OutputFiles/ASW_list/ASW_Label_list/list_label_asw.txt   34604:fCAN_0_BOOLEAN
OK: vCONSOMUX      ../OutputFiles/ASW_list/ASW_Label_list/list_label_asw.txt   1235:vCONSOMUX
OK: vMILLAMP      ../OutputFiles/ASW_list/ASW_Label_list/list_label_asw.txt   15922:vMILLAMP
OK: vCCSLCANRSN      ../OutputFiles/ASW_list/ASW_Label_list/list_label_asw.txt   8379:vCCSLCANRSN
NG: fDEI_FABRS_1
OK: fCCSLCANRSNRER      ../OutputFiles/ASW_list/ASW_Label_list/list_label_asw.txt   35515:fCCSLCANRSNRER
OK: vCCSLTRSSTADISP      ../OutputFiles/ASW_list/ASW_Label_list/list_label_asw.txt   8380:vCCSLTRSSTADISP
OK: fENGINE_HIGH_OIL_LEVEL_WARNING      ../OutputFiles/ASW_list/ASW_Label_list/list_label_asw.txt   37549:fENGINE_HIGH_OIL_LEVEL_WARNING
OK: fENGINE_LOW_OIL_LEVEL_WARNING      ../OutputFiles/ASW_list/ASW_Label_list/list_label_asw.txt   37550:fENGINE_LOW_OIL_LEVEL_WARNING
OK: vMAXVECM      ../OutputFiles/ASW_list/ASW_Label_list/list_label_asw.txt   5094:vMAXVECM
OK: vCAN_0_UINT8      ../OutputFiles/ASW_list/ASW_Label_list/list_label_asw.txt   8320:vCAN_0_UINT8
OK: vVOLTAGEREGULATIONSTATUS_V2      ../OutputFiles/ASW_list/ASW_Label_list/list_label_asw.txt   19733:vVOLTAGEREGULATIONSTATUS_V2
OK: fWAL_2_REQ      ../OutputFiles/ASW_list/ASW_Label_list/list_label_asw.txt   41736:fWAL_2_REQ
OK: vMINVFUELPUMP      ../OutputFiles/ASW_list/ASW_Label_list/list_label_asw.txt   5102:vMINVFUELPUMP
OK: vALTCURLN      ../OutputFiles/ASW_list/ASW_Label_list/list_label_asw.txt   6387:vALTCURLN
OK: vENGINEFANSPEEDREQUESTPWM_ECM      ../OutputFiles/ASW_list/ASW_Label_list/list_label_asw.txt   13162:vENGINEFANSPEEDREQUESTPWM_ECM
OK: fCAN_0_BOOLEAN      ../OutputFiles/ASW_list/ASW_Label_list/list_label_asw.txt   34604:fCAN_0_BOOLEAN
OK: vALTLOAD      ../OutputFiles/ASW_list/ASW_Label_list/list_label_asw.txt   8052:vALTLOAD
OK: fENGINECONTROLFAILURELEVEL1      ../OutputFiles/ASW_list/ASW_Label_list/list_label_asw.txt   37546:fENGINECONTROLFAILURELEVEL1
OK: vMAXELECTRICALPOWERALLOWED      ../OutputFiles/ASW_list/ASW_Label_list/list_label_asw.txt   4783:vMAXELECTRICALPOWERALLOWED
OK: vMINVECM      ../OutputFiles/ASW_list/ASW_Label_list/list_label_asw.txt   5100:vMINVECM
OK: fESS_AUTOSTARTIMPOSSIBLE      ../OutputFiles/ASW_list/ASW_Label_list/list_label_asw.txt   37668:fESS_AUTOSTARTIMPOSSIBLE
OK: vADVISORECONOMETER      ../OutputFiles/ASW_list/ASW_Label_list/list_label_asw.txt   7866:vADVISORECONOMETER
OK: vTAN      ../OutputFiles/ASW_list/ASW_Label_list/list_label_asw.txt   3177:vTAN
OK: fGEAR_CGE_MAX_N      ../OutputFiles/ASW_list/ASW_Label_list/list_label_asw.txt   38408:fGEAR_CGE_MAX_N
OK: vOPS_CAN      ../OutputFiles/ASW_list/ASW_Label_list/list_label_asw.txt   16073:vOPS_CAN
OK: vCAN_0_FLOAT      ../OutputFiles/ASW_list/ASW_Label_list/list_label_asw.txt   8319:vCAN_0_FLOAT
OK: vACCELERATIONINDICATOR      ../OutputFiles/ASW_list/ASW_Label_list/list_label_asw.txt   7751:vACCELERATIONINDICATOR
OK: vFLUENTDRIVINGINDICATOR      ../OutputFiles/ASW_list/ASW_Label_list/list_label_asw.txt   13504:vFLUENTDRIVINGINDICATOR
OK: vGSI_RESPECT      ../OutputFiles/ASW_list/ASW_Label_list/list_label_asw.txt   13688:vGSI_RESPECT
OK: vCC_ACC_UNAV_DISP      ../OutputFiles/ASW_list/ASW_Label_list/list_label_asw.txt   8392:vCC_ACC_UNAV_DISP
OK: vCC_ACC_DEACT_WARN      ../OutputFiles/ASW_list/ASW_Label_list/list_label_asw.txt   8389:vCC_ACC_DEACT_WARN
OK: vVEHICLESPEEDDISPLAYEDINKMH      ../OutputFiles/ASW_list/ASW_Label_list/list_label_asw.txt   1805:vVEHICLESPEEDDISPLAYEDINKMH
OK: fSAIL_STOP_ACT_STA      ../OutputFiles/ASW_list/ASW_Label_list/list_label_asw.txt   40289:fSAIL_STOP_ACT_STA
OK: vCAN_0_UINT8      ../OutputFiles/ASW_list/ASW_Label_list/list_label_asw.txt   8320:vCAN_0_UINT8
OK: fSAILINGACTIVATIONIDLESTATUS      ../OutputFiles/ASW_list/ASW_Label_list/list_label_asw.txt   40288:fSAILINGACTIVATIONIDLESTATUS
OK: vVEHICLESPEEDDISPLAYEDINMPH      ../OutputFiles/ASW_list/ASW_Label_list/list_label_asw.txt   1234:vVEHICLESPEEDDISPLAYEDINMPH
OK: vCRUISEECOACTIVATIONSTATE      ../OutputFiles/ASW_list/ASW_Label_list/list_label_asw.txt   8686:vCRUISEECOACTIVATIONSTATE
OK: fVSPOVER      ../OutputFiles/ASW_list/ASW_Label_list/list_label_asw.txt   41593:fVSPOVER
OK: fCAPWREQ      ../OutputFiles/ASW_list/ASW_Label_list/list_label_asw.txt   35431:fCAPWREQ
OK: vSTOPSTARTINFORMATIONDISPLAY      ../OutputFiles/ASW_list/ASW_Label_list/list_label_asw.txt   18294:vSTOPSTARTINFORMATIONDISPLAY
OK: vSAILINGIDLEDISPLAY      ../OutputFiles/ASW_list/ASW_Label_list/list_label_asw.txt   18092:vSAILINGIDLEDISPLAY
OK: fVSPOVALM      ../OutputFiles/ASW_list/ASW_Label_list/list_label_asw.txt   41592:fVSPOVALM
OK: fIDLESTOPAPPLICATION      ../OutputFiles/ASW_list/ASW_Label_list/list_label_asw.txt   38721:fIDLESTOPAPPLICATION
OK: fAPSKDCAN      ../OutputFiles/ASW_list/ASW_Label_list/list_label_asw.txt   34063:fAPSKDCAN
OK: vCAN_0_FLOAT      ../OutputFiles/ASW_list/ASW_Label_list/list_label_asw.txt   8319:vCAN_0_FLOAT
OK: vCCSL_CUR_REG_SPD      ../OutputFiles/ASW_list/ASW_Label_list/list_label_asw.txt   8383:vCCSL_CUR_REG_SPD
OK: vPPAMBTTE      ../OutputFiles/ASW_list/ASW_Label_list/list_label_asw.txt   2189:vPPAMBTTE
OK: vVSX_DBC_FAIL_STT      ../OutputFiles/ASW_list/ASW_Label_list/list_label_asw.txt   19812:vVSX_DBC_FAIL_STT
OK: vDVBECM      ../OutputFiles/ASW_list/ASW_Label_list/list_label_asw.txt   13012:vDVBECM
OK: fSTCUT_RLY_REQUEST      ../OutputFiles/ASW_list/ASW_Label_list/list_label_asw.txt   40560:fSTCUT_RLY_REQUEST
OK: fPROD_LOSS_DETEC_STA      ../OutputFiles/ASW_list/ASW_Label_list/list_label_asw.txt   39927:fPROD_LOSS_DETEC_STA
OK: fSTOPSTARTACTIVATIONSTATUS      ../OutputFiles/ASW_list/ASW_Label_list/list_label_asw.txt   40571:fSTOPSTARTACTIVATIONSTATUS
OK: fPDCUT      ../OutputFiles/ASW_list/ASW_Label_list/list_label_asw.txt   39784:fPDCUT
OK: fIGOFFDELAYREQUEST      ../OutputFiles/ASW_list/ASW_Label_list/list_label_asw.txt   38789:fIGOFFDELAYREQUEST
OK: vENGINECOOLANTFLOWSTATUS      ../OutputFiles/ASW_list/ASW_Label_list/list_label_asw.txt   13159:vENGINECOOLANTFLOWSTATUS
OK: vECM_VERLOGSTATUS      ../OutputFiles/ASW_list/ASW_Label_list/list_label_asw.txt   13021:vECM_VERLOGSTATUS
OK: vCAN_0_FLOAT      ../OutputFiles/ASW_list/ASW_Label_list/list_label_asw.txt   8319:vCAN_0_FLOAT
OK: vCAN_0_UINT8      ../OutputFiles/ASW_list/ASW_Label_list/list_label_asw.txt   8320:vCAN_0_UINT8
OK: vCAN_0_UINT8      ../OutputFiles/ASW_list/ASW_Label_list/list_label_asw.txt   8320:vCAN_0_UINT8
OK: vCAN_0_UINT8      ../OutputFiles/ASW_list/ASW_Label_list/list_label_asw.txt   8320:vCAN_0_UINT8
OK: vCAN_0_FLOAT      ../OutputFiles/ASW_list/ASW_Label_list/list_label_asw.txt   8319:vCAN_0_FLOAT
OK: vCAN_0_UINT8      ../OutputFiles/ASW_list/ASW_Label_list/list_label_asw.txt   8320:vCAN_0_UINT8
OK: fCAN_0_BOOLEAN      ../OutputFiles/ASW_list/ASW_Label_list/list_label_asw.txt   34604:fCAN_0_BOOLEAN
OK: fCAN_0_BOOLEAN      ../OutputFiles/ASW_list/ASW_Label_list/list_label_asw.txt   34604:fCAN_0_BOOLEAN
OK: fGPFLON      ../OutputFiles/ASW_list/ASW_Label_list/list_label_asw.txt   38470:fGPFLON
OK: fCAN_0_BOOLEAN      ../OutputFiles/ASW_list/ASW_Label_list/list_label_asw.txt   34604:fCAN_0_BOOLEAN
OK: vCOMPUTEDOILDRAININGRANGE      ../OutputFiles/ASW_list/ASW_Label_list/list_label_asw.txt   1858:vCOMPUTEDOILDRAININGRANGE
OK: vCONSOMUX      ../OutputFiles/ASW_list/ASW_Label_list/list_label_asw.txt   1235:vCONSOMUX
OK: vCAN_0_UINT8      ../OutputFiles/ASW_list/ASW_Label_list/list_label_asw.txt   8320:vCAN_0_UINT8
OK: vCAN_0_UINT8      ../OutputFiles/ASW_list/ASW_Label_list/list_label_asw.txt   8320:vCAN_0_UINT8
OK: vVSX_BSG_MOD_REQ_SENT      ../OutputFiles/ASW_list/ASW_Label_list/list_label_asw.txt   19802:vVSX_BSG_MOD_REQ_SENT
OK: vPOWERTRAINSETPOINT      ../OutputFiles/ASW_list/ASW_Label_list/list_label_asw.txt   16128:vPOWERTRAINSETPOINT
OK: vRAWSENSOR      ../OutputFiles/ASW_list/ASW_Label_list/list_label_asw.txt   16335:vRAWSENSOR
OK: fBMCACK      ../OutputFiles/ASW_list/ASW_Label_list/list_label_asw.txt   34331:fBMCACK
OK: vCLUTCHPOSITIONSENSOR      ../OutputFiles/ASW_list/ASW_Label_list/list_label_asw.txt   8636:vCLUTCHPOSITIONSENSOR
OK: vSTOPAUTOPHASE      ../OutputFiles/ASW_list/ASW_Label_list/list_label_asw.txt   18292:vSTOPAUTOPHASE
OK: fETSACK      ../OutputFiles/ASW_list/ASW_Label_list/list_label_asw.txt   37734:fETSACK
OK: vTQREQSF      ../OutputFiles/ASW_list/ASW_Label_list/list_label_asw.txt   18591:vTQREQSF
OK: vREQUESTEDWHEELTORQUEAFTERPROC      ../OutputFiles/ASW_list/ASW_Label_list/list_label_asw.txt   5429:vREQUESTEDWHEELTORQUEAFTERPROC
OK: vAPA_ECMSTATUS      ../OutputFiles/ASW_list/ASW_Label_list/list_label_asw.txt   8065:vAPA_ECMSTATUS
OK: vECM_ESTIMATEDPWTWHEELTORQUE      ../OutputFiles/ASW_list/ASW_Label_list/list_label_asw.txt   5325:vECM_ESTIMATEDPWTWHEELTORQUE
OK: vCANO_ENG_STOP_SRCE      ../OutputFiles/ASW_list/ASW_Label_list/list_label_asw.txt   8318:vCANO_ENG_STOP_SRCE
OK: vPOWERTRAINSTATUS      ../OutputFiles/ASW_list/ASW_Label_list/list_label_asw.txt   16130:vPOWERTRAINSTATUS
OK: vKNRPM      ../OutputFiles/ASW_list/ASW_Label_list/list_label_asw.txt   933:vKNRPM
OK: vTQ12ENG      ../OutputFiles/ASW_list/ASW_Label_list/list_label_asw.txt   5543:vTQ12ENG
OK: vACC_ENGINEPERFORMANCESTATUS      ../OutputFiles/ASW_list/ASW_Label_list/list_label_asw.txt   7763:vACC_ENGINEPERFORMANCESTATUS
OK: vPRA_CUR_SFT_RX      ../OutputFiles/ASW_list/ASW_Label_list/list_label_asw.txt   16170:vPRA_CUR_SFT_RX
OK: vVXX_MIN_WHL_TQE_ESTI_1      ../OutputFiles/ASW_list/ASW_Label_list/list_label_asw.txt   5848:vVXX_MIN_WHL_TQE_ESTI_1
OK: vVXX_MIN_WHL_TQE_ESTI_2      ../OutputFiles/ASW_list/ASW_Label_list/list_label_asw.txt   5849:vVXX_MIN_WHL_TQE_ESTI_2
OK: vVXX_MIN_WHL_TQE_ESTI_3      ../OutputFiles/ASW_list/ASW_Label_list/list_label_asw.txt   5850:vVXX_MIN_WHL_TQE_ESTI_3
OK: vVXX_MIN_WHL_TQE_ESTI_4      ../OutputFiles/ASW_list/ASW_Label_list/list_label_asw.txt   5851:vVXX_MIN_WHL_TQE_ESTI_4
OK: vVXX_MIN_WHL_TQE_ESTI_5      ../OutputFiles/ASW_list/ASW_Label_list/list_label_asw.txt   5852:vVXX_MIN_WHL_TQE_ESTI_5
OK: vVXX_MIN_WHL_TQE_ESTI_6      ../OutputFiles/ASW_list/ASW_Label_list/list_label_asw.txt   5853:vVXX_MIN_WHL_TQE_ESTI_6
OK: vVXX_MIN_WHL_TQE_ESTI_7      ../OutputFiles/ASW_list/ASW_Label_list/list_label_asw.txt   5854:vVXX_MIN_WHL_TQE_ESTI_7
OK: vVXX_MIN_WHL_TQE_ESTI_8      ../OutputFiles/ASW_list/ASW_Label_list/list_label_asw.txt   5855:vVXX_MIN_WHL_TQE_ESTI_8
OK: vOBD_VALUE      ../OutputFiles/ASW_list/ASW_Label_list/list_label_asw.txt   16060:vOBD_VALUE
OK: vICE_MAXENGINESPEEDREQ      ../OutputFiles/ASW_list/ASW_Label_list/list_label_asw.txt   892:vICE_MAXENGINESPEEDREQ
OK: fFSTRSTOK      ../OutputFiles/ASW_list/ASW_Label_list/list_label_asw.txt   38260:fFSTRSTOK
OK: fRDYNORM      ../OutputFiles/ASW_list/ASW_Label_list/list_label_asw.txt   40012:fRDYNORM
OK: vATMARKID      ../OutputFiles/ASW_list/ASW_Label_list/list_label_asw.txt   8141:vATMARKID
OK: vSLIPCONTROLREQUEST2      ../OutputFiles/ASW_list/ASW_Label_list/list_label_asw.txt   18190:vSLIPCONTROLREQUEST2
OK: fGNRTRP0      ../OutputFiles/ASW_list/ASW_Label_list/list_label_asw.txt   38434:fGNRTRP0
OK: fWARMUPCYCLE      ../OutputFiles/ASW_list/ASW_Label_list/list_label_asw.txt   41737:fWARMUPCYCLE
OK: fMCMATGO      ../OutputFiles/ASW_list/ASW_Label_list/list_label_asw.txt   39287:fMCMATGO
OK: fAGBACK      ../OutputFiles/ASW_list/ASW_Label_list/list_label_asw.txt   33946:fAGBACK
OK: vBATTWARNREQ_LEVEL_HI      ../OutputFiles/ASW_list/ASW_Label_list/list_label_asw.txt   8217:vBATTWARNREQ_LEVEL_HI
OK: fDAPSNG      ../OutputFiles/ASW_list/ASW_Label_list/list_label_asw.txt   35880:fDAPSNG
OK: vTWNNEW      ../OutputFiles/ASW_list/ASW_Label_list/list_label_asw.txt   3342:vTWNNEW
OK: fBATTWARNREQ_LEVEL_LOW      ../OutputFiles/ASW_list/ASW_Label_list/list_label_asw.txt   34263:fBATTWARNREQ_LEVEL_LOW
OK: fIDLESTOPBRAKEHOLDFUNCTIONREQ      ../OutputFiles/ASW_list/ASW_Label_list/list_label_asw.txt   38722:fIDLESTOPBRAKEHOLDFUNCTIONREQ
OK: vSTEERINGSWITCHSTATUS      ../OutputFiles/ASW_list/ASW_Label_list/list_label_asw.txt   18287:vSTEERINGSWITCHSTATUS
OK: fSTEERINGSWITCHESFAILURE      ../OutputFiles/ASW_list/ASW_Label_list/list_label_asw.txt   40561:fSTEERINGSWITCHESFAILURE
OK: fACCFORCELEADTIMECONTROL      ../OutputFiles/ASW_list/ASW_Label_list/list_label_asw.txt   33506:fACCFORCELEADTIMECONTROL
OK: vAC_MAX_POW_ENA      ../OutputFiles/ASW_list/ASW_Label_list/list_label_asw.txt   4772:vAC_MAX_POW_ENA
OK: vACHIGHPRESSURESENSOR      ../OutputFiles/ASW_list/ASW_Label_list/list_label_asw.txt   7778:vACHIGHPRESSURESENSOR
OK: vALTOPTV      ../OutputFiles/ASW_list/ASW_Label_list/list_label_asw.txt   4855:vALTOPTV
OK: fACOUTV      ../OutputFiles/ASW_list/ASW_Label_list/list_label_asw.txt   33606:fACOUTV
OK: vELECTRICALPOWERCUTFREEZE      ../OutputFiles/ASW_list/ASW_Label_list/list_label_asw.txt   13146:vELECTRICALPOWERCUTFREEZE
OK: vENGINERPMDISPLAY      ../OutputFiles/ASW_list/ASW_Label_list/list_label_asw.txt   852:vENGINERPMDISPLAY
OK: vENA_STA_ECM      ../OutputFiles/ASW_list/ASW_Label_list/list_label_asw.txt   13153:vENA_STA_ECM
OK: vDRIVERWHEELTORQUEREQUEST      ../OutputFiles/ASW_list/ASW_Label_list/list_label_asw.txt   5323:vDRIVERWHEELTORQUEREQUEST
OK: vMAXINSTANTPOWERTRAINWHEELTQ      ../OutputFiles/ASW_list/ASW_Label_list/list_label_asw.txt   5377:vMAXINSTANTPOWERTRAINWHEELTQ
OK: vMAXPOWERTRAINWHEELTORQUE      ../OutputFiles/ASW_list/ASW_Label_list/list_label_asw.txt   5378:vMAXPOWERTRAINWHEELTORQUE
OK: vMINPOWERTRAINWHEELTORQUE      ../OutputFiles/ASW_list/ASW_Label_list/list_label_asw.txt   5393:vMINPOWERTRAINWHEELTORQUE
OK: vDCA_PWTTRQLIM_MIN      ../OutputFiles/ASW_list/ASW_Label_list/list_label_asw.txt   5315:vDCA_PWTTRQLIM_MIN
OK: fCCSLSTATUSFORBRAKINGSYSTEM      ../OutputFiles/ASW_list/ASW_Label_list/list_label_asw.txt   35516:fCCSLSTATUSFORBRAKINGSYSTEM
OK: vBRAKEWHEELTORQUEREQUEST      ../OutputFiles/ASW_list/ASW_Label_list/list_label_asw.txt   5303:vBRAKEWHEELTORQUEREQUEST
OK: fBRAKEWHEELTORQUEORDER      ../OutputFiles/ASW_list/ASW_Label_list/list_label_asw.txt   34369:fBRAKEWHEELTORQUEORDER
OK: vCCSTATUS      ../OutputFiles/ASW_list/ASW_Label_list/list_label_asw.txt   8385:vCCSTATUS
OK: fPWTWHEELTORQUELIMITSTA      ../OutputFiles/ASW_list/ASW_Label_list/list_label_asw.txt   39964:fPWTWHEELTORQUELIMITSTA
OK: vECM_SAILING_REQ      ../OutputFiles/ASW_list/ASW_Label_list/list_label_asw.txt   13016:vECM_SAILING_REQ
OK: fDRIVEROVERRIDE      ../OutputFiles/ASW_list/ASW_Label_list/list_label_asw.txt   37255:fDRIVEROVERRIDE
OK: vADAS_MT_GEAR_SIP      ../OutputFiles/ASW_list/ASW_Label_list/list_label_asw.txt   7819:vADAS_MT_GEAR_SIP
OK: fESPACK      ../OutputFiles/ASW_list/ASW_Label_list/list_label_asw.txt   37652:fESPACK
OK: vALLDRIVERWHLTRQREQUEST      ../OutputFiles/ASW_list/ASW_Label_list/list_label_asw.txt   5280:vALLDRIVERWHLTRQREQUEST
OK: fVMC_ATCWHLTRQLIMITSTA      ../OutputFiles/ASW_list/ASW_Label_list/list_label_asw.txt   41527:fVMC_ATCWHLTRQLIMITSTA
OK: vMAX_INST_TQ      ../OutputFiles/ASW_list/ASW_Label_list/list_label_asw.txt   5382:vMAX_INST_TQ
OK: vMIN_INST_TQ      ../OutputFiles/ASW_list/ASW_Label_list/list_label_asw.txt   5395:vMIN_INST_TQ
OK: vECM_STARTSTOPSTATUS_V3      ../OutputFiles/ASW_list/ASW_Label_list/list_label_asw.txt   13018:vECM_STARTSTOPSTATUS_V3
OK: vREQUESTEDTORQUEAFTERPROC      ../OutputFiles/ASW_list/ASW_Label_list/list_label_asw.txt   5427:vREQUESTEDTORQUEAFTERPROC
OK: vNSET0      ../OutputFiles/ASW_list/ASW_Label_list/list_label_asw.txt   1022:vNSET0
OK: vENG_RF_SPD_TG      ../OutputFiles/ASW_list/ASW_Label_list/list_label_asw.txt   854:vENG_RF_SPD_TG
OK: vECM_STARTSTOPSTT_WARNTYP      ../OutputFiles/ASW_list/ASW_Label_list/list_label_asw.txt   13019:vECM_STARTSTOPSTT_WARNTYP
OK: fTA_TRANSI      ../OutputFiles/ASW_list/ASW_Label_list/list_label_asw.txt   40692:fTA_TRANSI
OK: vTARQ_ECM      ../OutputFiles/ASW_list/ASW_Label_list/list_label_asw.txt   18334:vTARQ_ECM
OK: vLUREQSF      ../OutputFiles/ASW_list/ASW_Label_list/list_label_asw.txt   15811:vLUREQSF
OK: fCAN_0_BOOLEAN      ../OutputFiles/ASW_list/ASW_Label_list/list_label_asw.txt   34604:fCAN_0_BOOLEAN
OK: fFUELCUTSTATUS      ../OutputFiles/ASW_list/ASW_Label_list/list_label_asw.txt   38330:fFUELCUTSTATUS
OK: vCAN_0_UINT8      ../OutputFiles/ASW_list/ASW_Label_list/list_label_asw.txt   8320:vCAN_0_UINT8
OK: fPRA_LINEAR_UP_SFT      ../OutputFiles/ASW_list/ASW_Label_list/list_label_asw.txt   39901:fPRA_LINEAR_UP_SFT
OK: vTQ12FRIC      ../OutputFiles/ASW_list/ASW_Label_list/list_label_asw.txt   5547:vTQ12FRIC
OK: fTAACT      ../OutputFiles/ASW_list/ASW_Label_list/list_label_asw.txt   40634:fTAACT
OK: fRQ_LINEAR_MODE_CAN      ../OutputFiles/ASW_list/ASW_Label_list/list_label_asw.txt   40246:fRQ_LINEAR_MODE_CAN
OK: fRQ_AXC_TEMPMCANCL      ../OutputFiles/ASW_list/ASW_Label_list/list_label_asw.txt   40236:fRQ_AXC_TEMPMCANCL
OK: vTG_PRI_REV_LMT_RPM      ../OutputFiles/ASW_list/ASW_Label_list/list_label_asw.txt   1154:vTG_PRI_REV_LMT_RPM
OK: fPRA_BRAKE_DOWN_SFT_TC      ../OutputFiles/ASW_list/ASW_Label_list/list_label_asw.txt   39892:fPRA_BRAKE_DOWN_SFT_TC
OK: vECHO_STATUS      ../OutputFiles/ASW_list/ASW_Label_list/list_label_asw.txt   13015:vECHO_STATUS
OK: vECOPADF      ../OutputFiles/ASW_list/ASW_Label_list/list_label_asw.txt   5903:vECOPADF
OK: vAGSI      ../OutputFiles/ASW_list/ASW_Label_list/list_label_asw.txt   7993:vAGSI
OK: vVSPTGTC      ../OutputFiles/ASW_list/ASW_Label_list/list_label_asw.txt   1842:vVSPTGTC
OK: vAGSITGTGP      ../OutputFiles/ASW_list/ASW_Label_list/list_label_asw.txt   7994:vAGSITGTGP
OK: vCCDISPFS      ../OutputFiles/ASW_list/ASW_Label_list/list_label_asw.txt   8351:vCCDISPFS
OK: vECOPSTCB      ../OutputFiles/ASW_list/ASW_Label_list/list_label_asw.txt   13031:vECOPSTCB
OK: fCAN_0_BOOLEAN      ../OutputFiles/ASW_list/ASW_Label_list/list_label_asw.txt   34604:fCAN_0_BOOLEAN
OK: vCDMODEST_CAN      ../OutputFiles/ASW_list/ASW_Label_list/list_label_asw.txt   8492:vCDMODEST_CAN
OK: fFREE_KM_CAL_AUTHORIZE      ../OutputFiles/ASW_list/ASW_Label_list/list_label_asw.txt   38185:fFREE_KM_CAL_AUTHORIZE
OK: vVCR4METER      ../OutputFiles/ASW_list/ASW_Label_list/list_label_asw.txt   18803:vVCR4METER
OK: vTAN      ../OutputFiles/ASW_list/ASW_Label_list/list_label_asw.txt   3177:vTAN
OK: fCAN_0_BOOLEAN      ../OutputFiles/ASW_list/ASW_Label_list/list_label_asw.txt   34604:fCAN_0_BOOLEAN
OK: fCAN_0_BOOLEAN      ../OutputFiles/ASW_list/ASW_Label_list/list_label_asw.txt   34604:fCAN_0_BOOLEAN
OK: vECOMLEV      ../OutputFiles/ASW_list/ASW_Label_list/list_label_asw.txt   13025:vECOMLEV
OK: vCAN_0_FLOAT      ../OutputFiles/ASW_list/ASW_Label_list/list_label_asw.txt   8319:vCAN_0_FLOAT
OK: vGNRTRPSEND      ../OutputFiles/ASW_list/ASW_Label_list/list_label_asw.txt   13635:vGNRTRPSEND
OK: vPRGFLTRPSEND      ../OutputFiles/ASW_list/ASW_Label_list/list_label_asw.txt   16220:vPRGFLTRPSEND
OK: vCLDSTRPSEND      ../OutputFiles/ASW_list/ASW_Label_list/list_label_asw.txt   8626:vCLDSTRPSEND
OK: fESTRP      ../OutputFiles/ASW_list/ASW_Label_list/list_label_asw.txt   37676:fESTRP
OK: vPOWERTRAINSETPOINT      ../OutputFiles/ASW_list/ASW_Label_list/list_label_asw.txt   16128:vPOWERTRAINSETPOINT
OK: vSTARTERACTIVATIONCOUNTER      ../OutputFiles/ASW_list/ASW_Label_list/list_label_asw.txt   4608:vSTARTERACTIVATIONCOUNTER
OK: vHPP_STA_NR_TMP      ../OutputFiles/ASW_list/ASW_Label_list/list_label_asw.txt   13732:vHPP_STA_NR_TMP
OK: vBSGACTIVATIONCOUNTER      ../OutputFiles/ASW_list/ASW_Label_list/list_label_asw.txt   4153:vBSGACTIVATIONCOUNTER
OK: vPARKINGBRAKEREQUESTINPROGRESS      ../OutputFiles/ASW_list/ASW_Label_list/list_label_asw.txt   16087:vPARKINGBRAKEREQUESTINPROGRESS
OK: vRX_ETS_SLOWWHEELTORQUEREQ      ../OutputFiles/ASW_list/ASW_Label_list/list_label_asw.txt   5448:vRX_ETS_SLOWWHEELTORQUEREQ
OK: vETSMODE      ../OutputFiles/ASW_list/ASW_Label_list/list_label_asw.txt   13232:vETSMODE
OK: fETQDNETS      ../OutputFiles/ASW_list/ASW_Label_list/list_label_asw.txt   37728:fETQDNETS
OK: fPUSHSW      ../OutputFiles/ASW_list/ASW_Label_list/list_label_asw.txt   39956:fPUSHSW
OK: vAC_CABINTEMPERATURE      ../OutputFiles/ASW_list/ASW_Label_list/list_label_asw.txt   3437:vAC_CABINTEMPERATURE
OK: vAC_EVAPORATORTEMPMEASURE      ../OutputFiles/ASW_list/ASW_Label_list/list_label_asw.txt   3438:vAC_EVAPORATORTEMPMEASURE
OK: vEVAPORATORPRESSURE      ../OutputFiles/ASW_list/ASW_Label_list/list_label_asw.txt   13234:vEVAPORATORPRESSURE
OK: vAC_CABIN_TEMP_SEN_STA      ../OutputFiles/ASW_list/ASW_Label_list/list_label_asw.txt   7796:vAC_CABIN_TEMP_SEN_STA
OK: vAC_EVAPO_TMP_SEN_STA      ../OutputFiles/ASW_list/ASW_Label_list/list_label_asw.txt   7799:vAC_EVAPO_TMP_SEN_STA
OK: vSUNSENSOR_VALUE      ../OutputFiles/ASW_list/ASW_Label_list/list_label_asw.txt   18309:vSUNSENSOR_VALUE
OK: vSUNSENSOR_STATE      ../OutputFiles/ASW_list/ASW_Label_list/list_label_asw.txt   18308:vSUNSENSOR_STATE
OK: fBLOWERFANMOTORSTATUS_AC      ../OutputFiles/ASW_list/ASW_Label_list/list_label_asw.txt   34330:fBLOWERFANMOTORSTATUS_AC
OK: vENGINEFANSPEEDREQUESTPWM_AC      ../OutputFiles/ASW_list/ASW_Label_list/list_label_asw.txt   13161:vENGINEFANSPEEDREQUESTPWM_AC
OK: fACCOMPREQUEST      ../OutputFiles/ASW_list/ASW_Label_list/list_label_asw.txt   33517:fACCOMPREQUEST
OK: vAC_CLUTCHOPENFORBIDDEN      ../OutputFiles/ASW_list/ASW_Label_list/list_label_asw.txt   7797:vAC_CLUTCHOPENFORBIDDEN
OK: vAC_STOPAUTOFORBIDDEN      ../OutputFiles/ASW_list/ASW_Label_list/list_label_asw.txt   7801:vAC_STOPAUTOFORBIDDEN
OK: vACCMPPWR      ../OutputFiles/ASW_list/ASW_Label_list/list_label_asw.txt   4767:vACCMPPWR
OK: vACMINENGINEIDLESPEEDREQUEST      ../OutputFiles/ASW_list/ASW_Label_list/list_label_asw.txt   772:vACMINENGINEIDLESPEEDREQUEST
OK: fAC_CUSTOMERREQUEST      ../OutputFiles/ASW_list/ASW_Label_list/list_label_asw.txt   33645:fAC_CUSTOMERREQUEST
OK: vAC_COOLINGLEVELREQUEST      ../OutputFiles/ASW_list/ASW_Label_list/list_label_asw.txt   7798:vAC_COOLINGLEVELREQUEST
OK: vAC_HEATINGLEVELREQUEST      ../OutputFiles/ASW_list/ASW_Label_list/list_label_asw.txt   7800:vAC_HEATINGLEVELREQUEST
OK: fAIRSHUTTEROPENINGREQUEST_100ms      ../OutputFiles/ASW_list/ASW_Label_list/list_label_asw.txt   33993:fAIRSHUTTEROPENINGREQUEST_100ms
OK: fAIRSHUTTERCLOSINGREQUEST      ../OutputFiles/ASW_list/ASW_Label_list/list_label_asw.txt   33991:fAIRSHUTTERCLOSINGREQUEST
OK: fENGINEWATERVALVECLOSINGREQUEST      ../OutputFiles/ASW_list/ASW_Label_list/list_label_asw.txt   37548:fENGINEWATERVALVECLOSINGREQUEST
OK: fENGINEWATERVALVECLOSINGAUTHOR      ../OutputFiles/ASW_list/ASW_Label_list/list_label_asw.txt   37547:fENGINEWATERVALVECLOSINGAUTHOR
OK: vECOPITSW      ../OutputFiles/ASW_list/ASW_Label_list/list_label_asw.txt   13030:vECOPITSW
OK: vCRUISEECOACTIVATIONREQUEST2      ../OutputFiles/ASW_list/ASW_Label_list/list_label_asw.txt   8685:vCRUISEECOACTIVATIONREQUEST2
OK: vPREDICTIVESHIFTACTIVATIONREQ2      ../OutputFiles/ASW_list/ASW_Label_list/list_label_asw.txt   16219:vPREDICTIVESHIFTACTIVATIONREQ2
OK: vSAIL_STP_ACT_REQ2      ../OutputFiles/ASW_list/ASW_Label_list/list_label_asw.txt   18094:vSAIL_STP_ACT_REQ2
OK: vSAILINGIDLEACTIVATIONREQ2      ../OutputFiles/ASW_list/ASW_Label_list/list_label_asw.txt   18091:vSAILINGIDLEACTIVATIONREQ2
OK: vRAWFUELGAUGE      ../OutputFiles/ASW_list/ASW_Label_list/list_label_asw.txt   1229:vRAWFUELGAUGE
OK: vDFUELLOW      ../OutputFiles/ASW_list/ASW_Label_list/list_label_asw.txt   8867:vDFUELLOW
OK: fMANUALDPFREGENERATIONREQUEST      ../OutputFiles/ASW_list/ASW_Label_list/list_label_asw.txt   39256:fMANUALDPFREGENERATIONREQUEST
OK: fOCSRESET      ../OutputFiles/ASW_list/ASW_Label_list/list_label_asw.txt   39675:fOCSRESET
OK: fCAPWCLR      ../OutputFiles/ASW_list/ASW_Label_list/list_label_asw.txt   35427:fCAPWCLR
OK: vFUELLVL      ../OutputFiles/ASW_list/ASW_Label_list/list_label_asw.txt   6251:vFUELLVL
OK: vGLB_VEC_WARN_STA      ../OutputFiles/ASW_list/ASW_Label_list/list_label_asw.txt   13629:vGLB_VEC_WARN_STA
OK: fDISPMPH      ../OutputFiles/ASW_list/ASW_Label_list/list_label_asw.txt   37222:fDISPMPH
OK: vPARKINGBRAKESTATUS      ../OutputFiles/ASW_list/ASW_Label_list/list_label_asw.txt   16088:vPARKINGBRAKESTATUS
OK: vTENV      ../OutputFiles/ASW_list/ASW_Label_list/list_label_asw.txt   3251:vTENV
OK: vCRUISEECOACTIVATIONREQUEST      ../OutputFiles/ASW_list/ASW_Label_list/list_label_asw.txt   8684:vCRUISEECOACTIVATIONREQUEST
OK: vPREDICTIVESHIFTACTIVATIONREQ      ../OutputFiles/ASW_list/ASW_Label_list/list_label_asw.txt   16218:vPREDICTIVESHIFTACTIVATIONREQ
OK: vSAIL_STP_ACT_REQ      ../OutputFiles/ASW_list/ASW_Label_list/list_label_asw.txt   18093:vSAIL_STP_ACT_REQ
OK: vSAILINGIDLEACTIVATIONREQ      ../OutputFiles/ASW_list/ASW_Label_list/list_label_asw.txt   18090:vSAILINGIDLEACTIVATIONREQ
OK: vVNT_SIGMA_AIRB_CAN_TRG_FRM      ../OutputFiles/ASW_list/ASW_Label_list/list_label_asw.txt   18874:vVNT_SIGMA_AIRB_CAN_TRG_FRM
OK: vVNT_SIGMA_AIRB_CAN_TRG_FRM      ../OutputFiles/ASW_list/ASW_Label_list/list_label_asw.txt   18874:vVNT_SIGMA_AIRB_CAN_TRG_FRM
OK: vVNT_SIGMA_GBX_CAN_TRG_FRM      ../OutputFiles/ASW_list/ASW_Label_list/list_label_asw.txt   18884:vVNT_SIGMA_GBX_CAN_TRG_FRM
OK: vVNT_SIGMA_GBX_CAN_TRG_FRM      ../OutputFiles/ASW_list/ASW_Label_list/list_label_asw.txt   18884:vVNT_SIGMA_GBX_CAN_TRG_FRM
OK: vVNT_SIGMA_BCM_CAN_TRG_FRM      ../OutputFiles/ASW_list/ASW_Label_list/list_label_asw.txt   18877:vVNT_SIGMA_BCM_CAN_TRG_FRM
OK: vVNT_SIGMA_BCM_CAN_TRG_FRM      ../OutputFiles/ASW_list/ASW_Label_list/list_label_asw.txt   18877:vVNT_SIGMA_BCM_CAN_TRG_FRM
OK: vVNT_SIGMA_ECM_CAN_TRG_FRM      ../OutputFiles/ASW_list/ASW_Label_list/list_label_asw.txt   18881:vVNT_SIGMA_ECM_CAN_TRG_FRM
OK: vVNT_SIGMA_ECM_CAN_TRG_FRM      ../OutputFiles/ASW_list/ASW_Label_list/list_label_asw.txt   18881:vVNT_SIGMA_ECM_CAN_TRG_FRM
OK: vVNT_SIGMA_EPS_CAN_TRG_FRM      ../OutputFiles/ASW_list/ASW_Label_list/list_label_asw.txt   18882:vVNT_SIGMA_EPS_CAN_TRG_FRM
OK: vVNT_SIGMA_EPS_CAN_TRG_FRM      ../OutputFiles/ASW_list/ASW_Label_list/list_label_asw.txt   18882:vVNT_SIGMA_EPS_CAN_TRG_FRM
OK: vVNT_SIGMA_FCAM_CAN_TRG_FRM      ../OutputFiles/ASW_list/ASW_Label_list/list_label_asw.txt   18883:vVNT_SIGMA_FCAM_CAN_TRG_FRM
OK: vVNT_SIGMA_FCAM_CAN_TRG_FRM      ../OutputFiles/ASW_list/ASW_Label_list/list_label_asw.txt   18883:vVNT_SIGMA_FCAM_CAN_TRG_FRM
OK: vVNT_SIGMA_HFM_CAN_TRG_FRM      ../OutputFiles/ASW_list/ASW_Label_list/list_label_asw.txt   18885:vVNT_SIGMA_HFM_CAN_TRG_FRM
OK: vVNT_SIGMA_HFM_CAN_TRG_FRM      ../OutputFiles/ASW_list/ASW_Label_list/list_label_asw.txt   18885:vVNT_SIGMA_HFM_CAN_TRG_FRM
OK: vVNT_SIGMA_IVI_CAN_TRG_FRM      ../OutputFiles/ASW_list/ASW_Label_list/list_label_asw.txt   18886:vVNT_SIGMA_IVI_CAN_TRG_FRM
OK: vVNT_SIGMA_IVI_CAN_TRG_FRM      ../OutputFiles/ASW_list/ASW_Label_list/list_label_asw.txt   18886:vVNT_SIGMA_IVI_CAN_TRG_FRM
OK: vVNT_SIGMA_METER_CAN_TRG_FRM      ../OutputFiles/ASW_list/ASW_Label_list/list_label_asw.txt   18887:vVNT_SIGMA_METER_CAN_TRG_FRM
OK: vVNT_SIGMA_METER_CAN_TRG_FRM      ../OutputFiles/ASW_list/ASW_Label_list/list_label_asw.txt   18887:vVNT_SIGMA_METER_CAN_TRG_FRM
OK: vVNT_SIGMA_USM_CAN_TRG_FRM      ../OutputFiles/ASW_list/ASW_Label_list/list_label_asw.txt   19179:vVNT_SIGMA_USM_CAN_TRG_FRM
OK: vVNT_SIGMA_USM_CAN_TRG_FRM      ../OutputFiles/ASW_list/ASW_Label_list/list_label_asw.txt   19179:vVNT_SIGMA_USM_CAN_TRG_FRM
OK: vVNT_SIGMA_VDC_CAN_TRG_FRM      ../OutputFiles/ASW_list/ASW_Label_list/list_label_asw.txt   19180:vVNT_SIGMA_VDC_CAN_TRG_FRM
OK: vVNT_SIGMA_VDC_CAN_TRG_FRM      ../OutputFiles/ASW_list/ASW_Label_list/list_label_asw.txt   19180:vVNT_SIGMA_VDC_CAN_TRG_FRM
OK: fAPA_FAILURE2      ../OutputFiles/ASW_list/ASW_Label_list/list_label_asw.txt   34036:fAPA_FAILURE2
OK: vAPA_STATUS2      ../OutputFiles/ASW_list/ASW_Label_list/list_label_asw.txt   8066:vAPA_STATUS2
OK: vREARGEARENGAGED      ../OutputFiles/ASW_list/ASW_Label_list/list_label_asw.txt   16339:vREARGEARENGAGED
OK: vNEUTRALCONTACT      ../OutputFiles/ASW_list/ASW_Label_list/list_label_asw.txt   16030:vNEUTRALCONTACT
OK: vUSMNGSTS      ../OutputFiles/ASW_list/ASW_Label_list/list_label_asw.txt   18784:vUSMNGSTS
OK: fIGNITIONSUPPLYCONFIRMATION      ../OutputFiles/ASW_list/ASW_Label_list/list_label_asw.txt   38774:fIGNITIONSUPPLYCONFIRMATION
OK: vENGINEHOODSTATE      ../OutputFiles/ASW_list/ASW_Label_list/list_label_asw.txt   13164:vENGINEHOODSTATE
OK: vUSMVB      ../OutputFiles/ASW_list/ASW_Label_list/list_label_asw.txt   5201:vUSMVB
OK: vUNDERSTARTERRELAYCONDITION      ../OutputFiles/ASW_list/ASW_Label_list/list_label_asw.txt   18693:vUNDERSTARTERRELAYCONDITION
OK: vEEM_STATICPOWERLIMITATIONREQ      ../OutputFiles/ASW_list/ASW_Label_list/list_label_asw.txt   13042:vEEM_STATICPOWERLIMITATIONREQ
OK: vSTAR_STT      ../OutputFiles/ASW_list/ASW_Label_list/list_label_asw.txt   18273:vSTAR_STT
OK: vEEM_H_SPD_STOP_FORB      ../OutputFiles/ASW_list/ASW_Label_list/list_label_asw.txt   13036:vEEM_H_SPD_STOP_FORB
OK: vUSMTGALV      ../OutputFiles/ASW_list/ASW_Label_list/list_label_asw.txt   5198:vUSMTGALV
OK: vBATTERYCURRENTSENSORVALUE      ../OutputFiles/ASW_list/ASW_Label_list/list_label_asw.txt   6402:vBATTERYCURRENTSENSORVALUE
OK: vELECPOWERCONSUMEDBYAUX_V2      ../OutputFiles/ASW_list/ASW_Label_list/list_label_asw.txt   4779:vELECPOWERCONSUMEDBYAUX_V2
OK: fACCOMPCLUTCHSTATUS      ../OutputFiles/ASW_list/ASW_Label_list/list_label_asw.txt   33516:fACCOMPCLUTCHSTATUS
OK: fMOTORFANFAILURESTATUS      ../OutputFiles/ASW_list/ASW_Label_list/list_label_asw.txt   39500:fMOTORFANFAILURESTATUS
OK: vACCOMPVALVECURRENT      ../OutputFiles/ASW_list/ASW_Label_list/list_label_asw.txt   6373:vACCOMPVALVECURRENT
OK: vUSMSOC      ../OutputFiles/ASW_list/ASW_Label_list/list_label_asw.txt   18786:vUSMSOC
OK: vENGINEFANSPEEDSTATUS_PWM      ../OutputFiles/ASW_list/ASW_Label_list/list_label_asw.txt   13163:vENGINEFANSPEEDSTATUS_PWM
OK: vIDLESPEEDINHIBITIONREQUEST      ../OutputFiles/ASW_list/ASW_Label_list/list_label_asw.txt   13792:vIDLESPEEDINHIBITIONREQUEST
OK: vEEM_SAILINGIDLEFORBIDDEN      ../OutputFiles/ASW_list/ASW_Label_list/list_label_asw.txt   13041:vEEM_SAILINGIDLEFORBIDDEN
OK: vSTCUT_STRLY_CONDITION      ../OutputFiles/ASW_list/ASW_Label_list/list_label_asw.txt   18286:vSTCUT_STRLY_CONDITION
OK: vEEM_STOPAUTOFORBIDDEN      ../OutputFiles/ASW_list/ASW_Label_list/list_label_asw.txt   13043:vEEM_STOPAUTOFORBIDDEN
OK: vEEM_PWN_MINV_REQ      ../OutputFiles/ASW_list/ASW_Label_list/list_label_asw.txt   13039:vEEM_PWN_MINV_REQ
OK: vVSX_SND_EGY_STG_SWT_STT      ../OutputFiles/ASW_list/ASW_Label_list/list_label_asw.txt   20025:vVSX_SND_EGY_STG_SWT_STT
OK: vVSX_EGY_STG_TQ_ASS_FORB      ../OutputFiles/ASW_list/ASW_Label_list/list_label_asw.txt   19849:vVSX_EGY_STG_TQ_ASS_FORB
OK: vLONGITUDINALACCELFORECM      ../OutputFiles/ASW_list/ASW_Label_list/list_label_asw.txt   6343:vLONGITUDINALACCELFORECM
OK: fGRVDCNC      ../OutputFiles/ASW_list/ASW_Label_list/list_label_asw.txt   38520:fGRVDCNC
OK: fGRVDCOP      ../OutputFiles/ASW_list/ASW_Label_list/list_label_asw.txt   38521:fGRVDCOP
OK: fGRVDCSH      ../OutputFiles/ASW_list/ASW_Label_list/list_label_asw.txt   38522:fGRVDCSH
OK: fGRVDCSL      ../OutputFiles/ASW_list/ASW_Label_list/list_label_asw.txt   38523:fGRVDCSL
OK: fWSPFLNC      ../OutputFiles/ASW_list/ASW_Label_list/list_label_asw.txt   41872:fWSPFLNC
OK: fFLWSSOPENFAIL      ../OutputFiles/ASW_list/ASW_Label_list/list_label_asw.txt   38083:fFLWSSOPENFAIL
OK: fFLWSSSHORTTOPOWERFAIL      ../OutputFiles/ASW_list/ASW_Label_list/list_label_asw.txt   38087:fFLWSSSHORTTOPOWERFAIL
OK: fFLWSSSHORTTOGROUNDFAIL      ../OutputFiles/ASW_list/ASW_Label_list/list_label_asw.txt   38086:fFLWSSSHORTTOGROUNDFAIL
OK: fFLWSSOUTOFRANGEFAIL      ../OutputFiles/ASW_list/ASW_Label_list/list_label_asw.txt   38084:fFLWSSOUTOFRANGEFAIL
OK: fFLWSSRATIONALITYFAIL      ../OutputFiles/ASW_list/ASW_Label_list/list_label_asw.txt   38085:fFLWSSRATIONALITYFAIL
OK: fWSPFRNC      ../OutputFiles/ASW_list/ASW_Label_list/list_label_asw.txt   41884:fWSPFRNC
OK: fFRWSSOPENFAIL      ../OutputFiles/ASW_list/ASW_Label_list/list_label_asw.txt   38200:fFRWSSOPENFAIL
OK: fFRWSSSHORTTOPOWERFAIL      ../OutputFiles/ASW_list/ASW_Label_list/list_label_asw.txt   38204:fFRWSSSHORTTOPOWERFAIL
OK: fFRWSSSHORTTOGROUNDFAIL      ../OutputFiles/ASW_list/ASW_Label_list/list_label_asw.txt   38203:fFRWSSSHORTTOGROUNDFAIL
OK: fFRWSSOUTOFRANGEFAIL      ../OutputFiles/ASW_list/ASW_Label_list/list_label_asw.txt   38201:fFRWSSOUTOFRANGEFAIL
OK: fFRWSSRATIONALITYFAIL      ../OutputFiles/ASW_list/ASW_Label_list/list_label_asw.txt   38202:fFRWSSRATIONALITYFAIL
OK: fWSPRLNC      ../OutputFiles/ASW_list/ASW_Label_list/list_label_asw.txt   41897:fWSPRLNC
OK: fRLWSSOPENFAIL      ../OutputFiles/ASW_list/ASW_Label_list/list_label_asw.txt   40156:fRLWSSOPENFAIL
OK: fRLWSSSHORTTOPOWERFAIL      ../OutputFiles/ASW_list/ASW_Label_list/list_label_asw.txt   40160:fRLWSSSHORTTOPOWERFAIL
OK: fRLWSSSHORTTOGROUNDFAIL      ../OutputFiles/ASW_list/ASW_Label_list/list_label_asw.txt   40159:fRLWSSSHORTTOGROUNDFAIL
OK: fRLWSSOUTOFRANGEFAIL      ../OutputFiles/ASW_list/ASW_Label_list/list_label_asw.txt   40157:fRLWSSOUTOFRANGEFAIL
OK: fRLWSSRATIONALITYFAIL      ../OutputFiles/ASW_list/ASW_Label_list/list_label_asw.txt   40158:fRLWSSRATIONALITYFAIL
OK: fWSPRRNC      ../OutputFiles/ASW_list/ASW_Label_list/list_label_asw.txt   41909:fWSPRRNC
OK: fRRWSSOPENFAIL      ../OutputFiles/ASW_list/ASW_Label_list/list_label_asw.txt   40252:fRRWSSOPENFAIL
OK: fRRWSSSHORTTOPOWERFAIL      ../OutputFiles/ASW_list/ASW_Label_list/list_label_asw.txt   40256:fRRWSSSHORTTOPOWERFAIL
OK: fRRWSSSHORTTOGROUNDFAIL      ../OutputFiles/ASW_list/ASW_Label_list/list_label_asw.txt   40255:fRRWSSSHORTTOGROUNDFAIL
OK: fRRWSSOUTOFRANGEFAIL      ../OutputFiles/ASW_list/ASW_Label_list/list_label_asw.txt   40253:fRRWSSOUTOFRANGEFAIL
OK: fRRWSSRATIONALITYFAIL      ../OutputFiles/ASW_list/ASW_Label_list/list_label_asw.txt   40254:fRRWSSRATIONALITYFAIL
OK: vBRAKING_STOPAUTOFORBIDDEN      ../OutputFiles/ASW_list/ASW_Label_list/list_label_asw.txt   8274:vBRAKING_STOPAUTOFORBIDDEN
OK: vWHEELSPEEDRL      ../OutputFiles/ASW_list/ASW_Label_list/list_label_asw.txt   1205:vWHEELSPEEDRL
OK: vWHEELSPEEDRR      ../OutputFiles/ASW_list/ASW_Label_list/list_label_asw.txt   1206:vWHEELSPEEDRR
OK: vVEHICLESPEEDBODY      ../OutputFiles/ASW_list/ASW_Label_list/list_label_asw.txt   1804:vVEHICLESPEEDBODY
OK: vWHEELTOPFL      ../OutputFiles/ASW_list/ASW_Label_list/list_label_asw.txt   20350:vWHEELTOPFL
OK: fABSREG      ../OutputFiles/ASW_list/ASW_Label_list/list_label_asw.txt   33489:fABSREG
OK: vWHEELTOPFR      ../OutputFiles/ASW_list/ASW_Label_list/list_label_asw.txt   20351:vWHEELTOPFR
OK: fASRINREG      ../OutputFiles/ASW_list/ASW_Label_list/list_label_asw.txt   34132:fASRINREG
OK: vWHEELTOPRL      ../OutputFiles/ASW_list/ASW_Label_list/list_label_asw.txt   20352:vWHEELTOPRL
OK: fMSRINREG      ../OutputFiles/ASW_list/ASW_Label_list/list_label_asw.txt   39517:fMSRINREG
OK: vWHEELTOPRR      ../OutputFiles/ASW_list/ASW_Label_list/list_label_asw.txt   20353:vWHEELTOPRR
OK: vVDC_STAND_STILL_STATUS      ../OutputFiles/ASW_list/ASW_Label_list/list_label_asw.txt   18842:vVDC_STAND_STILL_STATUS
OK: fESCMALFUNCTION      ../OutputFiles/ASW_list/ASW_Label_list/list_label_asw.txt   37650:fESCMALFUNCTION
OK: fABSMALFUNCTION      ../OutputFiles/ASW_list/ASW_Label_list/list_label_asw.txt   33488:fABSMALFUNCTION
OK: fVDCACT      ../OutputFiles/ASW_list/ASW_Label_list/list_label_asw.txt   41504:fVDCACT
OK: vWHEELSPEEDFR      ../OutputFiles/ASW_list/ASW_Label_list/list_label_asw.txt   1202:vWHEELSPEEDFR
OK: vWHEELSPEEDFL      ../OutputFiles/ASW_list/ASW_Label_list/list_label_asw.txt   1201:vWHEELSPEEDFL
OK: vRX_VECHICLESPEED_VH      ../OutputFiles/ASW_list/ASW_Label_list/list_label_asw.txt   1765:vRX_VECHICLESPEED_VH
OK: vMUX_MVAC_DP      ../OutputFiles/ASW_list/ASW_Label_list/list_label_asw.txt   2121:vMUX_MVAC_DP
OK: vBRK_PDL_PRESSED_DRIV      ../OutputFiles/ASW_list/ASW_Label_list/list_label_asw.txt   8281:vBRK_PDL_PRESSED_DRIV
OK: vLONGITUDINALACCELCORRECTED      ../OutputFiles/ASW_list/ASW_Label_list/list_label_asw.txt   6342:vLONGITUDINALACCELCORRECTED
OK: vTRANSVERSALACCELCORRECTED      ../OutputFiles/ASW_list/ASW_Label_list/list_label_asw.txt   6347:vTRANSVERSALACCELCORRECTED
OK: vTRANSVERSALACCELRAW      ../OutputFiles/ASW_list/ASW_Label_list/list_label_asw.txt   6348:vTRANSVERSALACCELRAW
OK: vRX_DRIVERBRAKINGPRESSURE      ../OutputFiles/ASW_list/ASW_Label_list/list_label_asw.txt   5447:vRX_DRIVERBRAKINGPRESSURE
OK: vBRAKING_CLUTCHREQUEST      ../OutputFiles/ASW_list/ASW_Label_list/list_label_asw.txt   8273:vBRAKING_CLUTCHREQUEST
OK: vRX_AEB_BRKWHEELTRQORDER2      ../OutputFiles/ASW_list/ASW_Label_list/list_label_asw.txt   18077:vRX_AEB_BRKWHEELTRQORDER2
OK: fPRA_OD_OFF      ../OutputFiles/ASW_list/ASW_Label_list/list_label_asw.txt   39902:fPRA_OD_OFF
OK: vRX_AT_TORQUECONTROLTYPE      ../OutputFiles/ASW_list/ASW_Label_list/list_label_asw.txt   18078:vRX_AT_TORQUECONTROLTYPE
OK: vCVTIUPRQ      ../OutputFiles/ASW_list/ASW_Label_list/list_label_asw.txt   824:vCVTIUPRQ
OK: vAT_TORQUELOSSES      ../OutputFiles/ASW_list/ASW_Label_list/list_label_asw.txt   5292:vAT_TORQUELOSSES
OK: vRX_FASTTORQUEREQUEST      ../OutputFiles/ASW_list/ASW_Label_list/list_label_asw.txt   5449:vRX_FASTTORQUEREQUEST
OK: vRX_LIMIT_SLOWTRQREQ      ../OutputFiles/ASW_list/ASW_Label_list/list_label_asw.txt   5450:vRX_LIMIT_SLOWTRQREQ
OK: vTARGETIDLESPEEDRATE      ../OutputFiles/ASW_list/ASW_Label_list/list_label_asw.txt   5474:vTARGETIDLESPEEDRATE
OK: fAT_STARTSTOPFAILUREFLAG      ../OutputFiles/ASW_list/ASW_Label_list/list_label_asw.txt   34191:fAT_STARTSTOPFAILUREFLAG
OK: vAT_STARTSTOPREQUEST      ../OutputFiles/ASW_list/ASW_Label_list/list_label_asw.txt   8152:vAT_STARTSTOPREQUEST
OK: vLUAREA      ../OutputFiles/ASW_list/ASW_Label_list/list_label_asw.txt   15809:vLUAREA
OK: vLUPTN      ../OutputFiles/ASW_list/ASW_Label_list/list_label_asw.txt   15810:vLUPTN
OK: vENGINECOOLANTVALVEREQUEST      ../OutputFiles/ASW_list/ASW_Label_list/list_label_asw.txt   13160:vENGINECOOLANTVALVEREQUEST
OK: vTARGETCVTRATIOEXTENDED      ../OutputFiles/ASW_list/ASW_Label_list/list_label_asw.txt   18333:vTARGETCVTRATIOEXTENDED
OK: vTORQUECONVERTERSTATE      ../OutputFiles/ASW_list/ASW_Label_list/list_label_asw.txt   18533:vTORQUECONVERTERSTATE
OK: vGEARLEVERPOSITION_V2      ../OutputFiles/ASW_list/ASW_Label_list/list_label_asw.txt   13604:vGEARLEVERPOSITION_V2
OK: vRX_INPUTSHAFTREVOLUTION      ../OutputFiles/ASW_list/ASW_Label_list/list_label_asw.txt   1133:vRX_INPUTSHAFTREVOLUTION
OK: vOUTPUTSHAFTREVOLUTION      ../OutputFiles/ASW_list/ASW_Label_list/list_label_asw.txt   1072:vOUTPUTSHAFTREVOLUTION
OK: fPRA_TOWING_SW_ON      ../OutputFiles/ASW_list/ASW_Label_list/list_label_asw.txt   39914:fPRA_TOWING_SW_ON
OK: vMLC_RDY_MMI_CAN_ATCU      ../OutputFiles/ASW_list/ASW_Label_list/list_label_asw.txt   15948:vMLC_RDY_MMI_CAN_ATCU
OK: fAT_ANTICIPATEDTORQUEDOWNRQ      ../OutputFiles/ASW_list/ASW_Label_list/list_label_asw.txt   34190:fAT_ANTICIPATEDTORQUEDOWNRQ
OK: vAT_SAILING_REQ      ../OutputFiles/ASW_list/ASW_Label_list/list_label_asw.txt   8150:vAT_SAILING_REQ
OK: fATCVTFAIL      ../OutputFiles/ASW_list/ASW_Label_list/list_label_asw.txt   34155:fATCVTFAIL
OK: vTGTPRS      ../OutputFiles/ASW_list/ASW_Label_list/list_label_asw.txt   6056:vTGTPRS
OK: vHIGRLIMREV      ../OutputFiles/ASW_list/ASW_Label_list/list_label_asw.txt   889:vHIGRLIMREV
OK: fISHRDREQ      ../OutputFiles/ASW_list/ASW_Label_list/list_label_asw.txt   38982:fISHRDREQ
OK: vSTATICCREEPINGTORQUE      ../OutputFiles/ASW_list/ASW_Label_list/list_label_asw.txt   5465:vSTATICCREEPINGTORQUE
OK: vRX_TRQCONVERTERCLUTCHGAIN      ../OutputFiles/ASW_list/ASW_Label_list/list_label_asw.txt   18089:vRX_TRQCONVERTERCLUTCHGAIN
OK: vRX_TOTALGEARRATIO      ../OutputFiles/ASW_list/ASW_Label_list/list_label_asw.txt   18088:vRX_TOTALGEARRATIO
OK: vRX_TRANSMISSIONFRICTION      ../OutputFiles/ASW_list/ASW_Label_list/list_label_asw.txt   5452:vRX_TRANSMISSIONFRICTION
OK: vPRA_CUR_SFT_RX      ../OutputFiles/ASW_list/ASW_Label_list/list_label_asw.txt   16170:vPRA_CUR_SFT_RX
OK: vRX_ICE_TRANSMRANGEDRITGT      ../OutputFiles/ASW_list/ASW_Label_list/list_label_asw.txt   18085:vRX_ICE_TRANSMRANGEDRITGT
OK: vRX_ICE_TRANSMRANGEDRICRT      ../OutputFiles/ASW_list/ASW_Label_list/list_label_asw.txt   18084:vRX_ICE_TRANSMRANGEDRICRT
OK: fVBX_BSG_APL_DOWN      ../OutputFiles/ASW_list/ASW_Label_list/list_label_asw.txt   41000:fVBX_BSG_APL_DOWN
OK: vVSX_MUX_BSG_TQ_ASS_DIAG      ../OutputFiles/ASW_list/ASW_Label_list/list_label_asw.txt   19904:vVSX_MUX_BSG_TQ_ASS_DIAG
OK: vVSX_MUX_BSG_RECRK_DIAG      ../OutputFiles/ASW_list/ASW_Label_list/list_label_asw.txt   19900:vVSX_MUX_BSG_RECRK_DIAG
OK: vVSX_MUX_BSG_ALT_DIAG      ../OutputFiles/ASW_list/ASW_Label_list/list_label_asw.txt   19898:vVSX_MUX_BSG_ALT_DIAG
OK: vVSX_MUX_BSG_TEMP_DIAG      ../OutputFiles/ASW_list/ASW_Label_list/list_label_asw.txt   19902:vVSX_MUX_BSG_TEMP_DIAG
OK: vVXX_MUX_BSG_LOAD      ../OutputFiles/ASW_list/ASW_Label_list/list_label_asw.txt   20495:vVXX_MUX_BSG_LOAD
OK: fVBX_BSG_SFTY_LOSS      ../OutputFiles/ASW_list/ASW_Label_list/list_label_asw.txt   41004:fVBX_BSG_SFTY_LOSS
OK: vVXX_MUX_BSG_CRT_MES      ../OutputFiles/ASW_list/ASW_Label_list/list_label_asw.txt   6511:vVXX_MUX_BSG_CRT_MES
OK: vVXX_MUX_BSG_ESTI_MECA_POW      ../OutputFiles/ASW_list/ASW_Label_list/list_label_asw.txt   4801:vVXX_MUX_BSG_ESTI_MECA_POW
OK: vMULTIDRIVEMODE_ECM      ../OutputFiles/ASW_list/ASW_Label_list/list_label_asw.txt   15996:vMULTIDRIVEMODE_ECM
OK: vRX_CCSLBRAKINGPERFORMANCESTATUS      ../OutputFiles/ASW_list/ASW_Label_list/list_label_asw.txt   18083:vRX_CCSLBRAKINGPERFORMANCESTATUS
OK: vBMC_ENGINETORQUEREQUEST      ../OutputFiles/ASW_list/ASW_Label_list/list_label_asw.txt   5302:vBMC_ENGINETORQUEREQUEST
OK: vVMC_ATCMAXWHLTRQLIMIT      ../OutputFiles/ASW_list/ASW_Label_list/list_label_asw.txt   5817:vVMC_ATCMAXWHLTRQLIMIT
OK: fVMC_ATCMAXWHLTRQLMORDER      ../OutputFiles/ASW_list/ASW_Label_list/list_label_asw.txt   41524:fVMC_ATCMAXWHLTRQLMORDER
OK: fYMCREQ      ../OutputFiles/ASW_list/ASW_Label_list/list_label_asw.txt   41922:fYMCREQ
OK: fBMC_ENGINETORQUEORDER      ../OutputFiles/ASW_list/ASW_Label_list/list_label_asw.txt   34334:fBMC_ENGINETORQUEORDER
OK: fCIN_ACC_ESP_CHR      ../OutputFiles/ASW_list/ASW_Label_list/list_label_asw.txt   35605:fCIN_ACC_ESP_CHR
OK: fCDM_BRK_REQ_STT      ../OutputFiles/ASW_list/ASW_Label_list/list_label_asw.txt   35581:fCDM_BRK_REQ_STT
OK: fCRUISECONTROLINHIBITREQUEST      ../OutputFiles/ASW_list/ASW_Label_list/list_label_asw.txt   35808:fCRUISECONTROLINHIBITREQUEST
OK: vVSX_BSG_MOD_REQ_SENT      ../OutputFiles/ASW_list/ASW_Label_list/list_label_asw.txt   19802:vVSX_BSG_MOD_REQ_SENT
OK: vVSX_BSG_DZ      ../OutputFiles/ASW_list/ASW_Label_list/list_label_asw.txt   19800:vVSX_BSG_DZ
OK: vVXX_BSG_TQ_REQ_SENT      ../OutputFiles/ASW_list/ASW_Label_list/list_label_asw.txt   5827:vVXX_BSG_TQ_REQ_SENT
OK: vECM_REF_VOLT      ../OutputFiles/ASW_list/ASW_Label_list/list_label_asw.txt   4928:vECM_REF_VOLT
OK: vVXX_BSG_SLOP_NR_SENT      ../OutputFiles/ASW_list/ASW_Label_list/list_label_asw.txt   20209:vVXX_BSG_SLOP_NR_SENT
OK: vVXX_BSG_V_REQ_SENT      ../OutputFiles/ASW_list/ASW_Label_list/list_label_asw.txt   5241:vVXX_BSG_V_REQ_SENT
OK: vVIRTUALACCELERATORANGLE_FORTM      ../OutputFiles/ASW_list/ASW_Label_list/list_label_asw.txt   18857:vVIRTUALACCELERATORANGLE_FORTM
OK: vENGINETORQUE_WITHOUTTMREQ      ../OutputFiles/ASW_list/ASW_Label_list/list_label_asw.txt   5330:vENGINETORQUE_WITHOUTTMREQ
OK: vRAWENGINETORQUE_WITHOUTTMREQ      ../OutputFiles/ASW_list/ASW_Label_list/list_label_asw.txt   5424:vRAWENGINETORQUE_WITHOUTTMREQ
OK: fNIDLEOK      ../OutputFiles/ASW_list/ASW_Label_list/list_label_asw.txt   39612:fNIDLEOK
OK: fEMISSIONN_IDLEREQUEST      ../OutputFiles/ASW_list/ASW_Label_list/list_label_asw.txt   37533:fEMISSIONN_IDLEREQUEST
OK: fEPSTQON      ../OutputFiles/ASW_list/ASW_Label_list/list_label_asw.txt   37630:fEPSTQON
OK: vEPSA      ../OutputFiles/ASW_list/ASW_Label_list/list_label_asw.txt   6414:vEPSA
OK: vOSPSPEEDLIMIT      ../OutputFiles/ASW_list/ASW_Label_list/list_label_asw.txt   16076:vOSPSPEEDLIMIT
OK: vRST_MLT_AMB_EXHST      ../OutputFiles/ASW_list/ASW_Label_list/list_label_asw.txt   16517:vRST_MLT_AMB_EXHST
OK: vMUX_PEDAL_MAP      ../OutputFiles/ASW_list/ASW_Label_list/list_label_asw.txt   16016:vMUX_PEDAL_MAP
OK: vRST_MLT_DRV_HL_T_SHIFT      ../OutputFiles/ASW_list/ASW_Label_list/list_label_asw.txt   16518:vRST_MLT_DRV_HL_T_SHIFT
OK: vRX_BRAKEVACUUMSTATUS      ../OutputFiles/ASW_list/ASW_Label_list/list_label_asw.txt   18080:vRX_BRAKEVACUUMSTATUS
OK: vVEHICLESPEEDSIGN      ../OutputFiles/ASW_list/ASW_Label_list/list_label_asw.txt   18845:vVEHICLESPEEDSIGN
OK: fHBBMALFUNCTION      ../OutputFiles/ASW_list/ASW_Label_list/list_label_asw.txt   38589:fHBBMALFUNCTION
OK: fLOW_PWT_TRE_BRK_TRQ_REQ      ../OutputFiles/ASW_list/ASW_Label_list/list_label_asw.txt   39154:fLOW_PWT_TRE_BRK_TRQ_REQ
OK: vSSA_ENGINESTOPAUTOFORBIDDEN      ../OutputFiles/ASW_list/ASW_Label_list/list_label_asw.txt   18258:vSSA_ENGINESTOPAUTOFORBIDDEN
OK: fTPW_HIGHSENSITIVITYSTATUS      ../OutputFiles/ASW_list/ASW_Label_list/list_label_asw.txt   40835:fTPW_HIGHSENSITIVITYSTATUS
OK: vHDC_STATUS      ../OutputFiles/ASW_list/ASW_Label_list/list_label_asw.txt   13702:vHDC_STATUS
OK: vDISTOTAL      ../OutputFiles/ASW_list/ASW_Label_list/list_label_asw.txt   1871:vDISTOTAL
OK: fVDC_DEACTIVATED      ../OutputFiles/ASW_list/ASW_Label_list/list_label_asw.txt   41510:fVDC_DEACTIVATED
OK: vESPTQTYP      ../OutputFiles/ASW_list/ASW_Label_list/list_label_asw.txt   13209:vESPTQTYP
OK: fIDLESTOPBRAKEHOLDFUNCTIONSTB      ../OutputFiles/ASW_list/ASW_Label_list/list_label_asw.txt   38723:fIDLESTOPBRAKEHOLDFUNCTIONSTB
OK: vRX_MSRWHEELTORQUEREQ_V2      ../OutputFiles/ASW_list/ASW_Label_list/list_label_asw.txt   5451:vRX_MSRWHEELTORQUEREQ_V2
OK: vRX_ASRDYNAMICWHEELTRQREQ_V2      ../OutputFiles/ASW_list/ASW_Label_list/list_label_asw.txt   5444:vRX_ASRDYNAMICWHEELTRQREQ_V2
OK: vRX_ASRSTATICWHEELTRQREQ_V2      ../OutputFiles/ASW_list/ASW_Label_list/list_label_asw.txt   5445:vRX_ASRSTATICWHEELTRQREQ_V2
OK: vLONGITUDINALTILT      ../OutputFiles/ASW_list/ASW_Label_list/list_label_asw.txt   15802:vLONGITUDINALTILT
OK: vSLOWTORQUEREQUEST      ../OutputFiles/ASW_list/ASW_Label_list/list_label_asw.txt   5458:vSLOWTORQUEREQUEST
OK: vUSMVB      ../OutputFiles/ASW_list/ASW_Label_list/list_label_asw.txt   5201:vUSMVB
OK: vDISTOTAL      ../OutputFiles/ASW_list/ASW_Label_list/list_label_asw.txt   1871:vDISTOTAL
OK: vGADE      ../OutputFiles/ASW_list/ASW_Label_list/list_label_asw.txt   13569:vGADE
OK: vKNRPM      ../OutputFiles/ASW_list/ASW_Label_list/list_label_asw.txt   933:vKNRPM
OK: vTRGCFT2      ../OutputFiles/ASW_list/ASW_Label_list/list_label_asw.txt   4020:vTRGCFT2
OK: fVCRSHIFTOK      ../OutputFiles/ASW_list/ASW_Label_list/list_label_asw.txt   41493:fVCRSHIFTOK
OK: fVCRLRNEXE      ../OutputFiles/ASW_list/ASW_Label_list/list_label_asw.txt   41459:fVCRLRNEXE
OK: fDIAGVCR      ../OutputFiles/ASW_list/ASW_Label_list/list_label_asw.txt   37211:fDIAGVCR
OK: fDATACLR      ../OutputFiles/ASW_list/ASW_Label_list/list_label_asw.txt   35883:fDATACLR
OK: fVCRPSTREQ      ../OutputFiles/ASW_list/ASW_Label_list/list_label_asw.txt   41477:fVCRPSTREQ
OK: vVTCTRGN3      ../OutputFiles/ASW_list/ASW_Label_list/list_label_asw.txt   2716:vVTCTRGN3
OK: vVTCTRGN3      ../OutputFiles/ASW_list/ASW_Label_list/list_label_asw.txt   2716:vVTCTRGN3
OK: fVTCRESET      ../OutputFiles/ASW_list/ASW_Label_list/list_label_asw.txt   41671:fVTCRESET
OK: fFVTCGK      ../OutputFiles/ASW_list/ASW_Label_list/list_label_asw.txt   38350:fFVTCGK
OK: vTVTOIL      ../OutputFiles/ASW_list/ASW_Label_list/list_label_asw.txt   3300:vTVTOIL
OK: fIDSTJDG      ../OutputFiles/ASW_list/ASW_Label_list/list_label_asw.txt   38750:fIDSTJDG
OK: fDATACLR      ../OutputFiles/ASW_list/ASW_Label_list/list_label_asw.txt   35883:fDATACLR
OK: fTOIL_TEMP_SEN_FAIL      ../OutputFiles/ASW_list/ASW_Label_list/list_label_asw.txt   40818:fTOIL_TEMP_SEN_FAIL
OK: fINTAKEVTC_FAILUREB2      ../OutputFiles/ASW_list/ASW_Label_list/list_label_asw.txt   38838:fINTAKEVTC_FAILUREB2
OK: fINTAKEVTC_FAILUREB1      ../OutputFiles/ASW_list/ASW_Label_list/list_label_asw.txt   38837:fINTAKEVTC_FAILUREB1
OK: vVCRCFT2NOW      ../OutputFiles/ASW_list/ASW_Label_list/list_label_asw.txt   4038:vVCRCFT2NOW
OK: fVCRDIAGALL      ../OutputFiles/ASW_list/ASW_Label_list/list_label_asw.txt   41448:fVCRDIAGALL
OK: fVCRLRNEND      ../OutputFiles/ASW_list/ASW_Label_list/list_label_asw.txt   41457:fVCRLRNEND
OK: fVCRLRNBUSY      ../OutputFiles/ASW_list/ASW_Label_list/list_label_asw.txt   41455:fVCRLRNBUSY
OK: fVCRLRNNG      ../OutputFiles/ASW_list/ASW_Label_list/list_label_asw.txt   41464:fVCRLRNNG
OK: fVCRLRNEXP      ../OutputFiles/ASW_list/ASW_Label_list/list_label_asw.txt   41460:fVCRLRNEXP
OK: fVMTRCOND      ../OutputFiles/ASW_list/ASW_Label_list/list_label_asw.txt   41528:fVMTRCOND
OK: fVCRROM      ../OutputFiles/ASW_list/ASW_Label_list/list_label_asw.txt   41480:fVCRROM
OK: fVCRRAM      ../OutputFiles/ASW_list/ASW_Label_list/list_label_asw.txt   41479:fVCRRAM
OK: fVCRALU      ../OutputFiles/ASW_list/ASW_Label_list/list_label_asw.txt   41439:fVCRALU
OK: fVCRTIME      ../OutputFiles/ASW_list/ASW_Label_list/list_label_asw.txt   41501:fVCRTIME
OK: fVCRADC      ../OutputFiles/ASW_list/ASW_Label_list/list_label_asw.txt   41438:fVCRADC
OK: fVCREPR      ../OutputFiles/ASW_list/ASW_Label_list/list_label_asw.txt   41451:fVCREPR
OK: fVCRSERR      ../OutputFiles/ASW_list/ASW_Label_list/list_label_asw.txt   41492:fVCRSERR
OK: fVCRSWG      ../OutputFiles/ASW_list/ASW_Label_list/list_label_asw.txt   41495:fVCRSWG
OK: vVCRCVNA      ../OutputFiles/ASW_list/ASW_Label_list/list_label_asw.txt   18809:vVCRCVNA
OK: fVCRMOT1      ../OutputFiles/ASW_list/ASW_Label_list/list_label_asw.txt   41468:fVCRMOT1
OK: fVCRS1EXT      ../OutputFiles/ASW_list/ASW_Label_list/list_label_asw.txt   41481:fVCRS1EXT
OK: fVCRS1OPN      ../OutputFiles/ASW_list/ASW_Label_list/list_label_asw.txt   41483:fVCRS1OPN
OK: fVCRS1OUT      ../OutputFiles/ASW_list/ASW_Label_list/list_label_asw.txt   41485:fVCRS1OUT
OK: fVCRS2EXT      ../OutputFiles/ASW_list/ASW_Label_list/list_label_asw.txt   41486:fVCRS2EXT
OK: fVCRS2OPN      ../OutputFiles/ASW_list/ASW_Label_list/list_label_asw.txt   41488:fVCRS2OPN
OK: fVCRS2OUT      ../OutputFiles/ASW_list/ASW_Label_list/list_label_asw.txt   41491:fVCRS2OUT
OK: fVCRS2OR      ../OutputFiles/ASW_list/ASW_Label_list/list_label_asw.txt   41490:fVCRS2OR
OK: fVCRMOT2      ../OutputFiles/ASW_list/ASW_Label_list/list_label_asw.txt   41470:fVCRMOT2
OK: fVCRCUROPN      ../OutputFiles/ASW_list/ASW_Label_list/list_label_asw.txt   41444:fVCRCUROPN
OK: fVCRCUROR      ../OutputFiles/ASW_list/ASW_Label_list/list_label_asw.txt   41445:fVCRCUROR
OK: fVCRCURUR      ../OutputFiles/ASW_list/ASW_Label_list/list_label_asw.txt   41446:fVCRCURUR
OK: fVCRCURERR      ../OutputFiles/ASW_list/ASW_Label_list/list_label_asw.txt   41443:fVCRCURERR
OK: fVCRVMOTNG      ../OutputFiles/ASW_list/ASW_Label_list/list_label_asw.txt   41502:fVCRVMOTNG
OK: fVCRCANR      ../OutputFiles/ASW_list/ASW_Label_list/list_label_asw.txt   41441:fVCRCANR
OK: fVCRFSRLYNG      ../OutputFiles/ASW_list/ASW_Label_list/list_label_asw.txt   41453:fVCRFSRLYNG
OK: vVCRCUNOA      ../OutputFiles/ASW_list/ASW_Label_list/list_label_asw.txt   18807:vVCRCUNOA
OK: fOKVCREPR      ../OutputFiles/ASW_list/ASW_Label_list/list_label_asw.txt   39707:fOKVCREPR
OK: fOKVCRMOT2      ../OutputFiles/ASW_list/ASW_Label_list/list_label_asw.txt   39710:fOKVCRMOT2
OK: fOKVCRCUROPN      ../OutputFiles/ASW_list/ASW_Label_list/list_label_asw.txt   39704:fOKVCRCUROPN
OK: fOKVCRCUROR      ../OutputFiles/ASW_list/ASW_Label_list/list_label_asw.txt   39705:fOKVCRCUROR
OK: fOKVCRCURUR      ../OutputFiles/ASW_list/ASW_Label_list/list_label_asw.txt   39706:fOKVCRCURUR
OK: fOKVCRCURERR      ../OutputFiles/ASW_list/ASW_Label_list/list_label_asw.txt   39703:fOKVCRCURERR
OK: fOKVCRVMOTNG      ../OutputFiles/ASW_list/ASW_Label_list/list_label_asw.txt   39728:fOKVCRVMOTNG
OK: fOKVCRCANR      ../OutputFiles/ASW_list/ASW_Label_list/list_label_asw.txt   39702:fOKVCRCANR
OK: fOKVCRFSRLYNG      ../OutputFiles/ASW_list/ASW_Label_list/list_label_asw.txt   39708:fOKVCRFSRLYNG
OK: fOKVCRPICNG      ../OutputFiles/ASW_list/ASW_Label_list/list_label_asw.txt   39711:fOKVCRPICNG
OK: fVCRS1EXTL      ../OutputFiles/ASW_list/ASW_Label_list/list_label_asw.txt   41482:fVCRS1EXTL
OK: fOKVCRS1EXTL      ../OutputFiles/ASW_list/ASW_Label_list/list_label_asw.txt   39715:fOKVCRS1EXTL
OK: fVCRS1OPNL      ../OutputFiles/ASW_list/ASW_Label_list/list_label_asw.txt   41484:fVCRS1OPNL
OK: fOKVCRS1OPNL      ../OutputFiles/ASW_list/ASW_Label_list/list_label_asw.txt   39717:fOKVCRS1OPNL
OK: fVCRS2EXTL      ../OutputFiles/ASW_list/ASW_Label_list/list_label_asw.txt   41487:fVCRS2EXTL
OK: fOKVCRS2EXTL      ../OutputFiles/ASW_list/ASW_Label_list/list_label_asw.txt   39720:fOKVCRS2EXTL
OK: fVCRS2OPNL      ../OutputFiles/ASW_list/ASW_Label_list/list_label_asw.txt   41489:fVCRS2OPNL
OK: fOKVCRS2OPNL      ../OutputFiles/ASW_list/ASW_Label_list/list_label_asw.txt   39722:fOKVCRS2OPNL
OK: vEVTCNOW      ../OutputFiles/ASW_list/ASW_Label_list/list_label_asw.txt   2512:vEVTCNOW
OK: vEVTCNOW      ../OutputFiles/ASW_list/ASW_Label_list/list_label_asw.txt   2512:vEVTCNOW
OK: fVTACTPO      ../OutputFiles/ASW_list/ASW_Label_list/list_label_asw.txt   7613:fVTACTPO
OK: fVTACTPO      ../OutputFiles/ASW_list/ASW_Label_list/list_label_asw.txt   7613:fVTACTPO
OK: fVTACTPL      ../OutputFiles/ASW_list/ASW_Label_list/list_label_asw.txt   7611:fVTACTPL
OK: fVTACTPL      ../OutputFiles/ASW_list/ASW_Label_list/list_label_asw.txt   7611:fVTACTPL
OK: fVTACTPH      ../OutputFiles/ASW_list/ASW_Label_list/list_label_asw.txt   7609:fVTACTPH
OK: fVTACTPH      ../OutputFiles/ASW_list/ASW_Label_list/list_label_asw.txt   7609:fVTACTPH
OK: fVTACTPR      ../OutputFiles/ASW_list/ASW_Label_list/list_label_asw.txt   7615:fVTACTPR
OK: fVTACTPR      ../OutputFiles/ASW_list/ASW_Label_list/list_label_asw.txt   7615:fVTACTPR
OK: fBASLRNK_FROM_CAN      ../OutputFiles/ASW_list/ASW_Label_list/list_label_asw.txt   6727:fBASLRNK_FROM_CAN
OK: fBASLRNK_FROM_CAN      ../OutputFiles/ASW_list/ASW_Label_list/list_label_asw.txt   6727:fBASLRNK_FROM_CAN
OK: fEVTLBUSY      ../OutputFiles/ASW_list/ASW_Label_list/list_label_asw.txt   6898:fEVTLBUSY
OK: fEVTLBUSY      ../OutputFiles/ASW_list/ASW_Label_list/list_label_asw.txt   6898:fEVTLBUSY
OK: fVTDRIVP      ../OutputFiles/ASW_list/ASW_Label_list/list_label_asw.txt   7683:fVTDRIVP
OK: fVTDRIVP      ../OutputFiles/ASW_list/ASW_Label_list/list_label_asw.txt   7683:fVTDRIVP
OK: fVTCHOGO      ../OutputFiles/ASW_list/ASW_Label_list/list_label_asw.txt   41645:fVTCHOGO
OK: fVTCREADY      ../OutputFiles/ASW_list/ASW_Label_list/list_label_asw.txt   41670:fVTCREADY
OK: fVTACTTO      ../OutputFiles/ASW_list/ASW_Label_list/list_label_asw.txt   7621:fVTACTTO
OK: fVTACTTO      ../OutputFiles/ASW_list/ASW_Label_list/list_label_asw.txt   7621:fVTACTTO
OK: fVTACTTL      ../OutputFiles/ASW_list/ASW_Label_list/list_label_asw.txt   7619:fVTACTTL
OK: fVTACTTL      ../OutputFiles/ASW_list/ASW_Label_list/list_label_asw.txt   7619:fVTACTTL
OK: fVTACTTH      ../OutputFiles/ASW_list/ASW_Label_list/list_label_asw.txt   7617:fVTACTTH
OK: fVTACTTH      ../OutputFiles/ASW_list/ASW_Label_list/list_label_asw.txt   7617:fVTACTTH
OK: fVTACTTR      ../OutputFiles/ASW_list/ASW_Label_list/list_label_asw.txt   7623:fVTACTTR
OK: fVTACTTR      ../OutputFiles/ASW_list/ASW_Label_list/list_label_asw.txt   7623:fVTACTTR
OK: fVTDVT1O      ../OutputFiles/ASW_list/ASW_Label_list/list_label_asw.txt   7707:fVTDVT1O
OK: fVTDVT1O      ../OutputFiles/ASW_list/ASW_Label_list/list_label_asw.txt   7707:fVTDVT1O
OK: fVTDVT1L      ../OutputFiles/ASW_list/ASW_Label_list/list_label_asw.txt   7705:fVTDVT1L
OK: fVTDVT1L      ../OutputFiles/ASW_list/ASW_Label_list/list_label_asw.txt   7705:fVTDVT1L
OK: fVTDVT1H      ../OutputFiles/ASW_list/ASW_Label_list/list_label_asw.txt   7703:fVTDVT1H
OK: fVTDVT1H      ../OutputFiles/ASW_list/ASW_Label_list/list_label_asw.txt   7703:fVTDVT1H
OK: fVTDVT1R      ../OutputFiles/ASW_list/ASW_Label_list/list_label_asw.txt   7709:fVTDVT1R
OK: fVTDVT1R      ../OutputFiles/ASW_list/ASW_Label_list/list_label_asw.txt   7709:fVTDVT1R
OK: fOKDRIVP      ../OutputFiles/ASW_list/ASW_Label_list/list_label_asw.txt   7277:fOKDRIVP
OK: fOKDRIVP      ../OutputFiles/ASW_list/ASW_Label_list/list_label_asw.txt   7277:fOKDRIVP
OK: fVTCINIGK      ../OutputFiles/ASW_list/ASW_Label_list/list_label_asw.txt   41650:fVTCINIGK
OK: fVTDVT2O      ../OutputFiles/ASW_list/ASW_Label_list/list_label_asw.txt   7715:fVTDVT2O
OK: fVTDVT2O      ../OutputFiles/ASW_list/ASW_Label_list/list_label_asw.txt   7715:fVTDVT2O
OK: fVTDVT2L      ../OutputFiles/ASW_list/ASW_Label_list/list_label_asw.txt   7713:fVTDVT2L
OK: fVTDVT2L      ../OutputFiles/ASW_list/ASW_Label_list/list_label_asw.txt   7713:fVTDVT2L
OK: fVTDVT2H      ../OutputFiles/ASW_list/ASW_Label_list/list_label_asw.txt   7711:fVTDVT2H
OK: fVTDVT2H      ../OutputFiles/ASW_list/ASW_Label_list/list_label_asw.txt   7711:fVTDVT2H
OK: fVTDVT2R      ../OutputFiles/ASW_list/ASW_Label_list/list_label_asw.txt   7717:fVTDVT2R
OK: fVTDVT2R      ../OutputFiles/ASW_list/ASW_Label_list/list_label_asw.txt   7717:fVTDVT2R
OK: fVTDVC1O      ../OutputFiles/ASW_list/ASW_Label_list/list_label_asw.txt   7691:fVTDVC1O
OK: fVTDVC1O      ../OutputFiles/ASW_list/ASW_Label_list/list_label_asw.txt   7691:fVTDVC1O
OK: fVTDVC1L      ../OutputFiles/ASW_list/ASW_Label_list/list_label_asw.txt   7689:fVTDVC1L
OK: fVTDVC1L      ../OutputFiles/ASW_list/ASW_Label_list/list_label_asw.txt   7689:fVTDVC1L
OK: fVTDVC1H      ../OutputFiles/ASW_list/ASW_Label_list/list_label_asw.txt   7687:fVTDVC1H
OK: fVTDVC1H      ../OutputFiles/ASW_list/ASW_Label_list/list_label_asw.txt   7687:fVTDVC1H
OK: fVTDVC1R      ../OutputFiles/ASW_list/ASW_Label_list/list_label_asw.txt   7693:fVTDVC1R
OK: fVTDVC1R      ../OutputFiles/ASW_list/ASW_Label_list/list_label_asw.txt   7693:fVTDVC1R
OK: fVTDVC2O      ../OutputFiles/ASW_list/ASW_Label_list/list_label_asw.txt   7699:fVTDVC2O
OK: fVTDVC2O      ../OutputFiles/ASW_list/ASW_Label_list/list_label_asw.txt   7699:fVTDVC2O
OK: fVTDVC2L      ../OutputFiles/ASW_list/ASW_Label_list/list_label_asw.txt   7697:fVTDVC2L
OK: fVTDVC2L      ../OutputFiles/ASW_list/ASW_Label_list/list_label_asw.txt   7697:fVTDVC2L
OK: fVTDVC2H      ../OutputFiles/ASW_list/ASW_Label_list/list_label_asw.txt   7695:fVTDVC2H
OK: fVTDVC2H      ../OutputFiles/ASW_list/ASW_Label_list/list_label_asw.txt   7695:fVTDVC2H
OK: fVTDVC2R      ../OutputFiles/ASW_list/ASW_Label_list/list_label_asw.txt   7701:fVTDVC2R
OK: fVTDVC2R      ../OutputFiles/ASW_list/ASW_Label_list/list_label_asw.txt   7701:fVTDVC2R
OK: fVTPHSEO      ../OutputFiles/ASW_list/ASW_Label_list/list_label_asw.txt   7732:fVTPHSEO
OK: fVTPHSEO      ../OutputFiles/ASW_list/ASW_Label_list/list_label_asw.txt   7732:fVTPHSEO
OK: fVTPHSEN      ../OutputFiles/ASW_list/ASW_Label_list/list_label_asw.txt   7731:fVTPHSEN
OK: fVTPHSEN      ../OutputFiles/ASW_list/ASW_Label_list/list_label_asw.txt   7731:fVTPHSEN
OK: fVTPHSER      ../OutputFiles/ASW_list/ASW_Label_list/list_label_asw.txt   7733:fVTPHSER
OK: fVTPHSER      ../OutputFiles/ASW_list/ASW_Label_list/list_label_asw.txt   7733:fVTPHSER
OK: fVTPOSO      ../OutputFiles/ASW_list/ASW_Label_list/list_label_asw.txt   41707:fVTPOSO
OK: fVTPOSN      ../OutputFiles/ASW_list/ASW_Label_list/list_label_asw.txt   41706:fVTPOSN
OK: fVTPOSR      ../OutputFiles/ASW_list/ASW_Label_list/list_label_asw.txt   41708:fVTPOSR
OK: fVTCTSK      ../OutputFiles/ASW_list/ASW_Label_list/list_label_asw.txt   41676:fVTCTSK
OK: fVTCTIM      ../OutputFiles/ASW_list/ASW_Label_list/list_label_asw.txt   41675:fVTCTIM
OK: fVTCROM      ../OutputFiles/ASW_list/ASW_Label_list/list_label_asw.txt   41672:fVTCROM
OK: fVTCRAM      ../OutputFiles/ASW_list/ASW_Label_list/list_label_asw.txt   41669:fVTCRAM
OK: fVTCEEP      ../OutputFiles/ASW_list/ASW_Label_list/list_label_asw.txt   41637:fVTCEEP
OK: fVTCADP      ../OutputFiles/ASW_list/ASW_Label_list/list_label_asw.txt   41627:fVTCADP
OK: fVTACNG      ../OutputFiles/ASW_list/ASW_Label_list/list_label_asw.txt   41622:fVTACNG
OK: fVTMOTNG      ../OutputFiles/ASW_list/ASW_Label_list/list_label_asw.txt   7727:fVTMOTNG
OK: fVTMOTNG      ../OutputFiles/ASW_list/ASW_Label_list/list_label_asw.txt   7727:fVTMOTNG
OK: fOKCTSK      ../OutputFiles/ASW_list/ASW_Label_list/list_label_asw.txt   39695:fOKCTSK
OK: fOKCTIM      ../OutputFiles/ASW_list/ASW_Label_list/list_label_asw.txt   39694:fOKCTIM
OK: fOKCROM      ../OutputFiles/ASW_list/ASW_Label_list/list_label_asw.txt   39693:fOKCROM
OK: fOKCRAM      ../OutputFiles/ASW_list/ASW_Label_list/list_label_asw.txt   39692:fOKCRAM
OK: fOKCEEP      ../OutputFiles/ASW_list/ASW_Label_list/list_label_asw.txt   39690:fOKCEEP
OK: fOKCADP      ../OutputFiles/ASW_list/ASW_Label_list/list_label_asw.txt   39689:fOKCADP
OK: fOKACNG      ../OutputFiles/ASW_list/ASW_Label_list/list_label_asw.txt   39688:fOKACNG
OK: fOKMOTNG      ../OutputFiles/ASW_list/ASW_Label_list/list_label_asw.txt   7294:fOKMOTNG
OK: fOKMOTNG      ../OutputFiles/ASW_list/ASW_Label_list/list_label_asw.txt   7294:fOKMOTNG
OK: fOKPOSO      ../OutputFiles/ASW_list/ASW_Label_list/list_label_asw.txt   39698:fOKPOSO
OK: fOKPOSN      ../OutputFiles/ASW_list/ASW_Label_list/list_label_asw.txt   39697:fOKPOSN
OK: fOKPOSR      ../OutputFiles/ASW_list/ASW_Label_list/list_label_asw.txt   39699:fOKPOSR
OK: fOKACTPO      ../OutputFiles/ASW_list/ASW_Label_list/list_label_asw.txt   7271:fOKACTPO
OK: fOKACTPO      ../OutputFiles/ASW_list/ASW_Label_list/list_label_asw.txt   7271:fOKACTPO
OK: fOKACTPL      ../OutputFiles/ASW_list/ASW_Label_list/list_label_asw.txt   7270:fOKACTPL
OK: fOKACTPL      ../OutputFiles/ASW_list/ASW_Label_list/list_label_asw.txt   7270:fOKACTPL
OK: fOKACTPH      ../OutputFiles/ASW_list/ASW_Label_list/list_label_asw.txt   7269:fOKACTPH
OK: fOKACTPH      ../OutputFiles/ASW_list/ASW_Label_list/list_label_asw.txt   7269:fOKACTPH
OK: fOKACTPR      ../OutputFiles/ASW_list/ASW_Label_list/list_label_asw.txt   7272:fOKACTPR
OK: fOKACTPR      ../OutputFiles/ASW_list/ASW_Label_list/list_label_asw.txt   7272:fOKACTPR
OK: fOKACTTO      ../OutputFiles/ASW_list/ASW_Label_list/list_label_asw.txt   7275:fOKACTTO
OK: fOKACTTO      ../OutputFiles/ASW_list/ASW_Label_list/list_label_asw.txt   7275:fOKACTTO
OK: fOKACTTL      ../OutputFiles/ASW_list/ASW_Label_list/list_label_asw.txt   7274:fOKACTTL
OK: fOKACTTL      ../OutputFiles/ASW_list/ASW_Label_list/list_label_asw.txt   7274:fOKACTTL
OK: fOKACTTH      ../OutputFiles/ASW_list/ASW_Label_list/list_label_asw.txt   7273:fOKACTTH
OK: fOKACTTH      ../OutputFiles/ASW_list/ASW_Label_list/list_label_asw.txt   7273:fOKACTTH
OK: fOKACTTR      ../OutputFiles/ASW_list/ASW_Label_list/list_label_asw.txt   7276:fOKACTTR
OK: fOKACTTR      ../OutputFiles/ASW_list/ASW_Label_list/list_label_asw.txt   7276:fOKACTTR
OK: fOKDVT1O      ../OutputFiles/ASW_list/ASW_Label_list/list_label_asw.txt   7288:fOKDVT1O
OK: fOKDVT1O      ../OutputFiles/ASW_list/ASW_Label_list/list_label_asw.txt   7288:fOKDVT1O
OK: fOKDVT1L      ../OutputFiles/ASW_list/ASW_Label_list/list_label_asw.txt   7287:fOKDVT1L
OK: fOKDVT1L      ../OutputFiles/ASW_list/ASW_Label_list/list_label_asw.txt   7287:fOKDVT1L
OK: fOKDVT1H      ../OutputFiles/ASW_list/ASW_Label_list/list_label_asw.txt   7286:fOKDVT1H
OK: fOKDVT1H      ../OutputFiles/ASW_list/ASW_Label_list/list_label_asw.txt   7286:fOKDVT1H
OK: fOKDVT1R      ../OutputFiles/ASW_list/ASW_Label_list/list_label_asw.txt   7289:fOKDVT1R
OK: fOKDVT1R      ../OutputFiles/ASW_list/ASW_Label_list/list_label_asw.txt   7289:fOKDVT1R
OK: fOKDVT2O      ../OutputFiles/ASW_list/ASW_Label_list/list_label_asw.txt   7292:fOKDVT2O
OK: fOKDVT2O      ../OutputFiles/ASW_list/ASW_Label_list/list_label_asw.txt   7292:fOKDVT2O
OK: fOKDVT2L      ../OutputFiles/ASW_list/ASW_Label_list/list_label_asw.txt   7291:fOKDVT2L
OK: fOKDVT2L      ../OutputFiles/ASW_list/ASW_Label_list/list_label_asw.txt   7291:fOKDVT2L
OK: fOKDVT2H      ../OutputFiles/ASW_list/ASW_Label_list/list_label_asw.txt   7290:fOKDVT2H
OK: fOKDVT2H      ../OutputFiles/ASW_list/ASW_Label_list/list_label_asw.txt   7290:fOKDVT2H
OK: fOKDVT2R      ../OutputFiles/ASW_list/ASW_Label_list/list_label_asw.txt   7293:fOKDVT2R
OK: fOKDVT2R      ../OutputFiles/ASW_list/ASW_Label_list/list_label_asw.txt   7293:fOKDVT2R
OK: fOKDVC1O      ../OutputFiles/ASW_list/ASW_Label_list/list_label_asw.txt   7280:fOKDVC1O
OK: fOKDVC1O      ../OutputFiles/ASW_list/ASW_Label_list/list_label_asw.txt   7280:fOKDVC1O
OK: fOKDVC1L      ../OutputFiles/ASW_list/ASW_Label_list/list_label_asw.txt   7279:fOKDVC1L
OK: fOKDVC1L      ../OutputFiles/ASW_list/ASW_Label_list/list_label_asw.txt   7279:fOKDVC1L
OK: fOKDVC1H      ../OutputFiles/ASW_list/ASW_Label_list/list_label_asw.txt   7278:fOKDVC1H
OK: fOKDVC1H      ../OutputFiles/ASW_list/ASW_Label_list/list_label_asw.txt   7278:fOKDVC1H
OK: fOKDVC1R      ../OutputFiles/ASW_list/ASW_Label_list/list_label_asw.txt   7281:fOKDVC1R
OK: fOKDVC1R      ../OutputFiles/ASW_list/ASW_Label_list/list_label_asw.txt   7281:fOKDVC1R
OK: fOKDVC2O      ../OutputFiles/ASW_list/ASW_Label_list/list_label_asw.txt   7284:fOKDVC2O
OK: fOKDVC2O      ../OutputFiles/ASW_list/ASW_Label_list/list_label_asw.txt   7284:fOKDVC2O
OK: fOKDVC2L      ../OutputFiles/ASW_list/ASW_Label_list/list_label_asw.txt   7283:fOKDVC2L
OK: fOKDVC2L      ../OutputFiles/ASW_list/ASW_Label_list/list_label_asw.txt   7283:fOKDVC2L
OK: fOKDVC2H      ../OutputFiles/ASW_list/ASW_Label_list/list_label_asw.txt   7282:fOKDVC2H
OK: fOKDVC2H      ../OutputFiles/ASW_list/ASW_Label_list/list_label_asw.txt   7282:fOKDVC2H
OK: fOKDVC2R      ../OutputFiles/ASW_list/ASW_Label_list/list_label_asw.txt   7285:fOKDVC2R
OK: fOKDVC2R      ../OutputFiles/ASW_list/ASW_Label_list/list_label_asw.txt   7285:fOKDVC2R
OK: fOKPHSEO      ../OutputFiles/ASW_list/ASW_Label_list/list_label_asw.txt   7296:fOKPHSEO
OK: fOKPHSEO      ../OutputFiles/ASW_list/ASW_Label_list/list_label_asw.txt   7296:fOKPHSEO
OK: fOKPHSEN      ../OutputFiles/ASW_list/ASW_Label_list/list_label_asw.txt   7295:fOKPHSEN
OK: fOKPHSEN      ../OutputFiles/ASW_list/ASW_Label_list/list_label_asw.txt   7295:fOKPHSEN
OK: fOKPHSER      ../OutputFiles/ASW_list/ASW_Label_list/list_label_asw.txt   7297:fOKPHSER
OK: fOKPHSER      ../OutputFiles/ASW_list/ASW_Label_list/list_label_asw.txt   7297:fOKPHSER
OK: vEVTCCVNA      ../OutputFiles/ASW_list/ASW_Label_list/list_label_asw.txt   13257:vEVTCCVNA
OK: vEVTCUNOA      ../OutputFiles/ASW_list/ASW_Label_list/list_label_asw.txt   13258:vEVTCUNOA
OK: fFSTO      ../OutputFiles/ASW_list/ASW_Label_list/list_label_asw.txt   38241:fFSTO
OK: fTAN_NAVL      ../OutputFiles/ASW_list/ASW_Label_list/list_label_asw.txt   40668:fTAN_NAVL
OK: fVEHICLESPEEDDISPINKMH_VLD      ../OutputFiles/ASW_list/ASW_Label_list/list_label_asw.txt   41512:fVEHICLESPEEDDISPINKMH_VLD
OK: fVEHICLESPEEDDISPINMPH_VLD      ../OutputFiles/ASW_list/ASW_Label_list/list_label_asw.txt   41513:fVEHICLESPEEDDISPINMPH_VLD
OK: fICE_ATMOSPHERICPRESSUREVLD      ../OutputFiles/ASW_list/ASW_Label_list/list_label_asw.txt   38696:fICE_ATMOSPHERICPRESSUREVLD
OK: fRQWHLTRQAFTPROC_CALC_NG      ../OutputFiles/ASW_list/ASW_Label_list/list_label_asw.txt   40210:fRQWHLTRQAFTPROC_CALC_NG
OK: fECM_ESTPWTWHTRQ_CALC_NG      ../OutputFiles/ASW_list/ASW_Label_list/list_label_asw.txt   37317:fECM_ESTPWTWHTRQ_CALC_NG
OK: fATTRQNG2      ../OutputFiles/ASW_list/ASW_Label_list/list_label_asw.txt   34185:fATTRQNG2
NG: fTFSTW
OK: fDRIVERWHLTRQREQ_CALC_NG      ../OutputFiles/ASW_list/ASW_Label_list/list_label_asw.txt   37256:fDRIVERWHLTRQREQ_CALC_NG
OK: fMAXINSTWHLTRQ_CALC_NG      ../OutputFiles/ASW_list/ASW_Label_list/list_label_asw.txt   39272:fMAXINSTWHLTRQ_CALC_NG
OK: fMINPWTWHLTRQ_CALC_NG      ../OutputFiles/ASW_list/ASW_Label_list/list_label_asw.txt   39489:fMINPWTWHLTRQ_CALC_NG
OK: fCAN_BAT_VOL_PWT_INV      ../OutputFiles/ASW_list/ASW_Label_list/list_label_asw.txt   35343:fCAN_BAT_VOL_PWT_INV
OK: fCAN_DIS_TOTAL_PWT_INV      ../OutputFiles/ASW_list/ASW_Label_list/list_label_asw.txt   35356:fCAN_DIS_TOTAL_PWT_INV
OK: fCAN_GADE_PWT_INV      ../OutputFiles/ASW_list/ASW_Label_list/list_label_asw.txt   35369:fCAN_GADE_PWT_INV
OK: fMO_CM_CRCNG_477      ../OutputFiles/ASW_list/ASW_Label_list/list_label_asw.txt   43124:fMO_CM_CRCNG_477
OK: fMO_CM_CRCNG_453      ../OutputFiles/ASW_list/ASW_Label_list/list_label_asw.txt   43123:fMO_CM_CRCNG_453
OK: fMO_CM_CRCNG_28A_COMC      ../OutputFiles/ASW_list/ASW_Label_list/list_label_asw.txt   43122:fMO_CM_CRCNG_28A_COMC
OK: fMO_CM_CRCNG_107_COMC      ../OutputFiles/ASW_list/ASW_Label_list/list_label_asw.txt   43112:fMO_CM_CRCNG_107_COMC
OK: fMO_CM_CRCNG_1C6_COMC      ../OutputFiles/ASW_list/ASW_Label_list/list_label_asw.txt   43117:fMO_CM_CRCNG_1C6_COMC
OK: fMO_CM_CRCNG_203_COMC      ../OutputFiles/ASW_list/ASW_Label_list/list_label_asw.txt   43119:fMO_CM_CRCNG_203_COMC
OK: fCRCNG_12A_COMC      ../OutputFiles/ASW_list/ASW_Label_list/list_label_asw.txt   35726:fCRCNG_12A_COMC
OK: fCRCNG_0B8_COMC      ../OutputFiles/ASW_list/ASW_Label_list/list_label_asw.txt   35710:fCRCNG_0B8_COMC
OK: fCRCNG_0B9_COMC      ../OutputFiles/ASW_list/ASW_Label_list/list_label_asw.txt   35712:fCRCNG_0B9_COMC
OK: fCRCNG_2D2_COMC      ../OutputFiles/ASW_list/ASW_Label_list/list_label_asw.txt   35754:fCRCNG_2D2_COMC
OK: fCRCNG_3B0_COMC      ../OutputFiles/ASW_list/ASW_Label_list/list_label_asw.txt   35760:fCRCNG_3B0_COMC
OK: fCRCNG_477_COMC      ../OutputFiles/ASW_list/ASW_Label_list/list_label_asw.txt   35768:fCRCNG_477_COMC
OK: fCRCNG_47A_COMC      ../OutputFiles/ASW_list/ASW_Label_list/list_label_asw.txt   35770:fCRCNG_47A_COMC
OK: fCRCNG_456_COMC      ../OutputFiles/ASW_list/ASW_Label_list/list_label_asw.txt   35766:fCRCNG_456_COMC
OK: fCRCNG_062_COMC      ../OutputFiles/ASW_list/ASW_Label_list/list_label_asw.txt   35692:fCRCNG_062_COMC
OK: fCRCNG_453_COMC      ../OutputFiles/ASW_list/ASW_Label_list/list_label_asw.txt   35762:fCRCNG_453_COMC
OK: fCRCNG_202_COMC      ../OutputFiles/ASW_list/ASW_Label_list/list_label_asw.txt   35745:fCRCNG_202_COMC
OK: fCRCNG_28A_COMC      ../OutputFiles/ASW_list/ASW_Label_list/list_label_asw.txt   35750:fCRCNG_28A_COMC
OK: fCRCNG_0FF_COMC      ../OutputFiles/ASW_list/ASW_Label_list/list_label_asw.txt   35716:fCRCNG_0FF_COMC
OK: fCRCNG_0AB_COMC      ../OutputFiles/ASW_list/ASW_Label_list/list_label_asw.txt   35704:fCRCNG_0AB_COMC
OK: fCRCNG_09F_COMC      ../OutputFiles/ASW_list/ASW_Label_list/list_label_asw.txt   35694:fCRCNG_09F_COMC
OK: fCRCNG_107_COMC      ../OutputFiles/ASW_list/ASW_Label_list/list_label_asw.txt   35720:fCRCNG_107_COMC
OK: fCRCNG_12F_COMC      ../OutputFiles/ASW_list/ASW_Label_list/list_label_asw.txt   35728:fCRCNG_12F_COMC
OK: fCRCNG_158_COMC      ../OutputFiles/ASW_list/ASW_Label_list/list_label_asw.txt   35733:fCRCNG_158_COMC
OK: fCRCNG_104_COMC      ../OutputFiles/ASW_list/ASW_Label_list/list_label_asw.txt   35718:fCRCNG_104_COMC
OK: fCRCNG_203_COMC      ../OutputFiles/ASW_list/ASW_Label_list/list_label_asw.txt   35747:fCRCNG_203_COMC
OK: fCRCNG_1FF_COMC      ../OutputFiles/ASW_list/ASW_Label_list/list_label_asw.txt   35743:fCRCNG_1FF_COMC
OK: fCRCNG_455_COMC      ../OutputFiles/ASW_list/ASW_Label_list/list_label_asw.txt   35764:fCRCNG_455_COMC
OK: fCRCNG_11F_COMC      ../OutputFiles/ASW_list/ASW_Label_list/list_label_asw.txt   35724:fCRCNG_11F_COMC
OK: fCRCNG_15F_COMC      ../OutputFiles/ASW_list/ASW_Label_list/list_label_asw.txt   35735:fCRCNG_15F_COMC
OK: fCRCNG_137_COMC      ../OutputFiles/ASW_list/ASW_Label_list/list_label_asw.txt   35731:fCRCNG_137_COMC
OK: fTXENABLE_36E_100ms      ../OutputFiles/ASW_list/ASW_Label_list/list_label_asw.txt   40917:fTXENABLE_36E_100ms
OK: fTXENABLE_36E_100ms      ../OutputFiles/ASW_list/ASW_Label_list/list_label_asw.txt   40917:fTXENABLE_36E_100ms
OK: fTXENABLE_36E_100ms      ../OutputFiles/ASW_list/ASW_Label_list/list_label_asw.txt   40917:fTXENABLE_36E_100ms
OK: fVBX_SIGMA_ECM_CAN_TRG_FRM      ../OutputFiles/ASW_list/ASW_Label_list/list_label_asw.txt   41353:fVBX_SIGMA_ECM_CAN_TRG_FRM
OK: fVBX_SIGMA_ECM_CAN_TRG_FRM      ../OutputFiles/ASW_list/ASW_Label_list/list_label_asw.txt   41353:fVBX_SIGMA_ECM_CAN_TRG_FRM
OK: fTXENABLE_448      ../OutputFiles/ASW_list/ASW_Label_list/list_label_asw.txt   40918:fTXENABLE_448
